[2025-11-13 22:59:24.269] Connecting to 172.16.10.23:22...
[2025-11-13 22:59:24.294] Connecting to 172.16.10.23:22...
[2025-11-13 22:59:24.306] Connecting to 172.16.10.23:22...
[2025-11-13 22:59:25.154] Connected to 172.16.10.23:22
[2025-11-13 22:59:25.154] Creating shell stream with ANSI filtering
[2025-11-13 22:59:25.160] Connected to 172.16.10.23:22
[2025-11-13 22:59:25.160] Creating shell stream with ANSI filtering
[2025-11-13 22:59:25.217] SSHClient Message: Waiting for shell initialization (2000ms)
[2025-11-13 22:59:25.222] SSHClient Message: Waiting for shell initialization (2000ms)
[2025-11-13 22:59:25.233] Connecting to 172.16.10.23:22...
[2025-11-13 22:59:26.051] Connected to 172.16.10.23:22
[2025-11-13 22:59:26.051] Creating shell stream with ANSI filtering
[2025-11-13 22:59:26.125] SSHClient Message: Waiting for shell initialization (2000ms)
[2025-11-13 22:59:27.220] WARNING: No prompt pattern or expect prompt defined. Shell commands may not work correctly!
[2025-11-13 22:59:27.220] Attempting to auto-detect command prompt with ANSI filtering...
[2025-11-13 22:59:27.220] Sending single newline to trigger prompt
[2025-11-13 22:59:27.232] WARNING: No prompt pattern or expect prompt defined. Shell commands may not work correctly!
[2025-11-13 22:59:27.232] WARNING: No prompt pattern or expect prompt defined. Shell commands may not work correctly!
[2025-11-13 22:59:27.232] Attempting to auto-detect command prompt with ANSI filtering...
[2025-11-13 22:59:27.232] Attempting to auto-detect command prompt with ANSI filtering...
[2025-11-13 22:59:27.232] Sending single newline to trigger prompt
[2025-11-13 22:59:27.232] Sending single newline to trigger prompt
[2025-11-13 22:59:28.127] WARNING: No prompt pattern or expect prompt defined. Shell commands may not work correctly!
[2025-11-13 22:59:28.127] Attempting to auto-detect command prompt with ANSI filtering...
[2025-11-13 22:59:28.127] Sending single newline to trigger prompt
[2025-11-13 22:59:31.043] Connecting to 172.16.10.23:22...
[2025-11-13 22:59:32.323] Connected to 172.16.10.23:22
[2025-11-13 22:59:32.323] Creating shell stream with ANSI filtering
[2025-11-13 22:59:32.410] SSHClient Message: Waiting for shell initialization (2000ms)
[2025-11-13 22:59:33.245] Detected prompt: 'usa-leaf-3#'
[2025-11-13 22:59:33.245] Expect prompt set to: 'usa-leaf-3#'
[2025-11-13 22:59:33.245] SSHClient Message: Executing command: 'terminal length 0,show mac address-table,,'
[2025-11-13 22:59:33.245] Using shell mode for command execution with ANSI filtering
[2025-11-13 22:59:33.245] Sending command 1/4: 'terminal length 0'
[2025-11-13 22:59:33.245] Waiting between sub-commands: 1s
[2025-11-13 22:59:33.261] Detected prompt: 'usa-leaf-3#'
[2025-11-13 22:59:33.261] Detected prompt: 'usa-leaf-3#'
[2025-11-13 22:59:33.262] Expect prompt set to: 'usa-leaf-3#'
[2025-11-13 22:59:33.262] SSHClient Message: Executing command: 'terminal length 0,show ip arp,,'
[2025-11-13 22:59:33.262] SSHClient Message: Executing command: 'terminal length 0,show running-config,,'
[2025-11-13 22:59:33.262] Using shell mode for command execution with ANSI filtering
[2025-11-13 22:59:33.262] Using shell mode for command execution with ANSI filtering
[2025-11-13 22:59:33.262] Sending command 1/4: 'terminal length 0'
[2025-11-13 22:59:33.262] Sending command 1/4: 'terminal length 0'
[2025-11-13 22:59:33.262] Waiting between sub-commands: 1s
[2025-11-13 22:59:33.262] Waiting between sub-commands: 1s
[2025-11-13 22:59:34.151] Detected prompt: 'usa-leaf-3#'
[2025-11-13 22:59:34.151] Expect prompt set to: 'usa-leaf-3#'
[2025-11-13 22:59:34.151] SSHClient Message: Executing command: 'terminal length 0,show ip arp,,'
[2025-11-13 22:59:34.151] Using shell mode for command execution with ANSI filtering
[2025-11-13 22:59:34.151] Sending command 1/4: 'terminal length 0'
[2025-11-13 22:59:34.151] Waiting between sub-commands: 1s
[2025-11-13 22:59:34.252] Sending command 2/4: 'show mac address-table'
[2025-11-13 22:59:34.252] Waiting between sub-commands: 1s
[2025-11-13 22:59:34.265] Sending command 2/4: 'show running-config'
[2025-11-13 22:59:34.265] Waiting between sub-commands: 1s
[2025-11-13 22:59:34.265] Waiting between sub-commands: 1s
[2025-11-13 22:59:34.421] WARNING: No prompt pattern or expect prompt defined. Shell commands may not work correctly!
[2025-11-13 22:59:34.424] Attempting to auto-detect command prompt with ANSI filtering...
[2025-11-13 22:59:34.424] Sending single newline to trigger prompt
[2025-11-13 22:59:35.154] Sending command 2/4: 'show ip arp'
[2025-11-13 22:59:35.154] Waiting between sub-commands: 1s
[2025-11-13 22:59:35.253] Sending newline command 3/4
[2025-11-13 22:59:35.253] Sending newline command 3/4
[2025-11-13 22:59:35.253] Waiting between sub-commands: 1s
[2025-11-13 22:59:35.268] Sending newline command 3/4
[2025-11-13 22:59:35.268] Sending newline command 3/4
[2025-11-13 22:59:35.268] Sending newline command 3/4
[2025-11-13 22:59:35.268] Sending newline command 3/4
[2025-11-13 22:59:35.269] Waiting between sub-commands: 1s
[2025-11-13 22:59:35.269] Waiting between sub-commands: 1s
[2025-11-13 22:59:36.155] Sending newline command 3/4
[2025-11-13 22:59:36.155] Sending newline command 3/4
[2025-11-13 22:59:36.155] Waiting between sub-commands: 1s
[2025-11-13 22:59:36.256] Sending newline command 4/4
[2025-11-13 22:59:36.256] Sending newline command 4/4
[2025-11-13 22:59:36.256] Monitoring for EXACTLY 3 occurrences of: 'usa-leaf-3#'
[2025-11-13 22:59:36.256] PROMPT DETECTED: 4/3
[2025-11-13 22:59:36.256] TARGET REACHED: 4 prompts detected. STOPPING NOW.
[2025-11-13 22:59:36.256] SUCCESS: Command execution completed with 4/3 prompts
[2025-11-13 22:59:36.256] Shell command execution completed
[2025-11-13 22:59:36.256] Total shell command execution time: 3010.63ms
[2025-11-13 22:59:36.256] SSHClient Message: Waiting between commands: 1s
[2025-11-13 22:59:36.271] Sending newline command 4/4
[2025-11-13 22:59:36.271] Sending newline command 4/4
[2025-11-13 22:59:36.271] Sending newline command 4/4
[2025-11-13 22:59:36.271] Monitoring for EXACTLY 3 occurrences of: 'usa-leaf-3#'
[2025-11-13 22:59:36.275] Monitoring for EXACTLY 3 occurrences of: 'usa-leaf-3#'
[2025-11-13 22:59:36.275] PROMPT DETECTED: 1/3
[2025-11-13 22:59:36.275] PROMPT DETECTED: 4/3
[2025-11-13 22:59:36.275] TARGET REACHED: 4 prompts detected. STOPPING NOW.
[2025-11-13 22:59:36.275] SUCCESS: Command execution completed with 4/3 prompts
[2025-11-13 22:59:36.275] Shell command execution completed
[2025-11-13 22:59:36.275] Total shell command execution time: 3012.48ms
[2025-11-13 22:59:36.280] SSHClient Message: Waiting between commands: 1s
[2025-11-13 22:59:37.157] Sending newline command 4/4
[2025-11-13 22:59:37.157] Sending newline command 4/4
[2025-11-13 22:59:37.157] Monitoring for EXACTLY 3 occurrences of: 'usa-leaf-3#'
[2025-11-13 22:59:37.157] PROMPT DETECTED: 4/3
[2025-11-13 22:59:37.157] TARGET REACHED: 4 prompts detected. STOPPING NOW.
[2025-11-13 22:59:37.157] SUCCESS: Command execution completed with 4/3 prompts
[2025-11-13 22:59:37.159] Shell command execution completed
[2025-11-13 22:59:37.159] Total shell command execution time: 3008.40ms
[2025-11-13 22:59:37.159] SSHClient Message: Waiting between commands: 1s
[2025-11-13 22:59:37.261] SSHClient Message: Command execution completed in 4016.44ms
[2025-11-13 22:59:37.261] Disconnecting from device
[2025-11-13 22:59:37.261] Successfully disconnected
[2025-11-13 22:59:37.282] SSHClient Message: Command execution completed in 4019.70ms
[2025-11-13 22:59:37.282] Disconnecting from device
[2025-11-13 22:59:37.282] Successfully disconnected
[2025-11-13 22:59:37.480] PROMPT DETECTED: 6/3
[2025-11-13 22:59:37.480] TARGET REACHED: 6 prompts detected. STOPPING NOW.
[2025-11-13 22:59:37.481] SUCCESS: Command execution completed with 6/3 prompts
[2025-11-13 22:59:37.482] Shell command execution completed
[2025-11-13 22:59:37.482] Total shell command execution time: 4219.53ms
[2025-11-13 22:59:37.482] SSHClient Message: Waiting between commands: 1s
[2025-11-13 22:59:38.161] SSHClient Message: Command execution completed in 4009.47ms
[2025-11-13 22:59:38.161] Disconnecting from device
[2025-11-13 22:59:38.161] Successfully disconnected
[2025-11-13 22:59:38.483] SSHClient Message: Command execution completed in 5221.03ms
[2025-11-13 22:59:38.483] Disconnecting from device
[2025-11-13 22:59:38.483] Successfully disconnected
[2025-11-13 22:59:40.440] Detected prompt: 'usa-leaf-3#'
[2025-11-13 22:59:40.440] Expect prompt set to: 'usa-leaf-3#'
[2025-11-13 22:59:40.440] SSHClient Message: Executing command: 'enable,terminal length 0,show running-config,,'
[2025-11-13 22:59:40.440] Using shell mode for command execution with ANSI filtering
[2025-11-13 22:59:40.440] Sending command 1/5: 'enable'
[2025-11-13 22:59:40.440] Waiting between sub-commands: 1s
[2025-11-13 22:59:41.443] Sending command 2/5: 'terminal length 0'
[2025-11-13 22:59:41.443] Waiting between sub-commands: 1s
[2025-11-13 22:59:42.444] Sending command 3/5: 'show running-config'
[2025-11-13 22:59:42.444] Waiting between sub-commands: 1s
[2025-11-13 22:59:43.446] Sending newline command 4/5
[2025-11-13 22:59:43.446] Sending newline command 4/5
[2025-11-13 22:59:43.446] Waiting between sub-commands: 1s
[2025-11-13 22:59:44.447] Sending newline command 5/5
[2025-11-13 22:59:44.447] Sending newline command 5/5
[2025-11-13 22:59:44.448] Monitoring for EXACTLY 4 occurrences of: 'usa-leaf-3#'
[2025-11-13 22:59:44.448] PROMPT DETECTED: 5/4
[2025-11-13 22:59:44.448] TARGET REACHED: 5 prompts detected. STOPPING NOW.
[2025-11-13 22:59:44.448] SUCCESS: Command execution completed with 5/4 prompts
[2025-11-13 22:59:44.450] Shell command execution completed
[2025-11-13 22:59:44.450] Total shell command execution time: 4009.29ms
[2025-11-13 22:59:44.450] SSHClient Message: Waiting between commands: 1s
[2025-11-13 22:59:45.451] SSHClient Message: Command execution completed in 5010.77ms
[2025-11-13 22:59:45.451] Disconnecting from device
[2025-11-13 22:59:45.454] Successfully disconnected
[2025-11-13 23:01:23.726] Connecting to 172.16.10.23:22...
[2025-11-13 23:01:24.699] Connecting to 172.16.10.23:22...
[2025-11-13 23:01:24.739] Connected to 172.16.10.23:22
[2025-11-13 23:01:24.739] Creating shell stream with ANSI filtering
[2025-11-13 23:01:24.792] SSHClient Message: Waiting for shell initialization (2000ms)
[2025-11-13 23:01:25.320] Connecting to 172.16.10.23:22...
[2025-11-13 23:01:25.461] Connected to 172.16.10.23:22
[2025-11-13 23:01:25.461] Creating shell stream with ANSI filtering
[2025-11-13 23:01:25.523] SSHClient Message: Waiting for shell initialization (2000ms)
[2025-11-13 23:01:25.637] Connecting to 172.16.10.23:22...
[2025-11-13 23:01:26.382] Connected to 172.16.10.23:22
[2025-11-13 23:01:26.382] Creating shell stream with ANSI filtering
[2025-11-13 23:01:26.392] Connected to 172.16.10.23:22
[2025-11-13 23:01:26.392] Creating shell stream with ANSI filtering
[2025-11-13 23:01:26.434] SSHClient Message: Waiting for shell initialization (2000ms)
[2025-11-13 23:01:26.450] SSHClient Message: Waiting for shell initialization (2000ms)
[2025-11-13 23:01:26.805] WARNING: No prompt pattern or expect prompt defined. Shell commands may not work correctly!
[2025-11-13 23:01:26.805] Attempting to auto-detect command prompt with ANSI filtering...
[2025-11-13 23:01:26.807] Sending single newline to trigger prompt
[2025-11-13 23:01:27.526] WARNING: No prompt pattern or expect prompt defined. Shell commands may not work correctly!
[2025-11-13 23:01:27.526] Attempting to auto-detect command prompt with ANSI filtering...
[2025-11-13 23:01:27.526] Sending single newline to trigger prompt
[2025-11-13 23:01:28.446] WARNING: No prompt pattern or expect prompt defined. Shell commands may not work correctly!
[2025-11-13 23:01:28.446] Attempting to auto-detect command prompt with ANSI filtering...
[2025-11-13 23:01:28.448] Sending single newline to trigger prompt
[2025-11-13 23:01:28.455] WARNING: No prompt pattern or expect prompt defined. Shell commands may not work correctly!
[2025-11-13 23:01:28.455] Attempting to auto-detect command prompt with ANSI filtering...
[2025-11-13 23:01:28.455] Sending single newline to trigger prompt
[2025-11-13 23:01:32.831] Detected prompt: 'usa-leaf-3#'
[2025-11-13 23:01:32.832] Expect prompt set to: 'usa-leaf-3#'
[2025-11-13 23:01:32.832] SSHClient Message: Executing command: 'terminal length 0,show lldp neighbors detail,,'
[2025-11-13 23:01:32.832] Using shell mode for command execution with ANSI filtering
[2025-11-13 23:01:32.832] Sending command 1/4: 'terminal length 0'
[2025-11-13 23:01:32.832] Waiting between sub-commands: 1s
[2025-11-13 23:01:33.548] Detected prompt: 'usa-leaf-3#'
[2025-11-13 23:01:33.551] Expect prompt set to: 'usa-leaf-3#'
[2025-11-13 23:01:33.551] SSHClient Message: Executing command: 'terminal length 0,show lldp neighbors detail,,'
[2025-11-13 23:01:33.553] Using shell mode for command execution with ANSI filtering
[2025-11-13 23:01:33.553] Sending command 1/4: 'terminal length 0'
[2025-11-13 23:01:33.553] Waiting between sub-commands: 1s
[2025-11-13 23:01:33.835] Sending command 2/4: 'show lldp neighbors detail'
[2025-11-13 23:01:33.835] Waiting between sub-commands: 1s
[2025-11-13 23:01:34.471] Detected prompt: 'usa-leaf-3#'
[2025-11-13 23:01:34.471] Expect prompt set to: 'usa-leaf-3#'
[2025-11-13 23:01:34.471] SSHClient Message: Executing command: 'terminal length 0,show mac address-table,,'
[2025-11-13 23:01:34.471] Using shell mode for command execution with ANSI filtering
[2025-11-13 23:01:34.471] Sending command 1/4: 'terminal length 0'
[2025-11-13 23:01:34.471] Waiting between sub-commands: 1s
[2025-11-13 23:01:34.478] Detected prompt: 'usa-leaf-3#'
[2025-11-13 23:01:34.478] Expect prompt set to: 'usa-leaf-3#'
[2025-11-13 23:01:34.479] SSHClient Message: Executing command: 'terminal length 0,show version,,'
[2025-11-13 23:01:34.479] Using shell mode for command execution with ANSI filtering
[2025-11-13 23:01:34.479] Sending command 1/4: 'terminal length 0'
[2025-11-13 23:01:34.479] Waiting between sub-commands: 1s
[2025-11-13 23:01:34.555] Sending command 2/4: 'show lldp neighbors detail'
[2025-11-13 23:01:34.557] Waiting between sub-commands: 1s
[2025-11-13 23:01:34.837] Sending newline command 3/4
[2025-11-13 23:01:34.837] Sending newline command 3/4
[2025-11-13 23:01:34.837] Waiting between sub-commands: 1s
[2025-11-13 23:01:35.474] Sending command 2/4: 'show mac address-table'
[2025-11-13 23:01:35.474] Waiting between sub-commands: 1s
[2025-11-13 23:01:35.481] Sending command 2/4: 'show version'
[2025-11-13 23:01:35.481] Waiting between sub-commands: 1s
[2025-11-13 23:01:35.559] Sending newline command 3/4
[2025-11-13 23:01:35.559] Sending newline command 3/4
[2025-11-13 23:01:35.559] Waiting between sub-commands: 1s
[2025-11-13 23:01:35.583] Connecting to 172.16.10.23:22...
[2025-11-13 23:01:35.839] Sending newline command 4/4
[2025-11-13 23:01:35.840] Sending newline command 4/4
[2025-11-13 23:01:35.840] Monitoring for EXACTLY 3 occurrences of: 'usa-leaf-3#'
[2025-11-13 23:01:35.840] PROMPT DETECTED: 4/3
[2025-11-13 23:01:35.840] TARGET REACHED: 4 prompts detected. STOPPING NOW.
[2025-11-13 23:01:35.840] SUCCESS: Command execution completed with 4/3 prompts
[2025-11-13 23:01:35.842] Shell command execution completed
[2025-11-13 23:01:35.842] Total shell command execution time: 3009.85ms
[2025-11-13 23:01:35.842] SSHClient Message: Waiting between commands: 1s
[2025-11-13 23:01:36.366] Connected to 172.16.10.23:22
[2025-11-13 23:01:36.366] Creating shell stream with ANSI filtering
[2025-11-13 23:01:36.427] SSHClient Message: Waiting for shell initialization (2000ms)
[2025-11-13 23:01:36.475] Sending newline command 3/4
[2025-11-13 23:01:36.475] Sending newline command 3/4
[2025-11-13 23:01:36.475] Waiting between sub-commands: 1s
[2025-11-13 23:01:36.482] Sending newline command 3/4
[2025-11-13 23:01:36.482] Sending newline command 3/4
[2025-11-13 23:01:36.482] Waiting between sub-commands: 1s
[2025-11-13 23:01:36.560] Sending newline command 4/4
[2025-11-13 23:01:36.560] Sending newline command 4/4
[2025-11-13 23:01:36.560] Monitoring for EXACTLY 3 occurrences of: 'usa-leaf-3#'
[2025-11-13 23:01:36.560] PROMPT DETECTED: 4/3
[2025-11-13 23:01:36.560] TARGET REACHED: 4 prompts detected. STOPPING NOW.
[2025-11-13 23:01:36.562] SUCCESS: Command execution completed with 4/3 prompts
[2025-11-13 23:01:36.562] Shell command execution completed
[2025-11-13 23:01:36.562] Total shell command execution time: 3009.30ms
[2025-11-13 23:01:36.562] SSHClient Message: Waiting between commands: 1s
[2025-11-13 23:01:36.843] SSHClient Message: Command execution completed in 4011.37ms
[2025-11-13 23:01:36.843] Disconnecting from device
[2025-11-13 23:01:36.844] Successfully disconnected
[2025-11-13 23:01:37.476] Sending newline command 4/4
[2025-11-13 23:01:37.476] Sending newline command 4/4
[2025-11-13 23:01:37.476] Monitoring for EXACTLY 3 occurrences of: 'usa-leaf-3#'
[2025-11-13 23:01:37.476] PROMPT DETECTED: 4/3
[2025-11-13 23:01:37.476] TARGET REACHED: 4 prompts detected. STOPPING NOW.
[2025-11-13 23:01:37.478] SUCCESS: Command execution completed with 4/3 prompts
[2025-11-13 23:01:37.478] Shell command execution completed
[2025-11-13 23:01:37.478] Total shell command execution time: 3006.55ms
[2025-11-13 23:01:37.478] SSHClient Message: Waiting between commands: 1s
[2025-11-13 23:01:37.484] Sending newline command 4/4
[2025-11-13 23:01:37.484] Sending newline command 4/4
[2025-11-13 23:01:37.484] Monitoring for EXACTLY 3 occurrences of: 'usa-leaf-3#'
[2025-11-13 23:01:37.484] PROMPT DETECTED: 4/3
[2025-11-13 23:01:37.484] TARGET REACHED: 4 prompts detected. STOPPING NOW.
[2025-11-13 23:01:37.484] SUCCESS: Command execution completed with 4/3 prompts
[2025-11-13 23:01:37.486] Shell command execution completed
[2025-11-13 23:01:37.486] Total shell command execution time: 3006.65ms
[2025-11-13 23:01:37.486] SSHClient Message: Waiting between commands: 1s
[2025-11-13 23:01:37.564] SSHClient Message: Command execution completed in 4010.71ms
[2025-11-13 23:01:37.564] Disconnecting from device
[2025-11-13 23:01:37.564] Successfully disconnected
[2025-11-13 23:01:38.428] WARNING: No prompt pattern or expect prompt defined. Shell commands may not work correctly!
[2025-11-13 23:01:38.428] Attempting to auto-detect command prompt with ANSI filtering...
[2025-11-13 23:01:38.428] Sending single newline to trigger prompt
[2025-11-13 23:01:38.479] SSHClient Message: Command execution completed in 4007.97ms
[2025-11-13 23:01:38.479] Disconnecting from device
[2025-11-13 23:01:38.479] Successfully disconnected
[2025-11-13 23:01:38.487] SSHClient Message: Command execution completed in 4008.07ms
[2025-11-13 23:01:38.487] Disconnecting from device
[2025-11-13 23:01:38.487] Successfully disconnected
[2025-11-13 23:01:44.454] Detected prompt: 'usa-leaf-3#'
[2025-11-13 23:01:44.454] Expect prompt set to: 'usa-leaf-3#'
[2025-11-13 23:01:44.454] SSHClient Message: Executing command: 'terminal length 0,show version,,'
[2025-11-13 23:01:44.454] Using shell mode for command execution with ANSI filtering
[2025-11-13 23:01:44.454] Sending command 1/4: 'terminal length 0'
[2025-11-13 23:01:44.454] Waiting between sub-commands: 1s
[2025-11-13 23:01:45.463] Sending command 2/4: 'show version'
[2025-11-13 23:01:45.463] Waiting between sub-commands: 1s
[2025-11-13 23:01:46.464] Sending newline command 3/4
[2025-11-13 23:01:46.464] Sending newline command 3/4
[2025-11-13 23:01:46.464] Waiting between sub-commands: 1s
[2025-11-13 23:01:47.466] Sending newline command 4/4
[2025-11-13 23:01:47.466] Sending newline command 4/4
[2025-11-13 23:01:47.467] Monitoring for EXACTLY 3 occurrences of: 'usa-leaf-3#'
[2025-11-13 23:01:47.467] PROMPT DETECTED: 4/3
[2025-11-13 23:01:47.467] TARGET REACHED: 4 prompts detected. STOPPING NOW.
[2025-11-13 23:01:47.467] SUCCESS: Command execution completed with 4/3 prompts
[2025-11-13 23:01:47.467] Shell command execution completed
[2025-11-13 23:01:47.467] Total shell command execution time: 3013.46ms
[2025-11-13 23:01:47.467] SSHClient Message: Waiting between commands: 1s
[2025-11-13 23:01:48.470] SSHClient Message: Command execution completed in 4015.90ms
[2025-11-13 23:01:48.470] Disconnecting from device
[2025-11-13 23:01:48.470] Successfully disconnected
[2025-11-13 23:03:23.585] Connecting to 172.16.10.23:22...
[2025-11-13 23:03:24.445] Connected to 172.16.10.23:22
[2025-11-13 23:03:24.445] Creating shell stream with ANSI filtering
[2025-11-13 23:03:24.503] SSHClient Message: Waiting for shell initialization (2000ms)
[2025-11-13 23:03:26.509] WARNING: No prompt pattern or expect prompt defined. Shell commands may not work correctly!
[2025-11-13 23:03:26.509] Attempting to auto-detect command prompt with ANSI filtering...
[2025-11-13 23:03:26.509] Sending single newline to trigger prompt
[2025-11-13 23:03:30.177] Connecting to 172.16.10.23:22...
[2025-11-13 23:03:31.117] Connected to 172.16.10.23:22
[2025-11-13 23:03:31.117] Creating shell stream with ANSI filtering
[2025-11-13 23:03:31.170] SSHClient Message: Waiting for shell initialization (2000ms)
[2025-11-13 23:03:32.530] Detected prompt: 'usa-leaf-3#'
[2025-11-13 23:03:32.530] Expect prompt set to: 'usa-leaf-3#'
[2025-11-13 23:03:32.530] SSHClient Message: Executing command: 'terminal length 0,show inventory,,'
[2025-11-13 23:03:32.530] Using shell mode for command execution with ANSI filtering
[2025-11-13 23:03:32.530] Sending command 1/4: 'terminal length 0'
[2025-11-13 23:03:32.530] Waiting between sub-commands: 1s
[2025-11-13 23:03:33.180] WARNING: No prompt pattern or expect prompt defined. Shell commands may not work correctly!
[2025-11-13 23:03:33.180] Attempting to auto-detect command prompt with ANSI filtering...
[2025-11-13 23:03:33.180] Sending single newline to trigger prompt
[2025-11-13 23:03:33.534] Sending command 2/4: 'show inventory'
[2025-11-13 23:03:33.534] Waiting between sub-commands: 1s
[2025-11-13 23:03:34.535] Sending newline command 3/4
[2025-11-13 23:03:34.535] Sending newline command 3/4
[2025-11-13 23:03:34.535] Waiting between sub-commands: 1s
[2025-11-13 23:03:35.537] Sending newline command 4/4
[2025-11-13 23:03:35.537] Sending newline command 4/4
[2025-11-13 23:03:35.537] Monitoring for EXACTLY 3 occurrences of: 'usa-leaf-3#'
[2025-11-13 23:03:35.537] PROMPT DETECTED: 4/3
[2025-11-13 23:03:35.537] TARGET REACHED: 4 prompts detected. STOPPING NOW.
[2025-11-13 23:03:35.537] SUCCESS: Command execution completed with 4/3 prompts
[2025-11-13 23:03:35.537] Shell command execution completed
[2025-11-13 23:03:35.537] Total shell command execution time: 3006.78ms
[2025-11-13 23:03:35.543] SSHClient Message: Waiting between commands: 1s
[2025-11-13 23:03:36.544] SSHClient Message: Command execution completed in 4013.25ms
[2025-11-13 23:03:36.544] Disconnecting from device
[2025-11-13 23:03:36.544] Successfully disconnected
[2025-11-13 23:03:39.203] Detected prompt: 'usa-leaf-3#'
[2025-11-13 23:03:39.203] Expect prompt set to: 'usa-leaf-3#'
[2025-11-13 23:03:39.205] SSHClient Message: Executing command: 'enable,terminal length 0,show inventory,,'
[2025-11-13 23:03:39.205] Using shell mode for command execution with ANSI filtering
[2025-11-13 23:03:39.207] Sending command 1/5: 'enable'
[2025-11-13 23:03:39.207] Waiting between sub-commands: 1s
[2025-11-13 23:03:40.208] Sending command 2/5: 'terminal length 0'
[2025-11-13 23:03:40.210] Waiting between sub-commands: 1s
[2025-11-13 23:03:41.212] Sending command 3/5: 'show inventory'
[2025-11-13 23:03:41.212] Waiting between sub-commands: 1s
[2025-11-13 23:03:42.214] Sending newline command 4/5
[2025-11-13 23:03:42.214] Sending newline command 4/5
[2025-11-13 23:03:42.214] Waiting between sub-commands: 1s
[2025-11-13 23:03:43.220] Sending newline command 5/5
[2025-11-13 23:03:43.220] Sending newline command 5/5
[2025-11-13 23:03:43.220] Monitoring for EXACTLY 4 occurrences of: 'usa-leaf-3#'
[2025-11-13 23:03:43.220] PROMPT DETECTED: 5/4
[2025-11-13 23:03:43.220] TARGET REACHED: 5 prompts detected. STOPPING NOW.
[2025-11-13 23:03:43.220] SUCCESS: Command execution completed with 5/4 prompts
[2025-11-13 23:03:43.220] Shell command execution completed
[2025-11-13 23:03:43.220] Total shell command execution time: 4012.35ms
[2025-11-13 23:03:43.220] SSHClient Message: Waiting between commands: 1s
[2025-11-13 23:03:44.225] SSHClient Message: Command execution completed in 5019.41ms
[2025-11-13 23:03:44.225] Disconnecting from device
[2025-11-13 23:03:44.225] Successfully disconnected
[2025-11-23 18:18:25.917] Connecting to 172.16.10.23:22...
[2025-11-23 18:18:26.209] Connecting to 172.16.10.23:22...
[2025-11-23 18:18:26.756] Connected to 172.16.10.23:22
[2025-11-23 18:18:26.756] Creating shell stream with ANSI filtering
[2025-11-23 18:18:26.820] SSHClient Message: Waiting for shell initialization (2000ms)
[2025-11-23 18:18:27.370] Connecting to 172.16.10.23:22...
[2025-11-23 18:18:27.482] Connected to 172.16.10.23:22
[2025-11-23 18:18:27.482] Creating shell stream with ANSI filtering
[2025-11-23 18:18:27.545] SSHClient Message: Waiting for shell initialization (2000ms)
[2025-11-23 18:18:28.296] Connected to 172.16.10.23:22
[2025-11-23 18:18:28.296] Creating shell stream with ANSI filtering
[2025-11-23 18:18:28.345] SSHClient Message: Waiting for shell initialization (2000ms)
[2025-11-23 18:18:28.662] Connecting to 172.16.10.23:22...
[2025-11-23 18:18:28.829] WARNING: No prompt pattern or expect prompt defined. Shell commands may not work correctly!
[2025-11-23 18:18:28.831] Attempting to auto-detect command prompt with ANSI filtering...
[2025-11-23 18:18:28.833] Sending single newline to trigger prompt
[2025-11-23 18:18:29.554] WARNING: No prompt pattern or expect prompt defined. Shell commands may not work correctly!
[2025-11-23 18:18:29.554] Attempting to auto-detect command prompt with ANSI filtering...
[2025-11-23 18:18:29.554] Sending single newline to trigger prompt
[2025-11-23 18:18:29.649] Connected to 172.16.10.23:22
[2025-11-23 18:18:29.649] Creating shell stream with ANSI filtering
[2025-11-23 18:18:29.716] SSHClient Message: Waiting for shell initialization (2000ms)
[2025-11-23 18:18:30.360] WARNING: No prompt pattern or expect prompt defined. Shell commands may not work correctly!
[2025-11-23 18:18:30.360] Attempting to auto-detect command prompt with ANSI filtering...
[2025-11-23 18:18:30.360] Sending single newline to trigger prompt
[2025-11-23 18:18:31.720] WARNING: No prompt pattern or expect prompt defined. Shell commands may not work correctly!
[2025-11-23 18:18:31.723] Attempting to auto-detect command prompt with ANSI filtering...
[2025-11-23 18:18:31.723] Sending single newline to trigger prompt
[2025-11-23 18:18:32.724] Connecting to 172.16.10.23:22...
[2025-11-23 18:18:33.729] Connected to 172.16.10.23:22
[2025-11-23 18:18:33.729] Creating shell stream with ANSI filtering
[2025-11-23 18:18:33.792] SSHClient Message: Waiting for shell initialization (2000ms)
[2025-11-23 18:18:34.849] Detected prompt: 'usa-leaf-3#'
[2025-11-23 18:18:34.849] Expect prompt set to: 'usa-leaf-3#'
[2025-11-23 18:18:34.849] SSHClient Message: Executing command: 'terminal length 0,show ip arp,,'
[2025-11-23 18:18:34.849] Using shell mode for command execution with ANSI filtering
[2025-11-23 18:18:34.849] Sending command 1/4: 'terminal length 0'
[2025-11-23 18:18:34.849] Waiting between sub-commands: 1s
[2025-11-23 18:18:35.572] Detected prompt: 'usa-leaf-3#'
[2025-11-23 18:18:35.572] Expect prompt set to: 'usa-leaf-3#'
[2025-11-23 18:18:35.572] SSHClient Message: Executing command: 'terminal length 0,show mac address-table,,'
[2025-11-23 18:18:35.576] Using shell mode for command execution with ANSI filtering
[2025-11-23 18:18:35.576] Sending command 1/4: 'terminal length 0'
[2025-11-23 18:18:35.576] Waiting between sub-commands: 1s
[2025-11-23 18:18:35.797] WARNING: No prompt pattern or expect prompt defined. Shell commands may not work correctly!
[2025-11-23 18:18:35.799] Attempting to auto-detect command prompt with ANSI filtering...
[2025-11-23 18:18:35.800] Sending single newline to trigger prompt
[2025-11-23 18:18:35.857] Sending command 2/4: 'show ip arp'
[2025-11-23 18:18:35.857] Waiting between sub-commands: 1s
[2025-11-23 18:18:36.380] Detected prompt: 'usa-leaf-3#'
[2025-11-23 18:18:36.380] Expect prompt set to: 'usa-leaf-3#'
[2025-11-23 18:18:36.380] SSHClient Message: Executing command: 'terminal length 0,show ip arp,,'
[2025-11-23 18:18:36.380] Using shell mode for command execution with ANSI filtering
[2025-11-23 18:18:36.380] Sending command 1/4: 'terminal length 0'
[2025-11-23 18:18:36.380] Waiting between sub-commands: 1s
[2025-11-23 18:18:36.581] Sending command 2/4: 'show mac address-table'
[2025-11-23 18:18:36.581] Waiting between sub-commands: 1s
[2025-11-23 18:18:36.860] Sending newline command 3/4
[2025-11-23 18:18:36.860] Sending newline command 3/4
[2025-11-23 18:18:36.860] Waiting between sub-commands: 1s
[2025-11-23 18:18:37.389] Sending command 2/4: 'show ip arp'
[2025-11-23 18:18:37.389] Waiting between sub-commands: 1s
[2025-11-23 18:18:37.582] Sending newline command 3/4
[2025-11-23 18:18:37.582] Sending newline command 3/4
[2025-11-23 18:18:37.582] Waiting between sub-commands: 1s
[2025-11-23 18:18:37.740] Detected prompt: 'usa-leaf-3#'
[2025-11-23 18:18:37.740] Expect prompt set to: 'usa-leaf-3#'
[2025-11-23 18:18:37.740] SSHClient Message: Executing command: 'terminal length 0,show running-config,,'
[2025-11-23 18:18:37.740] Using shell mode for command execution with ANSI filtering
[2025-11-23 18:18:37.740] Sending command 1/4: 'terminal length 0'
[2025-11-23 18:18:37.740] Waiting between sub-commands: 1s
[2025-11-23 18:18:37.865] Sending newline command 4/4
[2025-11-23 18:18:37.865] Sending newline command 4/4
[2025-11-23 18:18:37.865] Monitoring for EXACTLY 3 occurrences of: 'usa-leaf-3#'
[2025-11-23 18:18:37.865] PROMPT DETECTED: 4/3
[2025-11-23 18:18:37.865] TARGET REACHED: 4 prompts detected. STOPPING NOW.
[2025-11-23 18:18:37.865] SUCCESS: Command execution completed with 4/3 prompts
[2025-11-23 18:18:37.865] Shell command execution completed
[2025-11-23 18:18:37.865] Total shell command execution time: 3015.46ms
[2025-11-23 18:18:37.865] SSHClient Message: Waiting between commands: 1s
[2025-11-23 18:18:38.392] Sending newline command 3/4
[2025-11-23 18:18:38.393] Sending newline command 3/4
[2025-11-23 18:18:38.393] Waiting between sub-commands: 1s
[2025-11-23 18:18:38.587] Sending newline command 4/4
[2025-11-23 18:18:38.587] Sending newline command 4/4
[2025-11-23 18:18:38.587] Monitoring for EXACTLY 3 occurrences of: 'usa-leaf-3#'
[2025-11-23 18:18:38.587] PROMPT DETECTED: 4/3
[2025-11-23 18:18:38.587] TARGET REACHED: 4 prompts detected. STOPPING NOW.
[2025-11-23 18:18:38.587] SUCCESS: Command execution completed with 4/3 prompts
[2025-11-23 18:18:38.587] Shell command execution completed
[2025-11-23 18:18:38.587] Total shell command execution time: 3011.34ms
[2025-11-23 18:18:38.587] SSHClient Message: Waiting between commands: 1s
[2025-11-23 18:18:38.747] Sending command 2/4: 'show running-config'
[2025-11-23 18:18:38.747] Waiting between sub-commands: 1s
[2025-11-23 18:18:38.876] SSHClient Message: Command execution completed in 4027.00ms
[2025-11-23 18:18:38.876] Disconnecting from device
[2025-11-23 18:18:38.876] Successfully disconnected
[2025-11-23 18:18:39.394] Sending newline command 4/4
[2025-11-23 18:18:39.394] Sending newline command 4/4
[2025-11-23 18:18:39.394] Monitoring for EXACTLY 3 occurrences of: 'usa-leaf-3#'
[2025-11-23 18:18:39.394] PROMPT DETECTED: 4/3
[2025-11-23 18:18:39.394] TARGET REACHED: 4 prompts detected. STOPPING NOW.
[2025-11-23 18:18:39.394] SUCCESS: Command execution completed with 4/3 prompts
[2025-11-23 18:18:39.394] Shell command execution completed
[2025-11-23 18:18:39.394] Total shell command execution time: 3014.06ms
[2025-11-23 18:18:39.394] SSHClient Message: Waiting between commands: 1s
[2025-11-23 18:18:39.593] SSHClient Message: Command execution completed in 4016.68ms
[2025-11-23 18:18:39.593] Disconnecting from device
[2025-11-23 18:18:39.593] Successfully disconnected
[2025-11-23 18:18:39.750] Sending newline command 3/4
[2025-11-23 18:18:39.750] Sending newline command 3/4
[2025-11-23 18:18:39.751] Waiting between sub-commands: 1s
[2025-11-23 18:18:40.399] SSHClient Message: Command execution completed in 4018.59ms
[2025-11-23 18:18:40.399] Disconnecting from device
[2025-11-23 18:18:40.399] Successfully disconnected
[2025-11-23 18:18:40.752] Sending newline command 4/4
[2025-11-23 18:18:40.752] Sending newline command 4/4
[2025-11-23 18:18:40.752] Monitoring for EXACTLY 3 occurrences of: 'usa-leaf-3#'
[2025-11-23 18:18:40.752] PROMPT DETECTED: 4/3
[2025-11-23 18:18:40.752] TARGET REACHED: 4 prompts detected. STOPPING NOW.
[2025-11-23 18:18:40.752] SUCCESS: Command execution completed with 4/3 prompts
[2025-11-23 18:18:40.756] Shell command execution completed
[2025-11-23 18:18:40.756] Total shell command execution time: 3016.02ms
[2025-11-23 18:18:40.756] SSHClient Message: Waiting between commands: 1s
[2025-11-23 18:18:41.758] SSHClient Message: Command execution completed in 4018.38ms
[2025-11-23 18:18:41.758] Disconnecting from device
[2025-11-23 18:18:41.758] Successfully disconnected
[2025-11-23 18:18:41.816] Detected prompt: 'usa-leaf-3#'
[2025-11-23 18:18:41.816] Expect prompt set to: 'usa-leaf-3#'
[2025-11-23 18:18:41.816] SSHClient Message: Executing command: 'enable,terminal length 0,show running-config,,'
[2025-11-23 18:18:41.816] Using shell mode for command execution with ANSI filtering
[2025-11-23 18:18:41.816] Sending command 1/5: 'enable'
[2025-11-23 18:18:41.816] Waiting between sub-commands: 1s
[2025-11-23 18:18:42.820] Sending command 2/5: 'terminal length 0'
[2025-11-23 18:18:42.820] Waiting between sub-commands: 1s
[2025-11-23 18:18:43.823] Sending command 3/5: 'show running-config'
[2025-11-23 18:18:43.823] Waiting between sub-commands: 1s
[2025-11-23 18:18:44.825] Sending newline command 4/5
[2025-11-23 18:18:44.825] Sending newline command 4/5
[2025-11-23 18:18:44.825] Waiting between sub-commands: 1s
[2025-11-23 18:18:45.827] Sending newline command 5/5
[2025-11-23 18:18:45.827] Sending newline command 5/5
[2025-11-23 18:18:45.827] Monitoring for EXACTLY 4 occurrences of: 'usa-leaf-3#'
[2025-11-23 18:18:45.827] PROMPT DETECTED: 2/4
[2025-11-23 18:18:47.233] PROMPT DETECTED: 5/4
[2025-11-23 18:18:47.233] TARGET REACHED: 5 prompts detected. STOPPING NOW.
[2025-11-23 18:18:47.233] SUCCESS: Command execution completed with 5/4 prompts
[2025-11-23 18:18:47.233] Shell command execution completed
[2025-11-23 18:18:47.233] Total shell command execution time: 5417.65ms
[2025-11-23 18:18:47.233] SSHClient Message: Waiting between commands: 1s
[2025-11-23 18:20:29.445] Connecting to 172.16.10.23:22...
[2025-11-23 18:20:30.213] Connecting to 172.16.10.23:22...
[2025-11-23 18:20:30.487] Connected to 172.16.10.23:22
[2025-11-23 18:20:30.487] Creating shell stream with ANSI filtering
[2025-11-23 18:20:30.550] SSHClient Message: Waiting for shell initialization (2000ms)
[2025-11-23 18:20:30.796] Connecting to 172.16.10.23:22...
[2025-11-23 18:20:31.023] Connected to 172.16.10.23:22
[2025-11-23 18:20:31.023] Creating shell stream with ANSI filtering
[2025-11-23 18:20:31.084] SSHClient Message: Waiting for shell initialization (2000ms)
[2025-11-23 18:20:32.120] Connected to 172.16.10.23:22
[2025-11-23 18:20:32.120] Creating shell stream with ANSI filtering
[2025-11-23 18:20:32.167] SSHClient Message: Waiting for shell initialization (2000ms)
[2025-11-23 18:20:32.552] WARNING: No prompt pattern or expect prompt defined. Shell commands may not work correctly!
[2025-11-23 18:20:32.552] Attempting to auto-detect command prompt with ANSI filtering...
[2025-11-23 18:20:32.552] Sending single newline to trigger prompt
[2025-11-23 18:20:33.087] WARNING: No prompt pattern or expect prompt defined. Shell commands may not work correctly!
[2025-11-23 18:20:33.087] Attempting to auto-detect command prompt with ANSI filtering...
[2025-11-23 18:20:33.087] Sending single newline to trigger prompt
[2025-11-23 18:20:34.182] WARNING: No prompt pattern or expect prompt defined. Shell commands may not work correctly!
[2025-11-23 18:20:34.182] Attempting to auto-detect command prompt with ANSI filtering...
[2025-11-23 18:20:34.184] Sending single newline to trigger prompt
[2025-11-23 18:20:34.411] Connecting to 172.16.10.23:22...
[2025-11-23 18:20:36.805] Connected to 172.16.10.23:22
[2025-11-23 18:20:36.805] Creating shell stream with ANSI filtering
[2025-11-23 18:20:36.872] SSHClient Message: Waiting for shell initialization (2000ms)
[2025-11-23 18:20:38.572] Detected prompt: 'usa-leaf-3#'
[2025-11-23 18:20:38.572] Expect prompt set to: 'usa-leaf-3#'
[2025-11-23 18:20:38.575] SSHClient Message: Executing command: 'terminal length 0,show lldp neighbors detail,,'
[2025-11-23 18:20:38.575] Using shell mode for command execution with ANSI filtering
[2025-11-23 18:20:38.575] Sending command 1/4: 'terminal length 0'
[2025-11-23 18:20:38.575] Waiting between sub-commands: 1s
[2025-11-23 18:20:38.879] WARNING: No prompt pattern or expect prompt defined. Shell commands may not work correctly!
[2025-11-23 18:20:38.879] Attempting to auto-detect command prompt with ANSI filtering...
[2025-11-23 18:20:38.879] Sending single newline to trigger prompt
[2025-11-23 18:20:39.106] Detected prompt: 'usa-leaf-3#'
[2025-11-23 18:20:39.106] Expect prompt set to: 'usa-leaf-3#'
[2025-11-23 18:20:39.106] SSHClient Message: Executing command: 'terminal length 0,show lldp neighbors detail,,'
[2025-11-23 18:20:39.106] Using shell mode for command execution with ANSI filtering
[2025-11-23 18:20:39.106] Sending command 1/4: 'terminal length 0'
[2025-11-23 18:20:39.106] Waiting between sub-commands: 1s
[2025-11-23 18:20:39.580] Sending command 2/4: 'show lldp neighbors detail'
[2025-11-23 18:20:39.580] Waiting between sub-commands: 1s
[2025-11-23 18:20:40.113] Sending command 2/4: 'show lldp neighbors detail'
[2025-11-23 18:20:40.113] Waiting between sub-commands: 1s
[2025-11-23 18:20:40.198] Detected prompt: 'usa-leaf-3#'
[2025-11-23 18:20:40.198] Expect prompt set to: 'usa-leaf-3#'
[2025-11-23 18:20:40.198] SSHClient Message: Executing command: 'terminal length 0,show mac address-table,,'
[2025-11-23 18:20:40.198] Using shell mode for command execution with ANSI filtering
[2025-11-23 18:20:40.198] Sending command 1/4: 'terminal length 0'
[2025-11-23 18:20:40.201] Waiting between sub-commands: 1s
[2025-11-23 18:20:40.418] Connecting to 172.16.10.23:22...
[2025-11-23 18:20:40.583] Sending newline command 3/4
[2025-11-23 18:20:40.583] Sending newline command 3/4
[2025-11-23 18:20:40.583] Waiting between sub-commands: 1s
[2025-11-23 18:20:41.115] Sending newline command 3/4
[2025-11-23 18:20:41.115] Sending newline command 3/4
[2025-11-23 18:20:41.115] Waiting between sub-commands: 1s
[2025-11-23 18:20:41.203] Sending command 2/4: 'show mac address-table'
[2025-11-23 18:20:41.203] Waiting between sub-commands: 1s
[2025-11-23 18:20:41.296] Connected to 172.16.10.23:22
[2025-11-23 18:20:41.296] Creating shell stream with ANSI filtering
[2025-11-23 18:20:41.360] SSHClient Message: Waiting for shell initialization (2000ms)
[2025-11-23 18:20:41.588] Sending newline command 4/4
[2025-11-23 18:20:41.588] Sending newline command 4/4
[2025-11-23 18:20:41.588] Monitoring for EXACTLY 3 occurrences of: 'usa-leaf-3#'
[2025-11-23 18:20:41.588] PROMPT DETECTED: 4/3
[2025-11-23 18:20:41.588] TARGET REACHED: 4 prompts detected. STOPPING NOW.
[2025-11-23 18:20:41.588] SUCCESS: Command execution completed with 4/3 prompts
[2025-11-23 18:20:41.588] Shell command execution completed
[2025-11-23 18:20:41.588] Total shell command execution time: 3013.45ms
[2025-11-23 18:20:41.588] SSHClient Message: Waiting between commands: 1s
[2025-11-23 18:20:42.120] Sending newline command 4/4
[2025-11-23 18:20:42.120] Sending newline command 4/4
[2025-11-23 18:20:42.120] Monitoring for EXACTLY 3 occurrences of: 'usa-leaf-3#'
[2025-11-23 18:20:42.120] PROMPT DETECTED: 4/3
[2025-11-23 18:20:42.120] TARGET REACHED: 4 prompts detected. STOPPING NOW.
[2025-11-23 18:20:42.120] SUCCESS: Command execution completed with 4/3 prompts
[2025-11-23 18:20:42.120] Shell command execution completed
[2025-11-23 18:20:42.120] Total shell command execution time: 3014.20ms
[2025-11-23 18:20:42.120] SSHClient Message: Waiting between commands: 1s
[2025-11-23 18:20:42.206] Sending newline command 3/4
[2025-11-23 18:20:42.206] Sending newline command 3/4
[2025-11-23 18:20:42.206] Waiting between sub-commands: 1s
[2025-11-23 18:20:42.596] SSHClient Message: Command execution completed in 4021.30ms
[2025-11-23 18:20:42.596] Disconnecting from device
[2025-11-23 18:20:42.596] Successfully disconnected
[2025-11-23 18:20:43.128] SSHClient Message: Command execution completed in 4022.64ms
[2025-11-23 18:20:43.128] Disconnecting from device
[2025-11-23 18:20:43.130] Successfully disconnected
[2025-11-23 18:20:43.211] Sending newline command 4/4
[2025-11-23 18:20:43.211] Sending newline command 4/4
[2025-11-23 18:20:43.211] Monitoring for EXACTLY 3 occurrences of: 'usa-leaf-3#'
[2025-11-23 18:20:43.211] PROMPT DETECTED: 4/3
[2025-11-23 18:20:43.211] TARGET REACHED: 4 prompts detected. STOPPING NOW.
[2025-11-23 18:20:43.211] SUCCESS: Command execution completed with 4/3 prompts
[2025-11-23 18:20:43.211] Shell command execution completed
[2025-11-23 18:20:43.211] Total shell command execution time: 3012.39ms
[2025-11-23 18:20:43.211] SSHClient Message: Waiting between commands: 1s
[2025-11-23 18:20:43.363] WARNING: No prompt pattern or expect prompt defined. Shell commands may not work correctly!
[2025-11-23 18:20:43.363] Attempting to auto-detect command prompt with ANSI filtering...
[2025-11-23 18:20:43.363] Sending single newline to trigger prompt
[2025-11-23 18:20:44.215] SSHClient Message: Command execution completed in 4016.65ms
[2025-11-23 18:20:44.215] Disconnecting from device
[2025-11-23 18:20:44.215] Successfully disconnected
[2025-11-23 18:20:44.897] Detected prompt: 'usa-leaf-3#'
[2025-11-23 18:20:44.897] Expect prompt set to: 'usa-leaf-3#'
[2025-11-23 18:20:44.897] SSHClient Message: Executing command: 'terminal length 0,show ip route,,'
[2025-11-23 18:20:44.897] Using shell mode for command execution with ANSI filtering
[2025-11-23 18:20:44.897] Sending command 1/4: 'terminal length 0'
[2025-11-23 18:20:44.897] Waiting between sub-commands: 1s
[2025-11-23 18:20:45.900] Sending command 2/4: 'show ip route'
[2025-11-23 18:20:45.900] Waiting between sub-commands: 1s
[2025-11-23 18:20:46.904] Sending newline command 3/4
[2025-11-23 18:20:46.904] Sending newline command 3/4
[2025-11-23 18:20:46.906] Waiting between sub-commands: 1s
[2025-11-23 18:20:47.909] Sending newline command 4/4
[2025-11-23 18:20:47.910] Sending newline command 4/4
[2025-11-23 18:20:47.912] Monitoring for EXACTLY 3 occurrences of: 'usa-leaf-3#'
[2025-11-23 18:20:47.913] PROMPT DETECTED: 4/3
[2025-11-23 18:20:47.913] TARGET REACHED: 4 prompts detected. STOPPING NOW.
[2025-11-23 18:20:47.913] SUCCESS: Command execution completed with 4/3 prompts
[2025-11-23 18:20:47.913] Shell command execution completed
[2025-11-23 18:20:47.918] Total shell command execution time: 3021.42ms
[2025-11-23 18:20:47.918] SSHClient Message: Waiting between commands: 1s
[2025-11-23 18:20:48.921] SSHClient Message: Command execution completed in 4024.53ms
[2025-11-23 18:20:48.921] Disconnecting from device
[2025-11-23 18:20:48.921] Successfully disconnected
[2025-11-23 18:20:49.378] Detected prompt: 'usa-leaf-3#'
[2025-11-23 18:20:49.378] Expect prompt set to: 'usa-leaf-3#'
[2025-11-23 18:20:49.381] SSHClient Message: Executing command: 'terminal length 0,show ip route,,'
[2025-11-23 18:20:49.381] Using shell mode for command execution with ANSI filtering
[2025-11-23 18:20:49.381] Sending command 1/4: 'terminal length 0'
[2025-11-23 18:20:49.384] Waiting between sub-commands: 1s
[2025-11-23 18:20:50.386] Sending command 2/4: 'show ip route'
[2025-11-23 18:20:50.386] Waiting between sub-commands: 1s
[2025-11-23 18:20:51.388] Sending newline command 3/4
[2025-11-23 18:20:51.388] Sending newline command 3/4
[2025-11-23 18:20:51.388] Waiting between sub-commands: 1s
[2025-11-23 18:20:52.392] Sending newline command 4/4
[2025-11-23 18:20:52.392] Sending newline command 4/4
[2025-11-23 18:20:52.392] Monitoring for EXACTLY 3 occurrences of: 'usa-leaf-3#'
[2025-11-23 18:20:52.392] PROMPT DETECTED: 1/3
[2025-11-23 18:20:52.532] PROMPT DETECTED: 6/3
[2025-11-23 18:20:52.532] TARGET REACHED: 6 prompts detected. STOPPING NOW.
[2025-11-23 18:20:52.532] SUCCESS: Command execution completed with 6/3 prompts
[2025-11-23 18:20:52.535] Shell command execution completed
[2025-11-23 18:20:52.535] Total shell command execution time: 3153.99ms
[2025-11-23 18:20:52.535] SSHClient Message: Waiting between commands: 1s
[2025-11-23 18:20:53.539] SSHClient Message: Command execution completed in 4157.88ms
[2025-11-23 18:20:53.539] Disconnecting from device
[2025-11-23 18:20:53.539] Successfully disconnected
[2025-11-23 18:22:31.059] Connecting to 172.16.10.23:22...
[2025-11-23 18:22:31.543] Connecting to 172.16.10.23:22...
[2025-11-23 18:22:31.915] Connected to 172.16.10.23:22
[2025-11-23 18:22:31.915] Creating shell stream with ANSI filtering
[2025-11-23 18:22:31.979] SSHClient Message: Waiting for shell initialization (2000ms)
[2025-11-23 18:22:32.346] Connected to 172.16.10.23:22
[2025-11-23 18:22:32.346] Creating shell stream with ANSI filtering
[2025-11-23 18:22:32.411] SSHClient Message: Waiting for shell initialization (2000ms)
[2025-11-23 18:22:33.987] WARNING: No prompt pattern or expect prompt defined. Shell commands may not work correctly!
[2025-11-23 18:22:33.987] Attempting to auto-detect command prompt with ANSI filtering...
[2025-11-23 18:22:33.987] Sending single newline to trigger prompt
[2025-11-23 18:22:34.421] WARNING: No prompt pattern or expect prompt defined. Shell commands may not work correctly!
[2025-11-23 18:22:34.421] Attempting to auto-detect command prompt with ANSI filtering...
[2025-11-23 18:22:34.421] Sending single newline to trigger prompt
[2025-11-23 18:22:39.184] Connecting to 172.16.10.23:22...
[2025-11-23 18:22:39.216] Connecting to 172.16.10.23:22...
[2025-11-23 18:22:40.004] Detected prompt: 'usa-leaf-3#'
[2025-11-23 18:22:40.004] Expect prompt set to: 'usa-leaf-3#'
[2025-11-23 18:22:40.004] SSHClient Message: Executing command: 'terminal length 0,show version,,'
[2025-11-23 18:22:40.004] Using shell mode for command execution with ANSI filtering
[2025-11-23 18:22:40.004] Sending command 1/4: 'terminal length 0'
[2025-11-23 18:22:40.004] Waiting between sub-commands: 1s
[2025-11-23 18:22:40.082] Connected to 172.16.10.23:22
[2025-11-23 18:22:40.082] Creating shell stream with ANSI filtering
[2025-11-23 18:22:40.082] Connected to 172.16.10.23:22
[2025-11-23 18:22:40.082] Creating shell stream with ANSI filtering
[2025-11-23 18:22:40.146] SSHClient Message: Waiting for shell initialization (2000ms)
[2025-11-23 18:22:40.146] SSHClient Message: Waiting for shell initialization (2000ms)
[2025-11-23 18:22:40.437] Detected prompt: 'usa-leaf-3#'
[2025-11-23 18:22:40.437] Expect prompt set to: 'usa-leaf-3#'
[2025-11-23 18:22:40.437] SSHClient Message: Executing command: 'terminal length 0,show version,,'
[2025-11-23 18:22:40.437] Using shell mode for command execution with ANSI filtering
[2025-11-23 18:22:40.441] Sending command 1/4: 'terminal length 0'
[2025-11-23 18:22:40.443] Waiting between sub-commands: 1s
[2025-11-23 18:22:41.007] Sending command 2/4: 'show version'
[2025-11-23 18:22:41.009] Waiting between sub-commands: 1s
[2025-11-23 18:22:41.444] Sending command 2/4: 'show version'
[2025-11-23 18:22:41.444] Waiting between sub-commands: 1s
[2025-11-23 18:22:42.011] Sending newline command 3/4
[2025-11-23 18:22:42.011] Sending newline command 3/4
[2025-11-23 18:22:42.011] Waiting between sub-commands: 1s
[2025-11-23 18:22:42.149] WARNING: No prompt pattern or expect prompt defined. Shell commands may not work correctly!
[2025-11-23 18:22:42.149] Attempting to auto-detect command prompt with ANSI filtering...
[2025-11-23 18:22:42.149] Sending single newline to trigger prompt
[2025-11-23 18:22:42.159] WARNING: No prompt pattern or expect prompt defined. Shell commands may not work correctly!
[2025-11-23 18:22:42.159] Attempting to auto-detect command prompt with ANSI filtering...
[2025-11-23 18:22:42.159] Sending single newline to trigger prompt
[2025-11-23 18:22:42.447] Sending newline command 3/4
[2025-11-23 18:22:42.447] Sending newline command 3/4
[2025-11-23 18:22:42.447] Waiting between sub-commands: 1s
[2025-11-23 18:22:43.016] Sending newline command 4/4
[2025-11-23 18:22:43.016] Sending newline command 4/4
[2025-11-23 18:22:43.016] Monitoring for EXACTLY 3 occurrences of: 'usa-leaf-3#'
[2025-11-23 18:22:43.020] PROMPT DETECTED: 4/3
[2025-11-23 18:22:43.020] TARGET REACHED: 4 prompts detected. STOPPING NOW.
[2025-11-23 18:22:43.020] SUCCESS: Command execution completed with 4/3 prompts
[2025-11-23 18:22:43.020] Shell command execution completed
[2025-11-23 18:22:43.020] Total shell command execution time: 3016.25ms
[2025-11-23 18:22:43.020] SSHClient Message: Waiting between commands: 1s
[2025-11-23 18:22:43.452] Sending newline command 4/4
[2025-11-23 18:22:43.452] Sending newline command 4/4
[2025-11-23 18:22:43.455] Monitoring for EXACTLY 3 occurrences of: 'usa-leaf-3#'
[2025-11-23 18:22:43.457] PROMPT DETECTED: 4/3
[2025-11-23 18:22:43.457] TARGET REACHED: 4 prompts detected. STOPPING NOW.
[2025-11-23 18:22:43.457] SUCCESS: Command execution completed with 4/3 prompts
[2025-11-23 18:22:43.460] Shell command execution completed
[2025-11-23 18:22:43.460] Total shell command execution time: 3019.16ms
[2025-11-23 18:22:43.460] SSHClient Message: Waiting between commands: 1s
[2025-11-23 18:22:44.027] SSHClient Message: Command execution completed in 4023.53ms
[2025-11-23 18:22:44.027] Disconnecting from device
[2025-11-23 18:22:44.027] Successfully disconnected
[2025-11-23 18:22:44.465] SSHClient Message: Command execution completed in 4027.97ms
[2025-11-23 18:22:44.465] Disconnecting from device
[2025-11-23 18:22:44.468] Successfully disconnected
[2025-11-23 18:22:48.160] Detected prompt: 'usa-leaf-3#'
[2025-11-23 18:22:48.160] Expect prompt set to: 'usa-leaf-3#'
[2025-11-23 18:22:48.160] SSHClient Message: Executing command: 'terminal length 0,show inventory,,'
[2025-11-23 18:22:48.160] Using shell mode for command execution with ANSI filtering
[2025-11-23 18:22:48.160] Sending command 1/4: 'terminal length 0'
[2025-11-23 18:22:48.160] Waiting between sub-commands: 1s
[2025-11-23 18:22:48.172] Detected prompt: 'usa-leaf-3#'
[2025-11-23 18:22:48.172] Expect prompt set to: 'usa-leaf-3#'
[2025-11-23 18:22:48.172] SSHClient Message: Executing command: 'enable,terminal length 0,show inventory,,'
[2025-11-23 18:22:48.172] Using shell mode for command execution with ANSI filtering
[2025-11-23 18:22:48.172] Sending command 1/5: 'enable'
[2025-11-23 18:22:48.172] Waiting between sub-commands: 1s
[2025-11-23 18:22:49.164] Sending command 2/4: 'show inventory'
[2025-11-23 18:22:49.164] Waiting between sub-commands: 1s
[2025-11-23 18:22:49.176] Sending command 2/5: 'terminal length 0'
[2025-11-23 18:22:49.176] Waiting between sub-commands: 1s
[2025-11-23 18:22:50.165] Sending newline command 3/4
[2025-11-23 18:22:50.165] Sending newline command 3/4
[2025-11-23 18:22:50.166] Waiting between sub-commands: 1s
[2025-11-23 18:22:50.177] Sending command 3/5: 'show inventory'
[2025-11-23 18:22:50.177] Waiting between sub-commands: 1s
[2025-11-23 18:22:51.167] Sending newline command 4/4
[2025-11-23 18:22:51.167] Sending newline command 4/4
[2025-11-23 18:22:51.167] Monitoring for EXACTLY 3 occurrences of: 'usa-leaf-3#'
[2025-11-23 18:22:51.167] PROMPT DETECTED: 4/3
[2025-11-23 18:22:51.167] TARGET REACHED: 4 prompts detected. STOPPING NOW.
[2025-11-23 18:22:51.167] SUCCESS: Command execution completed with 4/3 prompts
[2025-11-23 18:22:51.167] Shell command execution completed
[2025-11-23 18:22:51.167] Total shell command execution time: 3006.98ms
[2025-11-23 18:22:51.171] SSHClient Message: Waiting between commands: 1s
[2025-11-23 18:22:51.179] Sending newline command 4/5
[2025-11-23 18:22:51.179] Sending newline command 4/5
[2025-11-23 18:22:51.179] Waiting between sub-commands: 1s
[2025-11-23 18:22:52.172] SSHClient Message: Command execution completed in 4011.69ms
[2025-11-23 18:22:52.172] Disconnecting from device
[2025-11-23 18:22:52.172] Successfully disconnected
[2025-11-23 18:22:52.181] Sending newline command 5/5
[2025-11-23 18:22:52.181] Sending newline command 5/5
[2025-11-23 18:22:52.181] Monitoring for EXACTLY 4 occurrences of: 'usa-leaf-3#'
[2025-11-23 18:22:52.181] PROMPT DETECTED: 5/4
[2025-11-23 18:22:52.181] TARGET REACHED: 5 prompts detected. STOPPING NOW.
[2025-11-23 18:22:52.181] SUCCESS: Command execution completed with 5/4 prompts
[2025-11-23 18:22:52.181] Shell command execution completed
[2025-11-23 18:22:52.181] Total shell command execution time: 4008.39ms
[2025-11-23 18:22:52.181] SSHClient Message: Waiting between commands: 1s
[2025-11-23 18:22:53.186] SSHClient Message: Command execution completed in 5013.31ms
[2025-11-23 18:22:53.186] Disconnecting from device
[2025-11-23 18:22:53.186] Successfully disconnected
