[2025-11-13 22:59:10.993] Connecting to 172.16.10.22:22...
[2025-11-13 22:59:10.995] Connecting to 172.16.10.22:22...
[2025-11-13 22:59:11.021] Connecting to 172.16.10.22:22...
[2025-11-13 22:59:11.021] Connecting to 172.16.10.22:22...
[2025-11-13 22:59:11.811] Connected to 172.16.10.22:22
[2025-11-13 22:59:11.811] Creating shell stream with ANSI filtering
[2025-11-13 22:59:11.821] Connected to 172.16.10.22:22
[2025-11-13 22:59:11.821] Creating shell stream with ANSI filtering
[2025-11-13 22:59:11.827] Connected to 172.16.10.22:22
[2025-11-13 22:59:11.831] Creating shell stream with ANSI filtering
[2025-11-13 22:59:11.831] Connected to 172.16.10.22:22
[2025-11-13 22:59:11.841] Creating shell stream with ANSI filtering
[2025-11-13 22:59:11.862] SSHClient Message: Waiting for shell initialization (2000ms)
[2025-11-13 22:59:11.876] SSHClient Message: Waiting for shell initialization (2000ms)
[2025-11-13 22:59:11.894] SSHClient Message: Waiting for shell initialization (2000ms)
[2025-11-13 22:59:11.910] SSHClient Message: Waiting for shell initialization (2000ms)
[2025-11-13 22:59:13.872] WARNING: No prompt pattern or expect prompt defined. Shell commands may not work correctly!
[2025-11-13 22:59:13.872] Attempting to auto-detect command prompt with ANSI filtering...
[2025-11-13 22:59:13.872] Sending single newline to trigger prompt
[2025-11-13 22:59:13.883] WARNING: No prompt pattern or expect prompt defined. Shell commands may not work correctly!
[2025-11-13 22:59:13.883] Attempting to auto-detect command prompt with ANSI filtering...
[2025-11-13 22:59:13.883] Sending single newline to trigger prompt
[2025-11-13 22:59:13.903] WARNING: No prompt pattern or expect prompt defined. Shell commands may not work correctly!
[2025-11-13 22:59:13.903] Attempting to auto-detect command prompt with ANSI filtering...
[2025-11-13 22:59:13.903] Sending single newline to trigger prompt
[2025-11-13 22:59:13.913] WARNING: No prompt pattern or expect prompt defined. Shell commands may not work correctly!
[2025-11-13 22:59:13.914] Attempting to auto-detect command prompt with ANSI filtering...
[2025-11-13 22:59:13.914] Sending single newline to trigger prompt
[2025-11-13 22:59:16.022] Connecting to 172.16.10.22:22...
[2025-11-13 22:59:16.829] Connected to 172.16.10.22:22
[2025-11-13 22:59:16.829] Creating shell stream with ANSI filtering
[2025-11-13 22:59:16.892] SSHClient Message: Waiting for shell initialization (2000ms)
[2025-11-13 22:59:18.895] WARNING: No prompt pattern or expect prompt defined. Shell commands may not work correctly!
[2025-11-13 22:59:18.895] Attempting to auto-detect command prompt with ANSI filtering...
[2025-11-13 22:59:18.898] Sending single newline to trigger prompt
[2025-11-13 22:59:19.896] Detected prompt: 'usa-leaf-2#'
[2025-11-13 22:59:19.897] Expect prompt set to: 'usa-leaf-2#'
[2025-11-13 22:59:19.899] SSHClient Message: Executing command: 'terminal length 0,show ip arp,,'
[2025-11-13 22:59:19.899] Using shell mode for command execution with ANSI filtering
[2025-11-13 22:59:19.901] Sending command 1/4: 'terminal length 0'
[2025-11-13 22:59:19.901] Waiting between sub-commands: 1s
[2025-11-13 22:59:19.907] Detected prompt: 'usa-leaf-2#'
[2025-11-13 22:59:19.907] Expect prompt set to: 'usa-leaf-2#'
[2025-11-13 22:59:19.907] SSHClient Message: Executing command: 'terminal length 0,show running-config,,'
[2025-11-13 22:59:19.907] Using shell mode for command execution with ANSI filtering
[2025-11-13 22:59:19.907] Sending command 1/4: 'terminal length 0'
[2025-11-13 22:59:19.907] Waiting between sub-commands: 1s
[2025-11-13 22:59:19.927] Detected prompt: 'usa-leaf-2#'
[2025-11-13 22:59:19.927] Expect prompt set to: 'usa-leaf-2#'
[2025-11-13 22:59:19.927] SSHClient Message: Executing command: 'terminal length 0,show mac address-table,,'
[2025-11-13 22:59:19.928] Using shell mode for command execution with ANSI filtering
[2025-11-13 22:59:19.928] Sending command 1/4: 'terminal length 0'
[2025-11-13 22:59:19.928] Waiting between sub-commands: 1s
[2025-11-13 22:59:19.936] Detected prompt: 'usa-leaf-2#'
[2025-11-13 22:59:19.936] Expect prompt set to: 'usa-leaf-2#'
[2025-11-13 22:59:19.936] SSHClient Message: Executing command: 'terminal length 0,show ip arp,,'
[2025-11-13 22:59:19.936] Using shell mode for command execution with ANSI filtering
[2025-11-13 22:59:19.936] Sending command 1/4: 'terminal length 0'
[2025-11-13 22:59:19.938] Waiting between sub-commands: 1s
[2025-11-13 22:59:20.902] Sending command 2/4: 'show ip arp'
[2025-11-13 22:59:20.902] Waiting between sub-commands: 1s
[2025-11-13 22:59:20.910] Sending command 2/4: 'show running-config'
[2025-11-13 22:59:20.910] Waiting between sub-commands: 1s
[2025-11-13 22:59:20.930] Sending command 2/4: 'show mac address-table'
[2025-11-13 22:59:20.930] Waiting between sub-commands: 1s
[2025-11-13 22:59:20.940] Sending command 2/4: 'show ip arp'
[2025-11-13 22:59:20.942] Waiting between sub-commands: 1s
[2025-11-13 22:59:21.904] Sending newline command 3/4
[2025-11-13 22:59:21.905] Sending newline command 3/4
[2025-11-13 22:59:21.907] Waiting between sub-commands: 1s
[2025-11-13 22:59:21.914] Sending newline command 3/4
[2025-11-13 22:59:21.914] Sending newline command 3/4
[2025-11-13 22:59:21.914] Waiting between sub-commands: 1s
[2025-11-13 22:59:21.935] Sending newline command 3/4
[2025-11-13 22:59:21.935] Sending newline command 3/4
[2025-11-13 22:59:21.935] Waiting between sub-commands: 1s
[2025-11-13 22:59:21.943] Sending newline command 3/4
[2025-11-13 22:59:21.943] Sending newline command 3/4
[2025-11-13 22:59:21.943] Waiting between sub-commands: 1s
[2025-11-13 22:59:22.908] Sending newline command 4/4
[2025-11-13 22:59:22.910] Sending newline command 4/4
[2025-11-13 22:59:22.910] Monitoring for EXACTLY 3 occurrences of: 'usa-leaf-2#'
[2025-11-13 22:59:22.910] PROMPT DETECTED: 1/3
[2025-11-13 22:59:22.917] Sending newline command 4/4
[2025-11-13 22:59:22.917] Sending newline command 4/4
[2025-11-13 22:59:22.917] Monitoring for EXACTLY 3 occurrences of: 'usa-leaf-2#'
[2025-11-13 22:59:22.917] PROMPT DETECTED: 3/3
[2025-11-13 22:59:22.919] TARGET REACHED: 3 prompts detected. STOPPING NOW.
[2025-11-13 22:59:22.919] SUCCESS: Command execution completed with 3/3 prompts
[2025-11-13 22:59:22.919] Shell command execution completed
[2025-11-13 22:59:22.919] Total shell command execution time: 3011.63ms
[2025-11-13 22:59:22.919] SSHClient Message: Waiting between commands: 1s
[2025-11-13 22:59:22.937] Sending newline command 4/4
[2025-11-13 22:59:22.937] Sending newline command 4/4
[2025-11-13 22:59:22.937] Monitoring for EXACTLY 3 occurrences of: 'usa-leaf-2#'
[2025-11-13 22:59:22.937] PROMPT DETECTED: 4/3
[2025-11-13 22:59:22.939] TARGET REACHED: 4 prompts detected. STOPPING NOW.
[2025-11-13 22:59:22.939] SUCCESS: Command execution completed with 4/3 prompts
[2025-11-13 22:59:22.939] Shell command execution completed
[2025-11-13 22:59:22.939] Total shell command execution time: 3010.97ms
[2025-11-13 22:59:22.939] SSHClient Message: Waiting between commands: 1s
[2025-11-13 22:59:22.946] Sending newline command 4/4
[2025-11-13 22:59:22.946] Sending newline command 4/4
[2025-11-13 22:59:22.946] Monitoring for EXACTLY 3 occurrences of: 'usa-leaf-2#'
[2025-11-13 22:59:22.946] PROMPT DETECTED: 4/3
[2025-11-13 22:59:22.946] TARGET REACHED: 4 prompts detected. STOPPING NOW.
[2025-11-13 22:59:22.946] SUCCESS: Command execution completed with 4/3 prompts
[2025-11-13 22:59:22.948] Shell command execution completed
[2025-11-13 22:59:22.948] Total shell command execution time: 3011.96ms
[2025-11-13 22:59:22.948] SSHClient Message: Waiting between commands: 1s
[2025-11-13 22:59:23.921] SSHClient Message: Command execution completed in 4014.00ms
[2025-11-13 22:59:23.921] Disconnecting from device
[2025-11-13 22:59:23.923] Successfully disconnected
[2025-11-13 22:59:23.941] SSHClient Message: Command execution completed in 4013.23ms
[2025-11-13 22:59:23.941] Disconnecting from device
[2025-11-13 22:59:23.941] Successfully disconnected
[2025-11-13 22:59:23.949] PROMPT DETECTED: 6/3
[2025-11-13 22:59:23.949] TARGET REACHED: 6 prompts detected. STOPPING NOW.
[2025-11-13 22:59:23.949] SUCCESS: Command execution completed with 6/3 prompts
[2025-11-13 22:59:23.950] Shell command execution completed
n completed in 4013.44ms
[2025-11-13 22:59:23.950] Disconnecting from device
on time: 4049.20ms
[2025-11-13 22:59:23.950] SSHClient Message: Waiting between commands: 1s
[2025-11-13 22:59:23.950] Successfully disconnected
[2025-11-13 22:59:24.921] Detected prompt: 'usa-leaf-2#'
[2025-11-13 22:59:24.921] Expect prompt set to: 'usa-leaf-2#'
[2025-11-13 22:59:24.922] SSHClient Message: Executing command: 'enable,terminal length 0,show running-config,,'
[2025-11-13 22:59:24.922] Using shell mode for command execution with ANSI filtering
[2025-11-13 22:59:24.922] Sending command 1/5: 'enable'
[2025-11-13 22:59:24.922] Waiting between sub-commands: 1s
[2025-11-13 22:59:24.952] SSHClient Message: Command execution completed in 5053.47ms
[2025-11-13 22:59:24.952] Disconnecting from device
[2025-11-13 22:59:24.952] Successfully disconnected
[2025-11-13 22:59:25.924] Sending command 2/5: 'terminal length 0'
[2025-11-13 22:59:25.924] Waiting between sub-commands: 1s
[2025-11-13 22:59:26.928] Sending command 3/5: 'show running-config'
[2025-11-13 22:59:26.928] Waiting between sub-commands: 1s
[2025-11-13 22:59:27.931] Sending newline command 4/5
[2025-11-13 22:59:27.931] Sending newline command 4/5
[2025-11-13 22:59:27.931] Waiting between sub-commands: 1s
[2025-11-13 22:59:28.933] Sending newline command 5/5
[2025-11-13 22:59:28.933] Sending newline command 5/5
[2025-11-13 22:59:28.935] Monitoring for EXACTLY 4 occurrences of: 'usa-leaf-2#'
[2025-11-13 22:59:28.938] PROMPT DETECTED: 2/4
[2025-11-13 22:59:30.155] PROMPT DETECTED: 6/4
[2025-11-13 22:59:30.155] TARGET REACHED: 6 prompts detected. STOPPING NOW.
[2025-11-13 22:59:30.155] SUCCESS: Command execution completed with 6/4 prompts
[2025-11-13 22:59:30.155] Shell command execution completed
[2025-11-13 22:59:30.155] Total shell command execution time: 5233.11ms
[2025-11-13 22:59:30.155] SSHClient Message: Waiting between commands: 1s
[2025-11-13 23:01:10.398] Connecting to 172.16.10.22:22...
[2025-11-13 23:01:11.313] Connected to 172.16.10.22:22
[2025-11-13 23:01:11.313] Creating shell stream with ANSI filtering
[2025-11-13 23:01:11.374] SSHClient Message: Waiting for shell initialization (2000ms)
[2025-11-13 23:01:11.524] Connecting to 172.16.10.22:22...
[2025-11-13 23:01:11.770] Connecting to 172.16.10.22:22...
[2025-11-13 23:01:12.328] Connected to 172.16.10.22:22
[2025-11-13 23:01:12.328] Creating shell stream with ANSI filtering
[2025-11-13 23:01:12.389] SSHClient Message: Waiting for shell initialization (2000ms)
[2025-11-13 23:01:12.401] Connecting to 172.16.10.22:22...
[2025-11-13 23:01:12.921] Connected to 172.16.10.22:22
[2025-11-13 23:01:12.923] Creating shell stream with ANSI filtering
[2025-11-13 23:01:12.976] SSHClient Message: Waiting for shell initialization (2000ms)
[2025-11-13 23:01:13.252] Connected to 172.16.10.22:22
[2025-11-13 23:01:13.252] Creating shell stream with ANSI filtering
[2025-11-13 23:01:13.316] SSHClient Message: Waiting for shell initialization (2000ms)
[2025-11-13 23:01:13.375] WARNING: No prompt pattern or expect prompt defined. Shell commands may not work correctly!
[2025-11-13 23:01:13.375] Attempting to auto-detect command prompt with ANSI filtering...
[2025-11-13 23:01:13.375] Sending single newline to trigger prompt
[2025-11-13 23:01:14.392] WARNING: No prompt pattern or expect prompt defined. Shell commands may not work correctly!
[2025-11-13 23:01:14.392] Attempting to auto-detect command prompt with ANSI filtering...
[2025-11-13 23:01:14.392] Sending single newline to trigger prompt
[2025-11-13 23:01:14.985] WARNING: No prompt pattern or expect prompt defined. Shell commands may not work correctly!
[2025-11-13 23:01:14.985] Attempting to auto-detect command prompt with ANSI filtering...
[2025-11-13 23:01:14.985] Sending single newline to trigger prompt
[2025-11-13 23:01:15.319] WARNING: No prompt pattern or expect prompt defined. Shell commands may not work correctly!
[2025-11-13 23:01:15.319] Attempting to auto-detect command prompt with ANSI filtering...
[2025-11-13 23:01:15.319] Sending single newline to trigger prompt
[2025-11-13 23:01:19.394] Detected prompt: 'usa-leaf-2#'
[2025-11-13 23:01:19.396] Expect prompt set to: 'usa-leaf-2#'
[2025-11-13 23:01:19.396] SSHClient Message: Executing command: 'terminal length 0,show lldp neighbors detail,,'
[2025-11-13 23:01:19.396] Using shell mode for command execution with ANSI filtering
[2025-11-13 23:01:19.396] Sending command 1/4: 'terminal length 0'
[2025-11-13 23:01:19.396] Waiting between sub-commands: 1s
[2025-11-13 23:01:20.403] Sending command 2/4: 'show lldp neighbors detail'
[2025-11-13 23:01:20.403] Waiting between sub-commands: 1s
[2025-11-13 23:01:20.410] Detected prompt: 'usa-leaf-2#'
[2025-11-13 23:01:20.410] Expect prompt set to: 'usa-leaf-2#'
[2025-11-13 23:01:20.410] SSHClient Message: Executing command: 'terminal length 0,show lldp neighbors detail,,'
[2025-11-13 23:01:20.410] Using shell mode for command execution with ANSI filtering
[2025-11-13 23:01:20.410] Sending command 1/4: 'terminal length 0'
[2025-11-13 23:01:20.410] Waiting between sub-commands: 1s
[2025-11-13 23:01:21.005] Detected prompt: 'usa-leaf-2#'
[2025-11-13 23:01:21.005] Expect prompt set to: 'usa-leaf-2#'
[2025-11-13 23:01:21.005] SSHClient Message: Executing command: 'terminal length 0,show mac address-table,,'
[2025-11-13 23:01:21.009] Using shell mode for command execution with ANSI filtering
[2025-11-13 23:01:21.009] Sending command 1/4: 'terminal length 0'
[2025-11-13 23:01:21.009] Waiting between sub-commands: 1s
[2025-11-13 23:01:21.340] Detected prompt: 'usa-leaf-2#'
[2025-11-13 23:01:21.340] Expect prompt set to: 'usa-leaf-2#'
[2025-11-13 23:01:21.340] SSHClient Message: Executing command: 'terminal length 0,show version,,'
[2025-11-13 23:01:21.340] Using shell mode for command execution with ANSI filtering
[2025-11-13 23:01:21.340] Sending command 1/4: 'terminal length 0'
[2025-11-13 23:01:21.340] Waiting between sub-commands: 1s
[2025-11-13 23:01:21.405] Sending newline command 3/4
[2025-11-13 23:01:21.405] Sending newline command 3/4
[2025-11-13 23:01:21.405] Waiting between sub-commands: 1s
[2025-11-13 23:01:21.414] Sending command 2/4: 'show lldp neighbors detail'
[2025-11-13 23:01:21.414] Waiting between sub-commands: 1s
[2025-11-13 23:01:22.012] Sending command 2/4: 'show mac address-table'
[2025-11-13 23:01:22.012] Waiting between sub-commands: 1s
[2025-11-13 23:01:22.308] Connecting to 172.16.10.22:22...
[2025-11-13 23:01:22.343] Sending command 2/4: 'show version'
[2025-11-13 23:01:22.343] Waiting between sub-commands: 1s
[2025-11-13 23:01:22.407] Sending newline command 4/4
[2025-11-13 23:01:22.407] Sending newline command 4/4
[2025-11-13 23:01:22.407] Monitoring for EXACTLY 3 occurrences of: 'usa-leaf-2#'
[2025-11-13 23:01:22.407] PROMPT DETECTED: 4/3
[2025-11-13 23:01:22.407] TARGET REACHED: 4 prompts detected. STOPPING NOW.
[2025-11-13 23:01:22.407] SUCCESS: Command execution completed with 4/3 prompts
[2025-11-13 23:01:22.407] Shell command execution completed
[2025-11-13 23:01:22.409] Total shell command execution time: 3012.91ms
[2025-11-13 23:01:22.409] SSHClient Message: Waiting between commands: 1s
[2025-11-13 23:01:22.416] Sending newline command 3/4
[2025-11-13 23:01:22.416] Sending newline command 3/4
[2025-11-13 23:01:22.416] Waiting between sub-commands: 1s
[2025-11-13 23:01:23.017] Sending newline command 3/4
[2025-11-13 23:01:23.019] Sending newline command 3/4
[2025-11-13 23:01:23.019] Waiting between sub-commands: 1s
[2025-11-13 23:01:23.130] Connected to 172.16.10.22:22
[2025-11-13 23:01:23.130] Creating shell stream with ANSI filtering
[2025-11-13 23:01:23.195] SSHClient Message: Waiting for shell initialization (2000ms)
[2025-11-13 23:01:23.346] Sending newline command 3/4
[2025-11-13 23:01:23.346] Sending newline command 3/4
[2025-11-13 23:01:23.346] Waiting between sub-commands: 1s
[2025-11-13 23:01:23.409] SSHClient Message: Command execution completed in 4013.78ms
[2025-11-13 23:01:23.409] Disconnecting from device
[2025-11-13 23:01:23.409] Successfully disconnected
[2025-11-13 23:01:23.417] Sending newline command 4/4
[2025-11-13 23:01:23.417] Sending newline command 4/4
[2025-11-13 23:01:23.417] Monitoring for EXACTLY 3 occurrences of: 'usa-leaf-2#'
[2025-11-13 23:01:23.417] PROMPT DETECTED: 4/3
[2025-11-13 23:01:23.417] TARGET REACHED: 4 prompts detected. STOPPING NOW.
[2025-11-13 23:01:23.419] SUCCESS: Command execution completed with 4/3 prompts
[2025-11-13 23:01:23.419] Shell command execution completed
[2025-11-13 23:01:23.419] Total shell command execution time: 3008.91ms
[2025-11-13 23:01:23.419] SSHClient Message: Waiting between commands: 1s
[2025-11-13 23:01:24.022] Sending newline command 4/4
[2025-11-13 23:01:24.022] Sending newline command 4/4
[2025-11-13 23:01:24.022] Monitoring for EXACTLY 3 occurrences of: 'usa-leaf-2#'
[2025-11-13 23:01:24.022] PROMPT DETECTED: 4/3
[2025-11-13 23:01:24.022] TARGET REACHED: 4 prompts detected. STOPPING NOW.
[2025-11-13 23:01:24.022] SUCCESS: Command execution completed with 4/3 prompts
[2025-11-13 23:01:24.022] Shell command execution completed
[2025-11-13 23:01:24.022] Total shell command execution time: 3012.89ms
[2025-11-13 23:01:24.022] SSHClient Message: Waiting between commands: 1s
[2025-11-13 23:01:24.348] Sending newline command 4/4
[2025-11-13 23:01:24.348] Sending newline command 4/4
[2025-11-13 23:01:24.348] Monitoring for EXACTLY 3 occurrences of: 'usa-leaf-2#'
[2025-11-13 23:01:24.348] PROMPT DETECTED: 4/3
[2025-11-13 23:01:24.350] TARGET REACHED: 4 prompts detected. STOPPING NOW.
[2025-11-13 23:01:24.350] SUCCESS: Command execution completed with 4/3 prompts
[2025-11-13 23:01:24.350] Shell command execution completed
[2025-11-13 23:01:24.350] Total shell command execution time: 3010.11ms
[2025-11-13 23:01:24.350] SSHClient Message: Waiting between commands: 1s
[2025-11-13 23:01:24.421] SSHClient Message: Command execution completed in 4010.55ms
[2025-11-13 23:01:24.421] Disconnecting from device
[2025-11-13 23:01:24.421] Successfully disconnected
[2025-11-13 23:01:25.027] SSHClient Message: Command execution completed in 4018.53ms
[2025-11-13 23:01:25.027] Disconnecting from device
[2025-11-13 23:01:25.027] Successfully disconnected
[2025-11-13 23:01:25.203] WARNING: No prompt pattern or expect prompt defined. Shell commands may not work correctly!
[2025-11-13 23:01:25.203] Attempting to auto-detect command prompt with ANSI filtering...
[2025-11-13 23:01:25.203] Sending single newline to trigger prompt
[2025-11-13 23:01:25.352] SSHClient Message: Command execution completed in 4012.42ms
[2025-11-13 23:01:25.352] Disconnecting from device
[2025-11-13 23:01:25.352] Successfully disconnected
[2025-11-13 23:01:31.229] Detected prompt: 'usa-leaf-2#'
[2025-11-13 23:01:31.229] Expect prompt set to: 'usa-leaf-2#'
[2025-11-13 23:01:31.229] SSHClient Message: Executing command: 'terminal length 0,show version,,'
[2025-11-13 23:01:31.233] Using shell mode for command execution with ANSI filtering
[2025-11-13 23:01:31.233] Sending command 1/4: 'terminal length 0'
[2025-11-13 23:01:31.233] Waiting between sub-commands: 1s
[2025-11-13 23:01:32.235] Sending command 2/4: 'show version'
[2025-11-13 23:01:32.237] Waiting between sub-commands: 1s
[2025-11-13 23:01:33.238] Sending newline command 3/4
[2025-11-13 23:01:33.240] Sending newline command 3/4
[2025-11-13 23:01:33.240] Waiting between sub-commands: 1s
[2025-11-13 23:01:34.244] Sending newline command 4/4
[2025-11-13 23:01:34.244] Sending newline command 4/4
[2025-11-13 23:01:34.246] Monitoring for EXACTLY 3 occurrences of: 'usa-leaf-2#'
[2025-11-13 23:01:34.248] PROMPT DETECTED: 4/3
[2025-11-13 23:01:34.248] TARGET REACHED: 4 prompts detected. STOPPING NOW.
[2025-11-13 23:01:34.248] SUCCESS: Command execution completed with 4/3 prompts
[2025-11-13 23:01:34.248] Shell command execution completed
[2025-11-13 23:01:34.248] Total shell command execution time: 3014.90ms
[2025-11-13 23:01:34.248] SSHClient Message: Waiting between commands: 1s
[2025-11-13 23:01:35.251] SSHClient Message: Command execution completed in 4017.57ms
[2025-11-13 23:01:35.251] Disconnecting from device
[2025-11-13 23:01:35.251] Successfully disconnected
[2025-11-13 23:03:10.375] Connecting to 172.16.10.22:22...
[2025-11-13 23:03:11.150] Connected to 172.16.10.22:22
[2025-11-13 23:03:11.150] Creating shell stream with ANSI filtering
[2025-11-13 23:03:11.209] SSHClient Message: Waiting for shell initialization (2000ms)
[2025-11-13 23:03:13.213] WARNING: No prompt pattern or expect prompt defined. Shell commands may not work correctly!
[2025-11-13 23:03:13.213] Attempting to auto-detect command prompt with ANSI filtering...
[2025-11-13 23:03:13.213] Sending single newline to trigger prompt
[2025-11-13 23:03:15.873] Connecting to 172.16.10.22:22...
[2025-11-13 23:03:16.780] Connected to 172.16.10.22:22
[2025-11-13 23:03:16.780] Creating shell stream with ANSI filtering
[2025-11-13 23:03:16.842] SSHClient Message: Waiting for shell initialization (2000ms)
[2025-11-13 23:03:18.848] WARNING: No prompt pattern or expect prompt defined. Shell commands may not work correctly!
[2025-11-13 23:03:18.848] Attempting to auto-detect command prompt with ANSI filtering...
[2025-11-13 23:03:18.848] Sending single newline to trigger prompt
[2025-11-13 23:03:19.239] Detected prompt: 'usa-leaf-2#'
[2025-11-13 23:03:19.239] Expect prompt set to: 'usa-leaf-2#'
[2025-11-13 23:03:19.243] SSHClient Message: Executing command: 'terminal length 0,show inventory,,'
[2025-11-13 23:03:19.243] Using shell mode for command execution with ANSI filtering
[2025-11-13 23:03:19.243] Sending command 1/4: 'terminal length 0'
[2025-11-13 23:03:19.243] Waiting between sub-commands: 1s
[2025-11-13 23:03:20.245] Sending command 2/4: 'show inventory'
[2025-11-13 23:03:20.246] Waiting between sub-commands: 1s
[2025-11-13 23:03:21.249] Sending newline command 3/4
[2025-11-13 23:03:21.249] Sending newline command 3/4
[2025-11-13 23:03:21.249] Waiting between sub-commands: 1s
[2025-11-13 23:03:22.255] Sending newline command 4/4
[2025-11-13 23:03:22.255] Sending newline command 4/4
[2025-11-13 23:03:22.258] Monitoring for EXACTLY 3 occurrences of: 'usa-leaf-2#'
[2025-11-13 23:03:22.258] PROMPT DETECTED: 4/3
[2025-11-13 23:03:22.258] TARGET REACHED: 4 prompts detected. STOPPING NOW.
[2025-11-13 23:03:22.258] SUCCESS: Command execution completed with 4/3 prompts
[2025-11-13 23:03:22.258] Shell command execution completed
[2025-11-13 23:03:22.258] Total shell command execution time: 3015.58ms
[2025-11-13 23:03:22.258] SSHClient Message: Waiting between commands: 1s
[2025-11-13 23:03:23.262] SSHClient Message: Command execution completed in 4019.27ms
[2025-11-13 23:03:23.262] Disconnecting from device
[2025-11-13 23:03:23.264] Successfully disconnected
[2025-11-13 23:03:24.867] Detected prompt: 'usa-leaf-2#'
[2025-11-13 23:03:24.867] Expect prompt set to: 'usa-leaf-2#'
[2025-11-13 23:03:24.867] SSHClient Message: Executing command: 'enable,terminal length 0,show inventory,,'
[2025-11-13 23:03:24.867] Using shell mode for command execution with ANSI filtering
[2025-11-13 23:03:24.867] Sending command 1/5: 'enable'
[2025-11-13 23:03:24.867] Waiting between sub-commands: 1s
[2025-11-13 23:03:25.872] Sending command 2/5: 'terminal length 0'
[2025-11-13 23:03:25.872] Waiting between sub-commands: 1s
[2025-11-13 23:03:26.876] Sending command 3/5: 'show inventory'
[2025-11-13 23:03:26.878] Waiting between sub-commands: 1s
[2025-11-13 23:03:27.880] Sending newline command 4/5
[2025-11-13 23:03:27.882] Sending newline command 4/5
[2025-11-13 23:03:27.882] Waiting between sub-commands: 1s
[2025-11-13 23:03:28.886] Sending newline command 5/5
[2025-11-13 23:03:28.886] Sending newline command 5/5
[2025-11-13 23:03:28.886] Monitoring for EXACTLY 4 occurrences of: 'usa-leaf-2#'
[2025-11-13 23:03:28.886] PROMPT DETECTED: 5/4
[2025-11-13 23:03:28.886] TARGET REACHED: 5 prompts detected. STOPPING NOW.
[2025-11-13 23:03:28.886] SUCCESS: Command execution completed with 5/4 prompts
[2025-11-13 23:03:28.886] Shell command execution completed
[2025-11-13 23:03:28.886] Total shell command execution time: 4018.56ms
[2025-11-13 23:03:28.886] SSHClient Message: Waiting between commands: 1s
[2025-11-13 23:03:29.891] SSHClient Message: Command execution completed in 5023.86ms
[2025-11-13 23:03:29.891] Disconnecting from device
[2025-11-13 23:03:29.891] Successfully disconnected
[2025-11-23 18:18:12.775] Connecting to 172.16.10.22:22...
[2025-11-23 18:18:12.814] Connecting to 172.16.10.22:22...
[2025-11-23 18:18:13.291] Connected to 172.16.10.22:22
[2025-11-23 18:18:13.291] Creating shell stream with ANSI filtering
[2025-11-23 18:18:13.389] SSHClient Message: Waiting for shell initialization (2000ms)
[2025-11-23 18:18:13.707] Connected to 172.16.10.22:22
[2025-11-23 18:18:13.707] Creating shell stream with ANSI filtering
[2025-11-23 18:18:13.723] Connected to 172.16.10.22:22
[2025-11-23 18:18:13.723] Creating shell stream with ANSI filtering
[2025-11-23 18:18:13.771] SSHClient Message: Waiting for shell initialization (2000ms)
[2025-11-23 18:18:13.771] SSHClient Message: Waiting for shell initialization (2000ms)
[2025-11-23 18:18:14.392] Connecting to 172.16.10.22:22...
[2025-11-23 18:18:15.391] WARNING: No prompt pattern or expect prompt defined. Shell commands may not work correctly!
[2025-11-23 18:18:15.391] Attempting to auto-detect command prompt with ANSI filtering...
[2025-11-23 18:18:15.391] Sending single newline to trigger prompt
[2025-11-23 18:18:15.775] WARNING: No prompt pattern or expect prompt defined. Shell commands may not work correctly!
[2025-11-23 18:18:15.775] Attempting to auto-detect command prompt with ANSI filtering...
[2025-11-23 18:18:15.775] Sending single newline to trigger prompt
[2025-11-23 18:18:15.784] WARNING: No prompt pattern or expect prompt defined. Shell commands may not work correctly!
[2025-11-23 18:18:15.784] Attempting to auto-detect command prompt with ANSI filtering...
[2025-11-23 18:18:15.784] Sending single newline to trigger prompt
[2025-11-23 18:18:16.121] Connected to 172.16.10.22:22
[2025-11-23 18:18:16.121] Creating shell stream with ANSI filtering
[2025-11-23 18:18:16.183] SSHClient Message: Waiting for shell initialization (2000ms)
[2025-11-23 18:18:17.716] Connecting to 172.16.10.22:22...
[2025-11-23 18:18:18.186] WARNING: No prompt pattern or expect prompt defined. Shell commands may not work correctly!
[2025-11-23 18:18:18.186] Attempting to auto-detect command prompt with ANSI filtering...
[2025-11-23 18:18:18.186] Sending single newline to trigger prompt
[2025-11-23 18:18:18.569] Connected to 172.16.10.22:22
[2025-11-23 18:18:18.572] Creating shell stream with ANSI filtering
[2025-11-23 18:18:18.632] SSHClient Message: Waiting for shell initialization (2000ms)
[2025-11-23 18:18:20.634] WARNING: No prompt pattern or expect prompt defined. Shell commands may not work correctly!
[2025-11-23 18:18:20.636] Attempting to auto-detect command prompt with ANSI filtering...
[2025-11-23 18:18:20.636] Sending single newline to trigger prompt
[2025-11-23 18:18:21.406] Detected prompt: 'usa-leaf-2#'
[2025-11-23 18:18:21.406] Expect prompt set to: 'usa-leaf-2#'
[2025-11-23 18:18:21.406] SSHClient Message: Executing command: 'terminal length 0,show ip arp,,'
[2025-11-23 18:18:21.406] Using shell mode for command execution with ANSI filtering
[2025-11-23 18:18:21.406] Sending command 1/4: 'terminal length 0'
[2025-11-23 18:18:21.411] Waiting between sub-commands: 1s
[2025-11-23 18:18:21.790] Detected prompt: 'usa-leaf-2#'
[2025-11-23 18:18:21.790] Expect prompt set to: 'usa-leaf-2#'
[2025-11-23 18:18:21.790] SSHClient Message: Executing command: 'terminal length 0,show mac address-table,,'
[2025-11-23 18:18:21.790] Using shell mode for command execution with ANSI filtering
[2025-11-23 18:18:21.790] Sending command 1/4: 'terminal length 0'
[2025-11-23 18:18:21.790] Waiting between sub-commands: 1s
[2025-11-23 18:18:21.800] Detected prompt: 'usa-leaf-2#'
[2025-11-23 18:18:21.800] Expect prompt set to: 'usa-leaf-2#'
[2025-11-23 18:18:21.800] SSHClient Message: Executing command: 'terminal length 0,show ip arp,,'
[2025-11-23 18:18:21.800] Using shell mode for command execution with ANSI filtering
[2025-11-23 18:18:21.800] Sending command 1/4: 'terminal length 0'
[2025-11-23 18:18:21.800] Waiting between sub-commands: 1s
[2025-11-23 18:18:22.413] Sending command 2/4: 'show ip arp'
[2025-11-23 18:18:22.413] Waiting between sub-commands: 1s
[2025-11-23 18:18:22.794] Sending command 2/4: 'show mac address-table'
[2025-11-23 18:18:22.796] Waiting between sub-commands: 1s
[2025-11-23 18:18:22.803] Sending command 2/4: 'show ip arp'
[2025-11-23 18:18:22.803] Waiting between sub-commands: 1s
[2025-11-23 18:18:23.415] Sending newline command 3/4
[2025-11-23 18:18:23.415] Sending newline command 3/4
[2025-11-23 18:18:23.415] Waiting between sub-commands: 1s
[2025-11-23 18:18:23.798] Sending newline command 3/4
[2025-11-23 18:18:23.798] Sending newline command 3/4
[2025-11-23 18:18:23.800] Waiting between sub-commands: 1s
[2025-11-23 18:18:23.806] Sending newline command 3/4
[2025-11-23 18:18:23.806] Sending newline command 3/4
[2025-11-23 18:18:23.806] Waiting between sub-commands: 1s
[2025-11-23 18:18:24.202] Detected prompt: 'usa-leaf-2#'
[2025-11-23 18:18:24.202] Expect prompt set to: 'usa-leaf-2#'
[2025-11-23 18:18:24.202] SSHClient Message: Executing command: 'terminal length 0,show running-config,,'
[2025-11-23 18:18:24.202] Using shell mode for command execution with ANSI filtering
[2025-11-23 18:18:24.202] Sending command 1/4: 'terminal length 0'
[2025-11-23 18:18:24.202] Waiting between sub-commands: 1s
[2025-11-23 18:18:24.417] Sending newline command 4/4
[2025-11-23 18:18:24.417] Sending newline command 4/4
[2025-11-23 18:18:24.418] Monitoring for EXACTLY 3 occurrences of: 'usa-leaf-2#'
[2025-11-23 18:18:24.419] PROMPT DETECTED: 4/3
[2025-11-23 18:18:24.419] TARGET REACHED: 4 prompts detected. STOPPING NOW.
[2025-11-23 18:18:24.419] SUCCESS: Command execution completed with 4/3 prompts
[2025-11-23 18:18:24.421] Shell command execution completed
[2025-11-23 18:18:24.421] Total shell command execution time: 3014.98ms
[2025-11-23 18:18:24.423] SSHClient Message: Waiting between commands: 1s
[2025-11-23 18:18:24.802] Sending newline command 4/4
[2025-11-23 18:18:24.804] Sending newline command 4/4
[2025-11-23 18:18:24.804] Monitoring for EXACTLY 3 occurrences of: 'usa-leaf-2#'
[2025-11-23 18:18:24.806] PROMPT DETECTED: 4/3
[2025-11-23 18:18:24.808] TARGET REACHED: 4 prompts detected. STOPPING NOW.
[2025-11-23 18:18:24.808] SUCCESS: Command execution completed with 4/3 prompts
[2025-11-23 18:18:24.808] Shell command execution completed
[2025-11-23 18:18:24.808] Total shell command execution time: 3017.94ms
[2025-11-23 18:18:24.808] SSHClient Message: Waiting between commands: 1s
[2025-11-23 18:18:24.811] Sending newline command 4/4
[2025-11-23 18:18:24.811] Sending newline command 4/4
[2025-11-23 18:18:24.811] Monitoring for EXACTLY 3 occurrences of: 'usa-leaf-2#'
[2025-11-23 18:18:24.811] PROMPT DETECTED: 1/3
[2025-11-23 18:18:25.211] Sending command 2/4: 'show running-config'
[2025-11-23 18:18:25.213] Waiting between sub-commands: 1s
[2025-11-23 18:18:25.424] SSHClient Message: Command execution completed in 4017.76ms
[2025-11-23 18:18:25.424] Disconnecting from device
[2025-11-23 18:18:25.428] Successfully disconnected
[2025-11-23 18:18:25.811] SSHClient Message: Command execution completed in 4020.35ms
[2025-11-23 18:18:25.811] Disconnecting from device
[2025-11-23 18:18:25.811] Successfully disconnected
[2025-11-23 18:18:25.904] PROMPT DETECTED: 4/3
[2025-11-23 18:18:25.904] TARGET REACHED: 4 prompts detected. STOPPING NOW.
[2025-11-23 18:18:25.904] SUCCESS: Command execution completed with 4/3 prompts
[2025-11-23 18:18:25.904] Shell command execution completed
[2025-11-23 18:18:25.904] Total shell command execution time: 4103.75ms
[2025-11-23 18:18:25.904] SSHClient Message: Waiting between commands: 1s
[2025-11-23 18:18:26.215] Sending newline command 3/4
[2025-11-23 18:18:26.215] Sending newline command 3/4
[2025-11-23 18:18:26.215] Waiting between sub-commands: 1s
[2025-11-23 18:18:26.653] Detected prompt: 'usa-leaf-2#'
[2025-11-23 18:18:26.653] Expect prompt set to: 'usa-leaf-2#'
[2025-11-23 18:18:26.653] SSHClient Message: Executing command: 'enable,terminal length 0,show running-config,,'
[2025-11-23 18:18:26.653] Using shell mode for command execution with ANSI filtering
[2025-11-23 18:18:26.653] Sending command 1/5: 'enable'
[2025-11-23 18:18:26.653] Waiting between sub-commands: 1s
[2025-11-23 18:18:26.908] SSHClient Message: Command execution completed in 5107.76ms
[2025-11-23 18:18:26.908] Disconnecting from device
[2025-11-23 18:18:26.910] Successfully disconnected
[2025-11-23 18:18:27.216] Sending newline command 4/4
[2025-11-23 18:18:27.216] Sending newline command 4/4
[2025-11-23 18:18:27.216] Monitoring for EXACTLY 3 occurrences of: 'usa-leaf-2#'
[2025-11-23 18:18:27.218] PROMPT DETECTED: 3/3
[2025-11-23 18:18:27.218] TARGET REACHED: 3 prompts detected. STOPPING NOW.
[2025-11-23 18:18:27.218] SUCCESS: Command execution completed with 3/3 prompts
[2025-11-23 18:18:27.218] Shell command execution completed
[2025-11-23 18:18:27.220] Total shell command execution time: 3018.13ms
[2025-11-23 18:18:27.220] SSHClient Message: Waiting between commands: 1s
[2025-11-23 18:18:27.656] Sending command 2/5: 'terminal length 0'
[2025-11-23 18:18:27.656] Waiting between sub-commands: 1s
[2025-11-23 18:18:28.221] SSHClient Message: Command execution completed in 4019.59ms
[2025-11-23 18:18:28.221] Disconnecting from device
[2025-11-23 18:18:28.221] Successfully disconnected
[2025-11-23 18:18:28.658] Sending command 3/5: 'show running-config'
[2025-11-23 18:18:28.658] Waiting between sub-commands: 1s
[2025-11-23 18:18:29.660] Sending newline command 4/5
[2025-11-23 18:18:29.660] Sending newline command 4/5
[2025-11-23 18:18:29.660] Waiting between sub-commands: 1s
[2025-11-23 18:18:30.664] Sending newline command 5/5
[2025-11-23 18:18:30.664] Sending newline command 5/5
[2025-11-23 18:18:30.664] Monitoring for EXACTLY 4 occurrences of: 'usa-leaf-2#'
[2025-11-23 18:18:30.664] PROMPT DETECTED: 2/4
[2025-11-23 18:18:31.733] PROMPT DETECTED: 5/4
[2025-11-23 18:18:31.733] TARGET REACHED: 5 prompts detected. STOPPING NOW.
[2025-11-23 18:18:31.733] SUCCESS: Command execution completed with 5/4 prompts
[2025-11-23 18:18:31.733] Shell command execution completed
[2025-11-23 18:18:31.733] Total shell command execution time: 5079.84ms
[2025-11-23 18:18:31.733] SSHClient Message: Waiting between commands: 1s
[2025-11-23 18:20:15.823] Connecting to 172.16.10.22:22...
[2025-11-23 18:20:15.839] Connecting to 172.16.10.22:22...
[2025-11-23 18:20:16.804] Connecting to 172.16.10.22:22...
[2025-11-23 18:20:16.848] Connected to 172.16.10.22:22
[2025-11-23 18:20:16.848] Creating shell stream with ANSI filtering
[2025-11-23 18:20:16.912] SSHClient Message: Waiting for shell initialization (2000ms)
[2025-11-23 18:20:17.663] Connected to 172.16.10.22:22
[2025-11-23 18:20:17.663] Creating shell stream with ANSI filtering
[2025-11-23 18:20:17.727] SSHClient Message: Waiting for shell initialization (2000ms)
[2025-11-23 18:20:18.913] WARNING: No prompt pattern or expect prompt defined. Shell commands may not work correctly!
[2025-11-23 18:20:18.916] Attempting to auto-detect command prompt with ANSI filtering...
[2025-11-23 18:20:18.916] Sending single newline to trigger prompt
[2025-11-23 18:20:19.740] WARNING: No prompt pattern or expect prompt defined. Shell commands may not work correctly!
[2025-11-23 18:20:19.740] Attempting to auto-detect command prompt with ANSI filtering...
[2025-11-23 18:20:19.740] Sending single newline to trigger prompt
[2025-11-23 18:20:20.196] Connecting to 172.16.10.22:22...
[2025-11-23 18:20:21.860] Connected to 172.16.10.22:22
[2025-11-23 18:20:21.860] Creating shell stream with ANSI filtering
[2025-11-23 18:20:21.940] SSHClient Message: Waiting for shell initialization (2000ms)
[2025-11-23 18:20:23.344] Connected to 172.16.10.22:22
[2025-11-23 18:20:23.344] Creating shell stream with ANSI filtering
[2025-11-23 18:20:23.402] SSHClient Message: Waiting for shell initialization (2000ms)
[2025-11-23 18:20:23.944] WARNING: No prompt pattern or expect prompt defined. Shell commands may not work correctly!
[2025-11-23 18:20:23.944] Attempting to auto-detect command prompt with ANSI filtering...
[2025-11-23 18:20:23.947] Sending single newline to trigger prompt
[2025-11-23 18:20:24.933] Detected prompt: 'usa-leaf-2#'
[2025-11-23 18:20:24.933] Expect prompt set to: 'usa-leaf-2#'
[2025-11-23 18:20:24.934] SSHClient Message: Executing command: 'terminal length 0,show lldp neighbors detail,,'
[2025-11-23 18:20:24.934] Using shell mode for command execution with ANSI filtering
[2025-11-23 18:20:24.934] Sending command 1/4: 'terminal length 0'
[2025-11-23 18:20:24.934] Waiting between sub-commands: 1s
[2025-11-23 18:20:25.415] Connecting to 172.16.10.22:22...
[2025-11-23 18:20:25.415] WARNING: No prompt pattern or expect prompt defined. Shell commands may not work correctly!
[2025-11-23 18:20:25.415] Attempting to auto-detect command prompt with ANSI filtering...
[2025-11-23 18:20:25.415] Sending single newline to trigger prompt
[2025-11-23 18:20:25.755] Detected prompt: 'usa-leaf-2#'
[2025-11-23 18:20:25.755] Expect prompt set to: 'usa-leaf-2#'
[2025-11-23 18:20:25.755] SSHClient Message: Executing command: 'terminal length 0,show lldp neighbors detail,,'
[2025-11-23 18:20:25.755] Using shell mode for command execution with ANSI filtering
[2025-11-23 18:20:25.755] Sending command 1/4: 'terminal length 0'
[2025-11-23 18:20:25.755] Waiting between sub-commands: 1s
[2025-11-23 18:20:25.936] Sending command 2/4: 'show lldp neighbors detail'
[2025-11-23 18:20:25.936] Waiting between sub-commands: 1s
[2025-11-23 18:20:26.693] Connected to 172.16.10.22:22
[2025-11-23 18:20:26.693] Creating shell stream with ANSI filtering
[2025-11-23 18:20:26.756] SSHClient Message: Waiting for shell initialization (2000ms)
[2025-11-23 18:20:26.759] Sending command 2/4: 'show lldp neighbors detail'
[2025-11-23 18:20:26.759] Waiting between sub-commands: 1s
[2025-11-23 18:20:26.938] Sending newline command 3/4
[2025-11-23 18:20:26.938] Sending newline command 3/4
[2025-11-23 18:20:26.938] Waiting between sub-commands: 1s
[2025-11-23 18:20:27.760] Sending newline command 3/4
[2025-11-23 18:20:27.760] Sending newline command 3/4
[2025-11-23 18:20:27.760] Waiting between sub-commands: 1s
[2025-11-23 18:20:27.941] Sending newline command 4/4
[2025-11-23 18:20:27.941] Sending newline command 4/4
[2025-11-23 18:20:27.941] Monitoring for EXACTLY 3 occurrences of: 'usa-leaf-2#'
[2025-11-23 18:20:27.941] PROMPT DETECTED: 4/3
[2025-11-23 18:20:27.941] TARGET REACHED: 4 prompts detected. STOPPING NOW.
[2025-11-23 18:20:27.941] SUCCESS: Command execution completed with 4/3 prompts
[2025-11-23 18:20:27.941] Shell command execution completed
[2025-11-23 18:20:27.944] Total shell command execution time: 3009.80ms
[2025-11-23 18:20:27.944] SSHClient Message: Waiting between commands: 1s
[2025-11-23 18:20:28.759] WARNING: No prompt pattern or expect prompt defined. Shell commands may not work correctly!
[2025-11-23 18:20:28.759] Attempting to auto-detect command prompt with ANSI filtering...
[2025-11-23 18:20:28.762] Sending newline command 4/4
[2025-11-23 18:20:28.762] Sending single newline to trigger prompt
[2025-11-23 18:20:28.762] Sending newline command 4/4
[2025-11-23 18:20:28.762] Monitoring for EXACTLY 3 occurrences of: 'usa-leaf-2#'
[2025-11-23 18:20:28.762] PROMPT DETECTED: 4/3
[2025-11-23 18:20:28.762] TARGET REACHED: 4 prompts detected. STOPPING NOW.
[2025-11-23 18:20:28.762] SUCCESS: Command execution completed with 4/3 prompts
[2025-11-23 18:20:28.762] Shell command execution completed
[2025-11-23 18:20:28.762] Total shell command execution time: 3007.14ms
[2025-11-23 18:20:28.762] SSHClient Message: Waiting between commands: 1s
[2025-11-23 18:20:28.946] SSHClient Message: Command execution completed in 4011.91ms
[2025-11-23 18:20:28.946] Disconnecting from device
[2025-11-23 18:20:28.949] Successfully disconnected
[2025-11-23 18:20:29.775] SSHClient Message: Command execution completed in 4019.59ms
[2025-11-23 18:20:29.775] Disconnecting from device
[2025-11-23 18:20:29.776] Successfully disconnected
[2025-11-23 18:20:29.960] Detected prompt: 'usa-leaf-2#'
[2025-11-23 18:20:29.960] Expect prompt set to: 'usa-leaf-2#'
[2025-11-23 18:20:29.962] SSHClient Message: Executing command: 'terminal length 0,show ip route,,'
[2025-11-23 18:20:29.963] Using shell mode for command execution with ANSI filtering
[2025-11-23 18:20:29.963] Sending command 1/4: 'terminal length 0'
[2025-11-23 18:20:29.963] Waiting between sub-commands: 1s
[2025-11-23 18:20:30.965] Sending command 2/4: 'show ip route'
[2025-11-23 18:20:30.965] Waiting between sub-commands: 1s
[2025-11-23 18:20:31.969] Sending newline command 3/4
[2025-11-23 18:20:31.969] Sending newline command 3/4
[2025-11-23 18:20:31.969] Waiting between sub-commands: 1s
[2025-11-23 18:20:32.971] Sending newline command 4/4
[2025-11-23 18:20:32.971] Sending newline command 4/4
[2025-11-23 18:20:32.971] Monitoring for EXACTLY 3 occurrences of: 'usa-leaf-2#'
[2025-11-23 18:20:32.971] PROMPT DETECTED: 4/3
[2025-11-23 18:20:32.971] TARGET REACHED: 4 prompts detected. STOPPING NOW.
[2025-11-23 18:20:32.971] SUCCESS: Command execution completed with 4/3 prompts
[2025-11-23 18:20:32.971] Shell command execution completed
[2025-11-23 18:20:32.971] Total shell command execution time: 3008.02ms
[2025-11-23 18:20:32.971] SSHClient Message: Waiting between commands: 1s
[2025-11-23 18:20:33.978] SSHClient Message: Command execution completed in 4015.43ms
[2025-11-23 18:20:33.978] Disconnecting from device
[2025-11-23 18:20:33.978] Successfully disconnected
[2025-11-23 18:20:34.778] Detected prompt: 'usa-leaf-2#'
[2025-11-23 18:20:34.778] Expect prompt set to: 'usa-leaf-2#'
[2025-11-23 18:20:34.778] SSHClient Message: Executing command: 'terminal length 0,show ip route,,'
[2025-11-23 18:20:34.778] Using shell mode for command execution with ANSI filtering
[2025-11-23 18:20:34.778] Sending command 1/4: 'terminal length 0'
[2025-11-23 18:20:34.778] Waiting between sub-commands: 1s
[2025-11-23 18:20:35.785] Sending command 2/4: 'show ip route'
[2025-11-23 18:20:35.786] Waiting between sub-commands: 1s
[2025-11-23 18:20:36.789] Sending newline command 3/4
[2025-11-23 18:20:36.789] Sending newline command 3/4
[2025-11-23 18:20:36.789] Waiting between sub-commands: 1s
[2025-11-23 18:20:37.795] Sending newline command 4/4
[2025-11-23 18:20:37.795] Sending newline command 4/4
[2025-11-23 18:20:37.795] Monitoring for EXACTLY 3 occurrences of: 'usa-leaf-2#'
[2025-11-23 18:20:37.795] PROMPT DETECTED: 1/3
[2025-11-23 18:20:39.467] PROMPT DETECTED: 5/3
[2025-11-23 18:20:39.467] TARGET REACHED: 5 prompts detected. STOPPING NOW.
[2025-11-23 18:20:39.467] SUCCESS: Command execution completed with 5/3 prompts
[2025-11-23 18:20:39.467] Shell command execution completed
[2025-11-23 18:20:39.467] Total shell command execution time: 4688.84ms
[2025-11-23 18:20:39.467] SSHClient Message: Waiting between commands: 1s
[2025-11-23 18:22:17.562] Connecting to 172.16.10.22:22...
[2025-11-23 18:22:17.879] Connecting to 172.16.10.22:22...
[2025-11-23 18:22:18.405] Connected to 172.16.10.22:22
[2025-11-23 18:22:18.405] Creating shell stream with ANSI filtering
[2025-11-23 18:22:18.469] SSHClient Message: Waiting for shell initialization (2000ms)
[2025-11-23 18:22:18.914] Connected to 172.16.10.22:22
[2025-11-23 18:22:18.914] Creating shell stream with ANSI filtering
[2025-11-23 18:22:18.977] SSHClient Message: Waiting for shell initialization (2000ms)
[2025-11-23 18:22:20.477] WARNING: No prompt pattern or expect prompt defined. Shell commands may not work correctly!
[2025-11-23 18:22:20.477] Attempting to auto-detect command prompt with ANSI filtering...
[2025-11-23 18:22:20.477] Sending single newline to trigger prompt
[2025-11-23 18:22:20.990] WARNING: No prompt pattern or expect prompt defined. Shell commands may not work correctly!
[2025-11-23 18:22:20.990] Attempting to auto-detect command prompt with ANSI filtering...
[2025-11-23 18:22:20.990] Sending single newline to trigger prompt
[2025-11-23 18:22:24.735] Connecting to 172.16.10.22:22...
[2025-11-23 18:22:25.043] Connecting to 172.16.10.22:22...
[2025-11-23 18:22:25.522] Connected to 172.16.10.22:22
[2025-11-23 18:22:25.522] Creating shell stream with ANSI filtering
[2025-11-23 18:22:25.585] SSHClient Message: Waiting for shell initialization (2000ms)
[2025-11-23 18:22:26.526] Detected prompt: 'usa-leaf-2#'
[2025-11-23 18:22:26.526] Expect prompt set to: 'usa-leaf-2#'
[2025-11-23 18:22:26.526] SSHClient Message: Executing command: 'terminal length 0,show version,,'
[2025-11-23 18:22:26.526] Using shell mode for command execution with ANSI filtering
[2025-11-23 18:22:26.526] Sending command 1/4: 'terminal length 0'
[2025-11-23 18:22:26.526] Waiting between sub-commands: 1s
[2025-11-23 18:22:26.603] Connected to 172.16.10.22:22
[2025-11-23 18:22:26.603] Creating shell stream with ANSI filtering
[2025-11-23 18:22:26.666] SSHClient Message: Waiting for shell initialization (2000ms)
[2025-11-23 18:22:27.005] Detected prompt: 'usa-leaf-2#'
[2025-11-23 18:22:27.005] Expect prompt set to: 'usa-leaf-2#'
[2025-11-23 18:22:27.005] SSHClient Message: Executing command: 'terminal length 0,show version,,'
[2025-11-23 18:22:27.005] Using shell mode for command execution with ANSI filtering
[2025-11-23 18:22:27.005] Sending command 1/4: 'terminal length 0'
[2025-11-23 18:22:27.005] Waiting between sub-commands: 1s
[2025-11-23 18:22:27.535] Sending command 2/4: 'show version'
[2025-11-23 18:22:27.535] Waiting between sub-commands: 1s
[2025-11-23 18:22:27.597] WARNING: No prompt pattern or expect prompt defined. Shell commands may not work correctly!
[2025-11-23 18:22:27.597] Attempting to auto-detect command prompt with ANSI filtering...
[2025-11-23 18:22:27.597] Sending single newline to trigger prompt
[2025-11-23 18:22:28.014] Sending command 2/4: 'show version'
[2025-11-23 18:22:28.014] Waiting between sub-commands: 1s
[2025-11-23 18:22:28.539] Sending newline command 3/4
[2025-11-23 18:22:28.540] Sending newline command 3/4
[2025-11-23 18:22:28.542] Waiting between sub-commands: 1s
[2025-11-23 18:22:28.682] WARNING: No prompt pattern or expect prompt defined. Shell commands may not work correctly!
[2025-11-23 18:22:28.682] Attempting to auto-detect command prompt with ANSI filtering...
[2025-11-23 18:22:28.682] Sending single newline to trigger prompt
[2025-11-23 18:22:29.017] Sending newline command 3/4
[2025-11-23 18:22:29.017] Sending newline command 3/4
[2025-11-23 18:22:29.018] Waiting between sub-commands: 1s
[2025-11-23 18:22:29.543] Sending newline command 4/4
[2025-11-23 18:22:29.544] Sending newline command 4/4
[2025-11-23 18:22:29.547] Monitoring for EXACTLY 3 occurrences of: 'usa-leaf-2#'
[2025-11-23 18:22:29.548] PROMPT DETECTED: 4/3
[2025-11-23 18:22:29.549] TARGET REACHED: 4 prompts detected. STOPPING NOW.
[2025-11-23 18:22:29.551] SUCCESS: Command execution completed with 4/3 prompts
[2025-11-23 18:22:29.552] Shell command execution completed
[2025-11-23 18:22:29.553] Total shell command execution time: 3026.67ms
[2025-11-23 18:22:29.554] SSHClient Message: Waiting between commands: 1s
[2025-11-23 18:22:30.020] Sending newline command 4/4
[2025-11-23 18:22:30.023] Sending newline command 4/4
[2025-11-23 18:22:30.024] Monitoring for EXACTLY 3 occurrences of: 'usa-leaf-2#'
[2025-11-23 18:22:30.025] PROMPT DETECTED: 4/3
[2025-11-23 18:22:30.026] TARGET REACHED: 4 prompts detected. STOPPING NOW.
[2025-11-23 18:22:30.027] SUCCESS: Command execution completed with 4/3 prompts
[2025-11-23 18:22:30.027] Shell command execution completed
[2025-11-23 18:22:30.028] Total shell command execution time: 3023.14ms
[2025-11-23 18:22:30.029] SSHClient Message: Waiting between commands: 1s
[2025-11-23 18:22:30.556] SSHClient Message: Command execution completed in 4029.70ms
[2025-11-23 18:22:30.556] Disconnecting from device
[2025-11-23 18:22:30.560] Successfully disconnected
[2025-11-23 18:22:31.030] SSHClient Message: Command execution completed in 4025.57ms
[2025-11-23 18:22:31.030] Disconnecting from device
[2025-11-23 18:22:31.031] Successfully disconnected
[2025-11-23 18:22:33.615] Detected prompt: 'usa-leaf-2#'
[2025-11-23 18:22:33.615] Expect prompt set to: 'usa-leaf-2#'
[2025-11-23 18:22:33.615] SSHClient Message: Executing command: 'enable,terminal length 0,show inventory,,'
[2025-11-23 18:22:33.615] Using shell mode for command execution with ANSI filtering
[2025-11-23 18:22:33.615] Sending command 1/5: 'enable'
[2025-11-23 18:22:33.615] Waiting between sub-commands: 1s
[2025-11-23 18:22:34.618] Sending command 2/5: 'terminal length 0'
[2025-11-23 18:22:34.618] Waiting between sub-commands: 1s
[2025-11-23 18:22:34.699] Detected prompt: 'usa-leaf-2#'
[2025-11-23 18:22:34.699] Expect prompt set to: 'usa-leaf-2#'
[2025-11-23 18:22:34.699] SSHClient Message: Executing command: 'terminal length 0,show inventory,,'
[2025-11-23 18:22:34.699] Using shell mode for command execution with ANSI filtering
[2025-11-23 18:22:34.699] Sending command 1/4: 'terminal length 0'
[2025-11-23 18:22:34.699] Waiting between sub-commands: 1s
[2025-11-23 18:22:35.622] Sending command 3/5: 'show inventory'
[2025-11-23 18:22:35.622] Waiting between sub-commands: 1s
[2025-11-23 18:22:35.702] Sending command 2/4: 'show inventory'
[2025-11-23 18:22:35.702] Waiting between sub-commands: 1s
[2025-11-23 18:22:36.625] Sending newline command 4/5
[2025-11-23 18:22:36.652] Sending newline command 4/5
[2025-11-23 18:22:36.652] Waiting between sub-commands: 1s
[2025-11-23 18:22:36.703] Sending newline command 3/4
[2025-11-23 18:22:36.703] Sending newline command 3/4
[2025-11-23 18:22:36.703] Waiting between sub-commands: 1s
[2025-11-23 18:22:37.662] Sending newline command 5/5
[2025-11-23 18:22:37.662] Sending newline command 5/5
[2025-11-23 18:22:37.662] Monitoring for EXACTLY 4 occurrences of: 'usa-leaf-2#'
[2025-11-23 18:22:37.662] PROMPT DETECTED: 5/4
[2025-11-23 18:22:37.662] TARGET REACHED: 5 prompts detected. STOPPING NOW.
[2025-11-23 18:22:37.662] SUCCESS: Command execution completed with 5/4 prompts
[2025-11-23 18:22:37.662] Shell command execution completed
[2025-11-23 18:22:37.662] Total shell command execution time: 4046.87ms
[2025-11-23 18:22:37.662] SSHClient Message: Waiting between commands: 1s
[2025-11-23 18:22:37.708] Sending newline command 4/4
[2025-11-23 18:22:37.708] Sending newline command 4/4
[2025-11-23 18:22:37.708] Monitoring for EXACTLY 3 occurrences of: 'usa-leaf-2#'
[2025-11-23 18:22:37.708] PROMPT DETECTED: 4/3
[2025-11-23 18:22:37.708] TARGET REACHED: 4 prompts detected. STOPPING NOW.
[2025-11-23 18:22:37.708] SUCCESS: Command execution completed with 4/3 prompts
[2025-11-23 18:22:37.708] Shell command execution completed
[2025-11-23 18:22:37.708] Total shell command execution time: 3008.84ms
[2025-11-23 18:22:37.708] SSHClient Message: Waiting between commands: 1s
[2025-11-23 18:22:38.669] SSHClient Message: Command execution completed in 5054.47ms
[2025-11-23 18:22:38.669] Disconnecting from device
[2025-11-23 18:22:38.669] Successfully disconnected
[2025-11-23 18:22:38.718] SSHClient Message: Command execution completed in 4019.22ms
[2025-11-23 18:22:38.718] Disconnecting from device
[2025-11-23 18:22:38.718] Successfully disconnected
