[2025-11-13 22:58:30.777] Connecting to 172.16.11.43:22...
[2025-11-13 22:58:30.777] Connecting to 172.16.11.43:22...
[2025-11-13 22:58:30.796] Connecting to 172.16.11.43:22...
[2025-11-13 22:58:30.796] Connecting to 172.16.11.43:22...
[2025-11-13 22:58:31.768] Connected to 172.16.11.43:22
[2025-11-13 22:58:31.768] Creating shell stream with ANSI filtering
[2025-11-13 22:58:31.809] Connected to 172.16.11.43:22
[2025-11-13 22:58:31.820] Creating shell stream with ANSI filtering
[2025-11-13 22:58:31.820] SSHClient Message: Waiting for shell initialization (2000ms)
[2025-11-13 22:58:31.873] SSHClient Message: Waiting for shell initialization (2000ms)
[2025-11-13 22:58:31.884] Connected to 172.16.11.43:22
[2025-11-13 22:58:31.884] Creating shell stream with ANSI filtering
[2025-11-13 22:58:31.948] SSHClient Message: Waiting for shell initialization (2000ms)
[2025-11-13 22:58:31.968] Connected to 172.16.11.43:22
[2025-11-13 22:58:31.968] Creating shell stream with ANSI filtering
[2025-11-13 22:58:32.030] SSHClient Message: Waiting for shell initialization (2000ms)
[2025-11-13 22:58:32.649] Connecting to 172.16.11.43:22...
[2025-11-13 22:58:33.655] Connected to 172.16.11.43:22
[2025-11-13 22:58:33.655] Creating shell stream with ANSI filtering
[2025-11-13 22:58:33.719] SSHClient Message: Waiting for shell initialization (2000ms)
[2025-11-13 22:58:33.832] WARNING: No prompt pattern or expect prompt defined. Shell commands may not work correctly!
[2025-11-13 22:58:33.832] Attempting to auto-detect command prompt with ANSI filtering...
[2025-11-13 22:58:33.832] Sending single newline to trigger prompt
[2025-11-13 22:58:33.887] WARNING: No prompt pattern or expect prompt defined. Shell commands may not work correctly!
[2025-11-13 22:58:33.887] Attempting to auto-detect command prompt with ANSI filtering...
[2025-11-13 22:58:33.887] Sending single newline to trigger prompt
[2025-11-13 22:58:33.950] WARNING: No prompt pattern or expect prompt defined. Shell commands may not work correctly!
[2025-11-13 22:58:33.950] Attempting to auto-detect command prompt with ANSI filtering...
[2025-11-13 22:58:33.953] Sending single newline to trigger prompt
[2025-11-13 22:58:34.031] WARNING: No prompt pattern or expect prompt defined. Shell commands may not work correctly!
[2025-11-13 22:58:34.031] Attempting to auto-detect command prompt with ANSI filtering...
[2025-11-13 22:58:34.031] Sending single newline to trigger prompt
[2025-11-13 22:58:35.728] WARNING: No prompt pattern or expect prompt defined. Shell commands may not work correctly!
[2025-11-13 22:58:35.728] Attempting to auto-detect command prompt with ANSI filtering...
[2025-11-13 22:58:35.728] Sending single newline to trigger prompt
[2025-11-13 22:58:39.850] Detected prompt: 'eng-leaf-3#'
[2025-11-13 22:58:39.850] Expect prompt set to: 'eng-leaf-3#'
[2025-11-13 22:58:39.850] SSHClient Message: Executing command: 'terminal length 0,show ip arp,,'
[2025-11-13 22:58:39.850] Using shell mode for command execution with ANSI filtering
[2025-11-13 22:58:39.850] Sending command 1/4: 'terminal length 0'
[2025-11-13 22:58:39.850] Waiting between sub-commands: 1s
[2025-11-13 22:58:39.903] Detected prompt: 'eng-leaf-3#'
[2025-11-13 22:58:39.903] Expect prompt set to: 'eng-leaf-3#'
[2025-11-13 22:58:39.903] SSHClient Message: Executing command: 'terminal length 0,show running-config,,'
[2025-11-13 22:58:39.903] Using shell mode for command execution with ANSI filtering
[2025-11-13 22:58:39.903] Sending command 1/4: 'terminal length 0'
[2025-11-13 22:58:39.903] Waiting between sub-commands: 1s
[2025-11-13 22:58:39.969] Detected prompt: 'eng-leaf-3#'
[2025-11-13 22:58:39.969] Expect prompt set to: 'eng-leaf-3#'
[2025-11-13 22:58:39.969] SSHClient Message: Executing command: 'terminal length 0,show ip arp,,'
[2025-11-13 22:58:39.969] Using shell mode for command execution with ANSI filtering
[2025-11-13 22:58:39.969] Sending command 1/4: 'terminal length 0'
[2025-11-13 22:58:39.969] Waiting between sub-commands: 1s
[2025-11-13 22:58:40.046] Detected prompt: 'eng-leaf-3#'
[2025-11-13 22:58:40.046] Expect prompt set to: 'eng-leaf-3#'
[2025-11-13 22:58:40.046] SSHClient Message: Executing command: 'terminal length 0,show mac address-table,,'
[2025-11-13 22:58:40.046] Using shell mode for command execution with ANSI filtering
[2025-11-13 22:58:40.046] Sending command 1/4: 'terminal length 0'
[2025-11-13 22:58:40.048] Waiting between sub-commands: 1s
[2025-11-13 22:58:40.853] Sending command 2/4: 'show ip arp'
[2025-11-13 22:58:40.853] Waiting between sub-commands: 1s
[2025-11-13 22:58:40.906] Sending command 2/4: 'show running-config'
[2025-11-13 22:58:40.906] Waiting between sub-commands: 1s
[2025-11-13 22:58:40.972] Sending command 2/4: 'show ip arp'
[2025-11-13 22:58:40.972] Waiting between sub-commands: 1s
[2025-11-13 22:58:41.048] Sending command 2/4: 'show mac address-table'
[2025-11-13 22:58:41.048] Waiting between sub-commands: 1s
[2025-11-13 22:58:41.746] Detected prompt: 'eng-leaf-3#'
[2025-11-13 22:58:41.746] Expect prompt set to: 'eng-leaf-3#'
[2025-11-13 22:58:41.746] SSHClient Message: Executing command: 'enable,terminal length 0,show running-config,,'
[2025-11-13 22:58:41.746] Using shell mode for command execution with ANSI filtering
[2025-11-13 22:58:41.746] Sending command 1/5: 'enable'
[2025-11-13 22:58:41.746] Waiting between sub-commands: 1s
[2025-11-13 22:58:41.854] Sending newline command 3/4
[2025-11-13 22:58:41.855] Sending newline command 3/4
[2025-11-13 22:58:41.855] Waiting between sub-commands: 1s
[2025-11-13 22:58:41.907] Sending newline command 3/4
[2025-11-13 22:58:41.907] Sending newline command 3/4
[2025-11-13 22:58:41.907] Waiting between sub-commands: 1s
[2025-11-13 22:58:41.974] Sending newline command 3/4
[2025-11-13 22:58:41.974] Sending newline command 3/4
[2025-11-13 22:58:41.974] Waiting between sub-commands: 1s
[2025-11-13 22:58:42.050] Sending newline command 3/4
[2025-11-13 22:58:42.050] Sending newline command 3/4
[2025-11-13 22:58:42.050] Waiting between sub-commands: 1s
[2025-11-13 22:58:42.749] Sending command 2/5: 'terminal length 0'
[2025-11-13 22:58:42.749] Waiting between sub-commands: 1s
[2025-11-13 22:58:42.856] Sending newline command 4/4
[2025-11-13 22:58:42.856] Sending newline command 4/4
[2025-11-13 22:58:42.856] Monitoring for EXACTLY 3 occurrences of: 'eng-leaf-3#'
[2025-11-13 22:58:42.862] PROMPT DETECTED: 4/3
[2025-11-13 22:58:42.862] TARGET REACHED: 4 prompts detected. STOPPING NOW.
[2025-11-13 22:58:42.862] SUCCESS: Command execution completed with 4/3 prompts
[2025-11-13 22:58:42.862] Shell command execution completed
[2025-11-13 22:58:42.862] Total shell command execution time: 3012.01ms
[2025-11-13 22:58:42.862] SSHClient Message: Waiting between commands: 1s
[2025-11-13 22:58:42.912] Sending newline command 4/4
[2025-11-13 22:58:42.912] Sending newline command 4/4
[2025-11-13 22:58:42.912] Monitoring for EXACTLY 3 occurrences of: 'eng-leaf-3#'
[2025-11-13 22:58:42.912] PROMPT DETECTED: 4/3
[2025-11-13 22:58:42.912] TARGET REACHED: 4 prompts detected. STOPPING NOW.
[2025-11-13 22:58:42.914] SUCCESS: Command execution completed with 4/3 prompts
[2025-11-13 22:58:42.914] Shell command execution completed
[2025-11-13 22:58:42.914] Total shell command execution time: 3011.02ms
[2025-11-13 22:58:42.914] SSHClient Message: Waiting between commands: 1s
[2025-11-13 22:58:42.975] Sending newline command 4/4
[2025-11-13 22:58:42.976] Sending newline command 4/4
[2025-11-13 22:58:42.976] Monitoring for EXACTLY 3 occurrences of: 'eng-leaf-3#'
[2025-11-13 22:58:42.976] PROMPT DETECTED: 4/3
[2025-11-13 22:58:42.976] TARGET REACHED: 4 prompts detected. STOPPING NOW.
[2025-11-13 22:58:42.976] SUCCESS: Command execution completed with 4/3 prompts
[2025-11-13 22:58:42.976] Shell command execution completed
[2025-11-13 22:58:42.976] Total shell command execution time: 3007.16ms
[2025-11-13 22:58:42.976] SSHClient Message: Waiting between commands: 1s
[2025-11-13 22:58:43.051] Sending newline command 4/4
[2025-11-13 22:58:43.051] Sending newline command 4/4
[2025-11-13 22:58:43.051] Monitoring for EXACTLY 3 occurrences of: 'eng-leaf-3#'
[2025-11-13 22:58:43.051] PROMPT DETECTED: 4/3
[2025-11-13 22:58:43.051] TARGET REACHED: 4 prompts detected. STOPPING NOW.
[2025-11-13 22:58:43.051] SUCCESS: Command execution completed with 4/3 prompts
[2025-11-13 22:58:43.051] Shell command execution completed
[2025-11-13 22:58:43.051] Total shell command execution time: 3005.78ms
[2025-11-13 22:58:43.051] SSHClient Message: Waiting between commands: 1s
[2025-11-13 22:58:43.752] Sending command 3/5: 'show running-config'
[2025-11-13 22:58:43.752] Waiting between sub-commands: 1s
[2025-11-13 22:58:43.864] SSHClient Message: Command execution completed in 4013.98ms
[2025-11-13 22:58:43.864] Disconnecting from device
[2025-11-13 22:58:43.864] Successfully disconnected
[2025-11-13 22:58:43.915] SSHClient Message: Command execution completed in 4012.20ms
[2025-11-13 22:58:43.915] Disconnecting from device
[2025-11-13 22:58:43.915] Successfully disconnected
[2025-11-13 22:58:43.979] SSHClient Message: Command execution completed in 4010.20ms
[2025-11-13 22:58:43.979] Disconnecting from device
[2025-11-13 22:58:43.980] Successfully disconnected
[2025-11-13 22:58:44.055] SSHClient Message: Command execution completed in 4008.89ms
[2025-11-13 22:58:44.055] Disconnecting from device
[2025-11-13 22:58:44.055] Successfully disconnected
[2025-11-13 22:58:44.756] Sending newline command 4/5
[2025-11-13 22:58:44.756] Sending newline command 4/5
[2025-11-13 22:58:44.756] Waiting between sub-commands: 1s
[2025-11-13 22:58:45.762] Sending newline command 5/5
[2025-11-13 22:58:45.762] Sending newline command 5/5
[2025-11-13 22:58:45.762] Monitoring for EXACTLY 4 occurrences of: 'eng-leaf-3#'
[2025-11-13 22:58:45.764] PROMPT DETECTED: 5/4
[2025-11-13 22:58:45.764] TARGET REACHED: 5 prompts detected. STOPPING NOW.
[2025-11-13 22:58:45.764] SUCCESS: Command execution completed with 5/4 prompts
[2025-11-13 22:58:45.764] Shell command execution completed
[2025-11-13 22:58:45.764] Total shell command execution time: 4017.92ms
[2025-11-13 22:58:45.764] SSHClient Message: Waiting between commands: 1s
[2025-11-13 22:58:46.768] SSHClient Message: Command execution completed in 5022.24ms
[2025-11-13 22:58:46.768] Disconnecting from device
[2025-11-13 22:58:46.768] Successfully disconnected
[2025-11-13 23:00:30.623] Connecting to 172.16.11.43:22...
[2025-11-13 23:00:30.623] Connecting to 172.16.11.43:22...
[2025-11-13 23:00:30.903] Connecting to 172.16.11.43:22...
[2025-11-13 23:00:31.321] Connecting to 172.16.11.43:22...
[2025-11-13 23:00:31.400] Connected to 172.16.11.43:22
[2025-11-13 23:00:31.400] Creating shell stream with ANSI filtering
[2025-11-13 23:00:31.460] SSHClient Message: Waiting for shell initialization (2000ms)
[2025-11-13 23:00:31.460] Creating shell stream with ANSI filtering
[2025-11-13 23:00:31.523] SSHClient Message: Waiting for shell initialization (2000ms)
[2025-11-13 23:00:32.091] Connected to 172.16.11.43:22
[2025-11-13 23:00:32.091] Creating shell stream with ANSI filtering
[2025-11-13 23:00:32.123] Connected to 172.16.11.43:22
[2025-11-13 23:00:32.133] Creating shell stream with ANSI filtering
[2025-11-13 23:00:32.145] SSHClient Message: Waiting for shell initialization (2000ms)
[2025-11-13 23:00:32.187] SSHClient Message: Waiting for shell initialization (2000ms)
[2025-11-13 23:00:33.470] WARNING: No prompt pattern or expect prompt defined. Shell commands may not work correctly!
[2025-11-13 23:00:33.470] Attempting to auto-detect command prompt with ANSI filtering...
[2025-11-13 23:00:33.470] Sending single newline to trigger prompt
[2025-11-13 23:00:33.530] WARNING: No prompt pattern or expect prompt defined. Shell commands may not work correctly!
[2025-11-13 23:00:33.530] Attempting to auto-detect command prompt with ANSI filtering...
[2025-11-13 23:00:33.530] Sending single newline to trigger prompt
[2025-11-13 23:00:34.156] WARNING: No prompt pattern or expect prompt defined. Shell commands may not work correctly!
[2025-11-13 23:00:34.159] Attempting to auto-detect command prompt with ANSI filtering...
[2025-11-13 23:00:34.159] Sending single newline to trigger prompt
[2025-11-13 23:00:34.197] WARNING: No prompt pattern or expect prompt defined. Shell commands may not work correctly!
[2025-11-13 23:00:34.197] Attempting to auto-detect command prompt with ANSI filtering...
[2025-11-13 23:00:34.197] Sending single newline to trigger prompt
[2025-11-13 23:00:39.485] Detected prompt: 'eng-leaf-3#'
[2025-11-13 23:00:39.485] Expect prompt set to: 'eng-leaf-3#'
[2025-11-13 23:00:39.485] SSHClient Message: Executing command: 'terminal length 0,show mac address-table,,'
[2025-11-13 23:00:39.486] Using shell mode for command execution with ANSI filtering
[2025-11-13 23:00:39.486] Sending command 1/4: 'terminal length 0'
[2025-11-13 23:00:39.487] Waiting between sub-commands: 1s
[2025-11-13 23:00:39.548] Detected prompt: 'eng-leaf-3#'
[2025-11-13 23:00:39.550] Expect prompt set to: 'eng-leaf-3#'
[2025-11-13 23:00:39.551] SSHClient Message: Executing command: 'terminal length 0,show lldp neighbors detail,,'
[2025-11-13 23:00:39.552] Using shell mode for command execution with ANSI filtering
[2025-11-13 23:00:39.552] Sending command 1/4: 'terminal length 0'
[2025-11-13 23:00:39.553] Waiting between sub-commands: 1s
[2025-11-13 23:00:40.177] Detected prompt: 'eng-leaf-3#'
[2025-11-13 23:00:40.177] Expect prompt set to: 'eng-leaf-3#'
[2025-11-13 23:00:40.177] SSHClient Message: Executing command: 'terminal length 0,show lldp neighbors detail,,'
[2025-11-13 23:00:40.177] Using shell mode for command execution with ANSI filtering
[2025-11-13 23:00:40.177] Sending command 1/4: 'terminal length 0'
[2025-11-13 23:00:40.178] Waiting between sub-commands: 1s
[2025-11-13 23:00:40.218] Detected prompt: 'eng-leaf-3#'
[2025-11-13 23:00:40.218] Expect prompt set to: 'eng-leaf-3#'
[2025-11-13 23:00:40.218] SSHClient Message: Executing command: 'terminal length 0,show version,,'
[2025-11-13 23:00:40.219] Using shell mode for command execution with ANSI filtering
[2025-11-13 23:00:40.219] Sending command 1/4: 'terminal length 0'
[2025-11-13 23:00:40.219] Waiting between sub-commands: 1s
[2025-11-13 23:00:40.488] Sending command 2/4: 'show mac address-table'
[2025-11-13 23:00:40.488] Waiting between sub-commands: 1s
[2025-11-13 23:00:40.554] Sending command 2/4: 'show lldp neighbors detail'
[2025-11-13 23:00:40.555] Waiting between sub-commands: 1s
[2025-11-13 23:00:40.950] Connecting to 172.16.11.43:22...
[2025-11-13 23:00:41.179] Sending command 2/4: 'show lldp neighbors detail'
[2025-11-13 23:00:41.179] Waiting between sub-commands: 1s
[2025-11-13 23:00:41.221] Sending command 2/4: 'show version'
[2025-11-13 23:00:41.221] Waiting between sub-commands: 1s
[2025-11-13 23:00:41.489] Sending newline command 3/4
[2025-11-13 23:00:41.489] Sending newline command 3/4
[2025-11-13 23:00:41.489] Waiting between sub-commands: 1s
[2025-11-13 23:00:41.556] Sending newline command 3/4
[2025-11-13 23:00:41.556] Sending newline command 3/4
[2025-11-13 23:00:41.556] Waiting between sub-commands: 1s
[2025-11-13 23:00:41.929] Connected to 172.16.11.43:22
[2025-11-13 23:00:41.930] Creating shell stream with ANSI filtering
[2025-11-13 23:00:41.991] SSHClient Message: Waiting for shell initialization (2000ms)
[2025-11-13 23:00:42.180] Sending newline command 3/4
[2025-11-13 23:00:42.181] Sending newline command 3/4
[2025-11-13 23:00:42.181] Waiting between sub-commands: 1s
[2025-11-13 23:00:42.222] Sending newline command 3/4
[2025-11-13 23:00:42.222] Sending newline command 3/4
[2025-11-13 23:00:42.223] Waiting between sub-commands: 1s
[2025-11-13 23:00:42.491] Sending newline command 4/4
[2025-11-13 23:00:42.491] Sending newline command 4/4
[2025-11-13 23:00:42.492] Monitoring for EXACTLY 3 occurrences of: 'eng-leaf-3#'
[2025-11-13 23:00:42.492] PROMPT DETECTED: 4/3
[2025-11-13 23:00:42.492] TARGET REACHED: 4 prompts detected. STOPPING NOW.
[2025-11-13 23:00:42.492] SUCCESS: Command execution completed with 4/3 prompts
[2025-11-13 23:00:42.493] Shell command execution completed
[2025-11-13 23:00:42.493] Total shell command execution time: 3006.35ms
[2025-11-13 23:00:42.493] SSHClient Message: Waiting between commands: 1s
[2025-11-13 23:00:42.558] Sending newline command 4/4
[2025-11-13 23:00:42.558] Sending newline command 4/4
[2025-11-13 23:00:42.558] Monitoring for EXACTLY 3 occurrences of: 'eng-leaf-3#'
[2025-11-13 23:00:42.558] PROMPT DETECTED: 4/3
[2025-11-13 23:00:42.559] TARGET REACHED: 4 prompts detected. STOPPING NOW.
[2025-11-13 23:00:42.559] SUCCESS: Command execution completed with 4/3 prompts
[2025-11-13 23:00:42.559] Shell command execution completed
[2025-11-13 23:00:42.560] Total shell command execution time: 3007.81ms
[2025-11-13 23:00:42.560] SSHClient Message: Waiting between commands: 1s
[2025-11-13 23:00:43.182] Sending newline command 4/4
[2025-11-13 23:00:43.182] Sending newline command 4/4
[2025-11-13 23:00:43.183] Monitoring for EXACTLY 3 occurrences of: 'eng-leaf-3#'
[2025-11-13 23:00:43.183] PROMPT DETECTED: 4/3
[2025-11-13 23:00:43.183] TARGET REACHED: 4 prompts detected. STOPPING NOW.
[2025-11-13 23:00:43.183] SUCCESS: Command execution completed with 4/3 prompts
[2025-11-13 23:00:43.184] Shell command execution completed
[2025-11-13 23:00:43.184] Total shell command execution time: 3007.06ms
[2025-11-13 23:00:43.184] SSHClient Message: Waiting between commands: 1s
[2025-11-13 23:00:43.224] Sending newline command 4/4
[2025-11-13 23:00:43.224] Sending newline command 4/4
[2025-11-13 23:00:43.224] Monitoring for EXACTLY 3 occurrences of: 'eng-leaf-3#'
[2025-11-13 23:00:43.225] PROMPT DETECTED: 4/3
[2025-11-13 23:00:43.225] TARGET REACHED: 4 prompts detected. STOPPING NOW.
[2025-11-13 23:00:43.225] SUCCESS: Command execution completed with 4/3 prompts
[2025-11-13 23:00:43.226] Shell command execution completed
[2025-11-13 23:00:43.226] Total shell command execution time: 3006.78ms
[2025-11-13 23:00:43.227] SSHClient Message: Waiting between commands: 1s
[2025-11-13 23:00:43.494] SSHClient Message: Command execution completed in 4007.70ms
[2025-11-13 23:00:43.495] Disconnecting from device
[2025-11-13 23:00:43.495] Successfully disconnected
[2025-11-13 23:00:43.561] SSHClient Message: Command execution completed in 4008.60ms
[2025-11-13 23:00:43.561] Disconnecting from device
[2025-11-13 23:00:43.561] Successfully disconnected
[2025-11-13 23:00:43.993] WARNING: No prompt pattern or expect prompt defined. Shell commands may not work correctly!
[2025-11-13 23:00:43.993] Attempting to auto-detect command prompt with ANSI filtering...
[2025-11-13 23:00:43.994] Sending single newline to trigger prompt
[2025-11-13 23:00:44.186] SSHClient Message: Command execution completed in 4008.65ms
[2025-11-13 23:00:44.186] Disconnecting from device
[2025-11-13 23:00:44.187] Successfully disconnected
[2025-11-13 23:00:44.228] SSHClient Message: Command execution completed in 4008.53ms
[2025-11-13 23:00:44.228] Disconnecting from device
[2025-11-13 23:00:44.228] Successfully disconnected
[2025-11-13 23:00:50.010] Detected prompt: 'eng-leaf-3#'
[2025-11-13 23:00:50.010] Expect prompt set to: 'eng-leaf-3#'
[2025-11-13 23:00:50.010] SSHClient Message: Executing command: 'terminal length 0,show version,,'
[2025-11-13 23:00:50.011] Using shell mode for command execution with ANSI filtering
[2025-11-13 23:00:50.011] Sending command 1/4: 'terminal length 0'
[2025-11-13 23:00:50.011] Waiting between sub-commands: 1s
[2025-11-13 23:00:51.012] Sending command 2/4: 'show version'
[2025-11-13 23:00:51.012] Waiting between sub-commands: 1s
[2025-11-13 23:00:52.014] Sending newline command 3/4
[2025-11-13 23:00:52.014] Sending newline command 3/4
[2025-11-13 23:00:52.015] Waiting between sub-commands: 1s
[2025-11-13 23:00:53.016] Sending newline command 4/4
[2025-11-13 23:00:53.016] Sending newline command 4/4
[2025-11-13 23:00:53.016] Monitoring for EXACTLY 3 occurrences of: 'eng-leaf-3#'
[2025-11-13 23:00:53.016] PROMPT DETECTED: 4/3
[2025-11-13 23:00:53.016] TARGET REACHED: 4 prompts detected. STOPPING NOW.
[2025-11-13 23:00:53.017] SUCCESS: Command execution completed with 4/3 prompts
[2025-11-13 23:00:53.017] Shell command execution completed
[2025-11-13 23:00:53.017] Total shell command execution time: 3006.26ms
[2025-11-13 23:00:53.017] SSHClient Message: Waiting between commands: 1s
[2025-11-13 23:00:54.019] SSHClient Message: Command execution completed in 4007.91ms
[2025-11-13 23:00:54.019] Disconnecting from device
[2025-11-13 23:00:54.019] Successfully disconnected
[2025-11-13 23:02:30.533] Connecting to 172.16.11.43:22...
[2025-11-13 23:02:31.325] Connected to 172.16.11.43:22
[2025-11-13 23:02:31.325] Creating shell stream with ANSI filtering
[2025-11-13 23:02:31.389] SSHClient Message: Waiting for shell initialization (2000ms)
[2025-11-13 23:02:31.897] Connecting to 172.16.11.43:22...
[2025-11-13 23:02:33.390] WARNING: No prompt pattern or expect prompt defined. Shell commands may not work correctly!
[2025-11-13 23:02:33.390] Attempting to auto-detect command prompt with ANSI filtering...
[2025-11-13 23:02:33.390] Sending single newline to trigger prompt
[2025-11-13 23:02:33.901] Connected to 172.16.11.43:22
[2025-11-13 23:02:33.901] Creating shell stream with ANSI filtering
[2025-11-13 23:02:33.965] SSHClient Message: Waiting for shell initialization (2000ms)
[2025-11-13 23:02:35.969] WARNING: No prompt pattern or expect prompt defined. Shell commands may not work correctly!
[2025-11-13 23:02:35.969] Attempting to auto-detect command prompt with ANSI filtering...
[2025-11-13 23:02:35.969] Sending single newline to trigger prompt
[2025-11-13 23:02:39.418] Detected prompt: 'eng-leaf-3#'
[2025-11-13 23:02:39.418] Expect prompt set to: 'eng-leaf-3#'
[2025-11-13 23:02:39.418] SSHClient Message: Executing command: 'terminal length 0,show inventory,,'
[2025-11-13 23:02:39.418] Using shell mode for command execution with ANSI filtering
[2025-11-13 23:02:39.423] Sending command 1/4: 'terminal length 0'
[2025-11-13 23:02:39.423] Waiting between sub-commands: 1s
[2025-11-13 23:02:40.425] Sending command 2/4: 'show inventory'
[2025-11-13 23:02:40.425] Waiting between sub-commands: 1s
[2025-11-13 23:02:41.426] Sending newline command 3/4
[2025-11-13 23:02:41.426] Sending newline command 3/4
[2025-11-13 23:02:41.426] Waiting between sub-commands: 1s
[2025-11-13 23:02:41.992] Detected prompt: 'eng-leaf-3#'
[2025-11-13 23:02:41.992] Expect prompt set to: 'eng-leaf-3#'
[2025-11-13 23:02:41.992] SSHClient Message: Executing command: 'enable,terminal length 0,show inventory,,'
[2025-11-13 23:02:41.992] Using shell mode for command execution with ANSI filtering
[2025-11-13 23:02:41.992] Sending command 1/5: 'enable'
[2025-11-13 23:02:41.994] Waiting between sub-commands: 1s
[2025-11-13 23:02:42.429] Sending newline command 4/4
[2025-11-13 23:02:42.429] Sending newline command 4/4
[2025-11-13 23:02:42.429] Monitoring for EXACTLY 3 occurrences of: 'eng-leaf-3#'
[2025-11-13 23:02:42.429] PROMPT DETECTED: 4/3
[2025-11-13 23:02:42.429] TARGET REACHED: 4 prompts detected. STOPPING NOW.
[2025-11-13 23:02:42.429] SUCCESS: Command execution completed with 4/3 prompts
[2025-11-13 23:02:42.429] Shell command execution completed
[2025-11-13 23:02:42.429] Total shell command execution time: 3005.78ms
[2025-11-13 23:02:42.429] SSHClient Message: Waiting between commands: 1s
[2025-11-13 23:02:42.995] Sending command 2/5: 'terminal length 0'
[2025-11-13 23:02:42.996] Waiting between sub-commands: 1s
[2025-11-13 23:02:43.432] SSHClient Message: Command execution completed in 4014.28ms
[2025-11-13 23:02:43.432] Disconnecting from device
[2025-11-13 23:02:43.432] Successfully disconnected
[2025-11-13 23:02:43.999] Sending command 3/5: 'show inventory'
[2025-11-13 23:02:43.999] Waiting between sub-commands: 1s
[2025-11-13 23:02:45.000] Sending newline command 4/5
[2025-11-13 23:02:45.000] Sending newline command 4/5
[2025-11-13 23:02:45.000] Waiting between sub-commands: 1s
[2025-11-13 23:02:46.004] Sending newline command 5/5
[2025-11-13 23:02:46.004] Sending newline command 5/5
[2025-11-13 23:02:46.004] Monitoring for EXACTLY 4 occurrences of: 'eng-leaf-3#'
[2025-11-13 23:02:46.004] PROMPT DETECTED: 5/4
[2025-11-13 23:02:46.004] TARGET REACHED: 5 prompts detected. STOPPING NOW.
[2025-11-13 23:02:46.004] SUCCESS: Command execution completed with 5/4 prompts
[2025-11-13 23:02:46.004] Shell command execution completed
[2025-11-13 23:02:46.004] Total shell command execution time: 4012.14ms
[2025-11-13 23:02:46.004] SSHClient Message: Waiting between commands: 1s
[2025-11-23 18:17:31.661] Connecting to 172.16.11.43:22...
[2025-11-23 18:17:31.661] Connecting to 172.16.11.43:22...
[2025-11-23 18:17:32.287] Connecting to 172.16.11.43:22...
[2025-11-23 18:17:32.591] Connecting to 172.16.11.43:22...
[2025-11-23 18:17:33.100] Connected to 172.16.11.43:22
[2025-11-23 18:17:33.100] Creating shell stream with ANSI filtering
[2025-11-23 18:17:33.116] Connected to 172.16.11.43:22
[2025-11-23 18:17:33.116] Creating shell stream with ANSI filtering
[2025-11-23 18:17:33.148] SSHClient Message: Waiting for shell initialization (2000ms)
[2025-11-23 18:17:33.180] SSHClient Message: Waiting for shell initialization (2000ms)
[2025-11-23 18:17:33.422] Connected to 172.16.11.43:22
[2025-11-23 18:17:33.422] Creating shell stream with ANSI filtering
[2025-11-23 18:17:33.469] SSHClient Message: Waiting for shell initialization (2000ms)
[2025-11-23 18:17:33.581] Connecting to 172.16.11.43:22...
[2025-11-23 18:17:34.077] Connected to 172.16.11.43:22
[2025-11-23 18:17:34.077] Creating shell stream with ANSI filtering
[2025-11-23 18:17:34.140] SSHClient Message: Waiting for shell initialization (2000ms)
[2025-11-23 18:17:35.162] WARNING: No prompt pattern or expect prompt defined. Shell commands may not work correctly!
[2025-11-23 18:17:35.162] Attempting to auto-detect command prompt with ANSI filtering...
[2025-11-23 18:17:35.162] Sending single newline to trigger prompt
[2025-11-23 18:17:35.182] WARNING: No prompt pattern or expect prompt defined. Shell commands may not work correctly!
[2025-11-23 18:17:35.182] Attempting to auto-detect command prompt with ANSI filtering...
[2025-11-23 18:17:35.184] Sending single newline to trigger prompt
[2025-11-23 18:17:35.484] WARNING: No prompt pattern or expect prompt defined. Shell commands may not work correctly!
[2025-11-23 18:17:35.484] Attempting to auto-detect command prompt with ANSI filtering...
[2025-11-23 18:17:35.484] Sending single newline to trigger prompt
[2025-11-23 18:17:35.623] Connected to 172.16.11.43:22
[2025-11-23 18:17:35.623] Creating shell stream with ANSI filtering
[2025-11-23 18:17:35.676] SSHClient Message: Waiting for shell initialization (2000ms)
[2025-11-23 18:17:36.150] WARNING: No prompt pattern or expect prompt defined. Shell commands may not work correctly!
[2025-11-23 18:17:36.150] Attempting to auto-detect command prompt with ANSI filtering...
[2025-11-23 18:17:36.150] Sending single newline to trigger prompt
[2025-11-23 18:17:37.687] WARNING: No prompt pattern or expect prompt defined. Shell commands may not work correctly!
[2025-11-23 18:17:37.687] Attempting to auto-detect command prompt with ANSI filtering...
[2025-11-23 18:17:37.687] Sending single newline to trigger prompt
[2025-11-23 18:17:41.179] Detected prompt: 'eng-leaf-3#'
[2025-11-23 18:17:41.181] Expect prompt set to: 'eng-leaf-3#'
[2025-11-23 18:17:41.181] SSHClient Message: Executing command: 'terminal length 0,show mac address-table,,'
[2025-11-23 18:17:41.181] Using shell mode for command execution with ANSI filtering
[2025-11-23 18:17:41.181] Sending command 1/4: 'terminal length 0'
[2025-11-23 18:17:41.181] Waiting between sub-commands: 1s
[2025-11-23 18:17:41.198] Detected prompt: 'eng-leaf-3#'
[2025-11-23 18:17:41.198] Expect prompt set to: 'eng-leaf-3#'
[2025-11-23 18:17:41.198] SSHClient Message: Executing command: 'terminal length 0,show ip arp,,'
[2025-11-23 18:17:41.198] Using shell mode for command execution with ANSI filtering
[2025-11-23 18:17:41.198] Sending command 1/4: 'terminal length 0'
[2025-11-23 18:17:41.198] Waiting between sub-commands: 1s
[2025-11-23 18:17:41.503] Detected prompt: 'eng-leaf-3#'
[2025-11-23 18:17:41.503] Expect prompt set to: 'eng-leaf-3#'
[2025-11-23 18:17:41.503] SSHClient Message: Executing command: 'terminal length 0,show ip arp,,'
[2025-11-23 18:17:41.503] Using shell mode for command execution with ANSI filtering
[2025-11-23 18:17:41.503] Sending command 1/4: 'terminal length 0'
[2025-11-23 18:17:41.503] Waiting between sub-commands: 1s
[2025-11-23 18:17:42.164] Detected prompt: 'eng-leaf-3#'
[2025-11-23 18:17:42.164] Expect prompt set to: 'eng-leaf-3#'
[2025-11-23 18:17:42.167] SSHClient Message: Executing command: 'terminal length 0,show running-config,,'
[2025-11-23 18:17:42.167] Using shell mode for command execution with ANSI filtering
[2025-11-23 18:17:42.167] Sending command 1/4: 'terminal length 0'
[2025-11-23 18:17:42.167] Waiting between sub-commands: 1s
[2025-11-23 18:17:42.186] Sending command 2/4: 'show mac address-table'
[2025-11-23 18:17:42.186] Waiting between sub-commands: 1s
[2025-11-23 18:17:42.201] Sending command 2/4: 'show ip arp'
[2025-11-23 18:17:42.201] Waiting between sub-commands: 1s
[2025-11-23 18:17:42.512] Sending command 2/4: 'show ip arp'
[2025-11-23 18:17:42.512] Waiting between sub-commands: 1s
[2025-11-23 18:17:43.171] Sending command 2/4: 'show running-config'
[2025-11-23 18:17:43.171] Waiting between sub-commands: 1s
[2025-11-23 18:17:43.187] Sending newline command 3/4
[2025-11-23 18:17:43.187] Sending newline command 3/4
[2025-11-23 18:17:43.187] Waiting between sub-commands: 1s
[2025-11-23 18:17:43.202] Sending newline command 3/4
[2025-11-23 18:17:43.203] Sending newline command 3/4
[2025-11-23 18:17:43.203] Waiting between sub-commands: 1s
[2025-11-23 18:17:43.516] Sending newline command 3/4
[2025-11-23 18:17:43.516] Sending newline command 3/4
[2025-11-23 18:17:43.516] Waiting between sub-commands: 1s
[2025-11-23 18:17:43.706] Detected prompt: 'eng-leaf-3#'
[2025-11-23 18:17:43.706] Expect prompt set to: 'eng-leaf-3#'
[2025-11-23 18:17:43.706] SSHClient Message: Executing command: 'enable,terminal length 0,show running-config,,'
[2025-11-23 18:17:43.706] Using shell mode for command execution with ANSI filtering
[2025-11-23 18:17:43.706] Sending command 1/5: 'enable'
[2025-11-23 18:17:43.706] Waiting between sub-commands: 1s
[2025-11-23 18:17:44.173] Sending newline command 3/4
[2025-11-23 18:17:44.173] Sending newline command 3/4
[2025-11-23 18:17:44.173] Waiting between sub-commands: 1s
[2025-11-23 18:17:44.191] Sending newline command 4/4
[2025-11-23 18:17:44.191] Sending newline command 4/4
[2025-11-23 18:17:44.191] Monitoring for EXACTLY 3 occurrences of: 'eng-leaf-3#'
[2025-11-23 18:17:44.191] PROMPT DETECTED: 4/3
[2025-11-23 18:17:44.191] TARGET REACHED: 4 prompts detected. STOPPING NOW.
[2025-11-23 18:17:44.191] SUCCESS: Command execution completed with 4/3 prompts
[2025-11-23 18:17:44.191] Shell command execution completed
[2025-11-23 18:17:44.191] Total shell command execution time: 3010.17ms
[2025-11-23 18:17:44.191] SSHClient Message: Waiting between commands: 1s
[2025-11-23 18:17:44.207] Sending newline command 4/4
[2025-11-23 18:17:44.207] Sending newline command 4/4
[2025-11-23 18:17:44.207] Monitoring for EXACTLY 3 occurrences of: 'eng-leaf-3#'
[2025-11-23 18:17:44.207] PROMPT DETECTED: 4/3
[2025-11-23 18:17:44.207] TARGET REACHED: 4 prompts detected. STOPPING NOW.
[2025-11-23 18:17:44.207] SUCCESS: Command execution completed with 4/3 prompts
[2025-11-23 18:17:44.207] Shell command execution completed
[2025-11-23 18:17:44.207] Total shell command execution time: 3009.21ms
[2025-11-23 18:17:44.207] SSHClient Message: Waiting between commands: 1s
[2025-11-23 18:17:44.519] Sending newline command 4/4
[2025-11-23 18:17:44.519] Sending newline command 4/4
[2025-11-23 18:17:44.519] Monitoring for EXACTLY 3 occurrences of: 'eng-leaf-3#'
[2025-11-23 18:17:44.519] PROMPT DETECTED: 4/3
[2025-11-23 18:17:44.519] TARGET REACHED: 4 prompts detected. STOPPING NOW.
[2025-11-23 18:17:44.519] SUCCESS: Command execution completed with 4/3 prompts
[2025-11-23 18:17:44.519] Shell command execution completed
[2025-11-23 18:17:44.519] Total shell command execution time: 3015.58ms
[2025-11-23 18:17:44.519] SSHClient Message: Waiting between commands: 1s
[2025-11-23 18:17:44.713] Sending command 2/5: 'terminal length 0'
[2025-11-23 18:17:44.715] Waiting between sub-commands: 1s
[2025-11-23 18:17:45.176] Sending newline command 4/4
[2025-11-23 18:17:45.176] Sending newline command 4/4
[2025-11-23 18:17:45.176] Monitoring for EXACTLY 3 occurrences of: 'eng-leaf-3#'
[2025-11-23 18:17:45.176] PROMPT DETECTED: 4/3
[2025-11-23 18:17:45.176] TARGET REACHED: 4 prompts detected. STOPPING NOW.
[2025-11-23 18:17:45.176] SUCCESS: Command execution completed with 4/3 prompts
[2025-11-23 18:17:45.184] Shell command execution completed
[2025-11-23 18:17:45.184] Total shell command execution time: 3017.16ms
[2025-11-23 18:17:45.184] SSHClient Message: Waiting between commands: 1s
[2025-11-23 18:17:45.195] SSHClient Message: Command execution completed in 4014.19ms
[2025-11-23 18:17:45.195] Disconnecting from device
[2025-11-23 18:17:45.195] Successfully disconnected
[2025-11-23 18:17:45.212] SSHClient Message: Command execution completed in 4013.80ms
[2025-11-23 18:17:45.212] Disconnecting from device
[2025-11-23 18:17:45.214] Successfully disconnected
[2025-11-23 18:17:45.523] SSHClient Message: Command execution completed in 4019.65ms
[2025-11-23 18:17:45.523] Disconnecting from device
[2025-11-23 18:17:45.523] Successfully disconnected
[2025-11-23 18:17:45.717] Sending command 3/5: 'show running-config'
[2025-11-23 18:17:45.717] Waiting between sub-commands: 1s
[2025-11-23 18:17:46.188] SSHClient Message: Command execution completed in 4021.36ms
[2025-11-23 18:17:46.188] Disconnecting from device
[2025-11-23 18:17:46.190] Successfully disconnected
[2025-11-23 18:17:46.718] Sending newline command 4/5
[2025-11-23 18:17:46.718] Sending newline command 4/5
[2025-11-23 18:17:46.718] Waiting between sub-commands: 1s
[2025-11-23 18:17:47.722] Sending newline command 5/5
[2025-11-23 18:17:47.722] Sending newline command 5/5
[2025-11-23 18:17:47.722] Monitoring for EXACTLY 4 occurrences of: 'eng-leaf-3#'
[2025-11-23 18:17:47.722] PROMPT DETECTED: 5/4
[2025-11-23 18:17:47.722] TARGET REACHED: 5 prompts detected. STOPPING NOW.
[2025-11-23 18:17:47.724] SUCCESS: Command execution completed with 5/4 prompts
[2025-11-23 18:17:47.724] Shell command execution completed
[2025-11-23 18:17:47.724] Total shell command execution time: 4018.22ms
[2025-11-23 18:17:47.724] SSHClient Message: Waiting between commands: 1s
[2025-11-23 18:19:33.650] Connecting to 172.16.11.43:22...
[2025-11-23 18:19:34.790] Connecting to 172.16.11.43:22...
[2025-11-23 18:19:34.790] Connecting to 172.16.11.43:22...
[2025-11-23 18:19:35.176] Connected to 172.16.11.43:22
[2025-11-23 18:19:35.176] Creating shell stream with ANSI filtering
[2025-11-23 18:19:35.240] SSHClient Message: Waiting for shell initialization (2000ms)
[2025-11-23 18:19:35.924] Connected to 172.16.11.43:22
[2025-11-23 18:19:35.924] Connected to 172.16.11.43:22
[2025-11-23 18:19:35.924] Creating shell stream with ANSI filtering
[2025-11-23 18:19:35.924] Creating shell stream with ANSI filtering
[2025-11-23 18:19:35.990] SSHClient Message: Waiting for shell initialization (2000ms)
[2025-11-23 18:19:35.990] SSHClient Message: Waiting for shell initialization (2000ms)
[2025-11-23 18:19:37.251] WARNING: No prompt pattern or expect prompt defined. Shell commands may not work correctly!
[2025-11-23 18:19:37.251] Attempting to auto-detect command prompt with ANSI filtering...
[2025-11-23 18:19:37.251] Sending single newline to trigger prompt
[2025-11-23 18:19:37.639] Connecting to 172.16.11.43:22...
[2025-11-23 18:19:37.999] WARNING: No prompt pattern or expect prompt defined. Shell commands may not work correctly!
[2025-11-23 18:19:37.999] WARNING: No prompt pattern or expect prompt defined. Shell commands may not work correctly!
[2025-11-23 18:19:37.999] Attempting to auto-detect command prompt with ANSI filtering...
[2025-11-23 18:19:37.999] Attempting to auto-detect command prompt with ANSI filtering...
[2025-11-23 18:19:37.999] Sending single newline to trigger prompt
[2025-11-23 18:19:37.999] Sending single newline to trigger prompt
[2025-11-23 18:19:39.381] Connected to 172.16.11.43:22
[2025-11-23 18:19:39.381] Creating shell stream with ANSI filtering
[2025-11-23 18:19:39.671] SSHClient Message: Waiting for shell initialization (2000ms)
[2025-11-23 18:19:41.678] WARNING: No prompt pattern or expect prompt defined. Shell commands may not work correctly!
[2025-11-23 18:19:41.678] Attempting to auto-detect command prompt with ANSI filtering...
[2025-11-23 18:19:41.678] Sending single newline to trigger prompt
[2025-11-23 18:19:43.147] Connecting to 172.16.11.43:22...
[2025-11-23 18:19:43.267] Detected prompt: 'eng-leaf-3#'
[2025-11-23 18:19:43.267] Expect prompt set to: 'eng-leaf-3#'
[2025-11-23 18:19:43.267] SSHClient Message: Executing command: 'terminal length 0,show mac address-table,,'
[2025-11-23 18:19:43.267] Using shell mode for command execution with ANSI filtering
[2025-11-23 18:19:43.267] Sending command 1/4: 'terminal length 0'
[2025-11-23 18:19:43.275] Waiting between sub-commands: 1s
[2025-11-23 18:19:44.019] Detected prompt: 'eng-leaf-3#'
[2025-11-23 18:19:44.020] Expect prompt set to: 'eng-leaf-3#'
[2025-11-23 18:19:44.020] Expect prompt set to: 'eng-leaf-3#'
[2025-11-23 18:19:44.020] SSHClient Message: Executing command: 'terminal length 0,show lldp neighbors detail,,'
[2025-11-23 18:19:44.020] SSHClient Message: Executing command: 'terminal length 0,show lldp neighbors detail,,'
[2025-11-23 18:19:44.020] Using shell mode for command execution with ANSI filtering
[2025-11-23 18:19:44.026] Using shell mode for command execution with ANSI filtering
[2025-11-23 18:19:44.026] Sending command 1/4: 'terminal length 0'
[2025-11-23 18:19:44.026] Sending command 1/4: 'terminal length 0'
[2025-11-23 18:19:44.026] Waiting between sub-commands: 1s
[2025-11-23 18:19:44.026] Waiting between sub-commands: 1s
[2025-11-23 18:19:44.276] Sending command 2/4: 'show mac address-table'
[2025-11-23 18:19:44.276] Waiting between sub-commands: 1s
[2025-11-23 18:19:44.809] Connected to 172.16.11.43:22
[2025-11-23 18:19:44.809] Creating shell stream with ANSI filtering
[2025-11-23 18:19:44.873] SSHClient Message: Waiting for shell initialization (2000ms)
[2025-11-23 18:19:45.031] Sending command 2/4: 'show lldp neighbors detail'
[2025-11-23 18:19:45.032] Sending command 2/4: 'show lldp neighbors detail'
[2025-11-23 18:19:45.032] Waiting between sub-commands: 1s
[2025-11-23 18:19:45.032] Waiting between sub-commands: 1s
[2025-11-23 18:19:45.280] Sending newline command 3/4
[2025-11-23 18:19:45.280] Sending newline command 3/4
[2025-11-23 18:19:45.280] Waiting between sub-commands: 1s
[2025-11-23 18:19:46.036] Sending newline command 3/4
[2025-11-23 18:19:46.036] Sending newline command 3/4
[2025-11-23 18:19:46.036] Sending newline command 3/4
[2025-11-23 18:19:46.036] Sending newline command 3/4
[2025-11-23 18:19:46.036] Waiting between sub-commands: 1s
[2025-11-23 18:19:46.036] Waiting between sub-commands: 1s
[2025-11-23 18:19:46.285] Sending newline command 4/4
[2025-11-23 18:19:46.285] Sending newline command 4/4
[2025-11-23 18:19:46.285] Monitoring for EXACTLY 3 occurrences of: 'eng-leaf-3#'
[2025-11-23 18:19:46.285] PROMPT DETECTED: 4/3
[2025-11-23 18:19:46.290] TARGET REACHED: 4 prompts detected. STOPPING NOW.
[2025-11-23 18:19:46.290] SUCCESS: Command execution completed with 4/3 prompts
[2025-11-23 18:19:46.290] Shell command execution completed
[2025-11-23 18:19:46.290] Total shell command execution time: 3022.63ms
[2025-11-23 18:19:46.290] SSHClient Message: Waiting between commands: 1s
[2025-11-23 18:19:46.883] WARNING: No prompt pattern or expect prompt defined. Shell commands may not work correctly!
[2025-11-23 18:19:46.885] Attempting to auto-detect command prompt with ANSI filtering...
[2025-11-23 18:19:46.885] Sending single newline to trigger prompt
[2025-11-23 18:19:47.038] Sending newline command 4/4
[2025-11-23 18:19:47.039] Sending newline command 4/4
[2025-11-23 18:19:47.039] Sending newline command 4/4
[2025-11-23 18:19:47.039] Monitoring for EXACTLY 3 occurrences of: 'eng-leaf-3#'
[2025-11-23 18:19:47.039] Sending newline command 4/4
[2025-11-23 18:19:47.041] PROMPT DETECTED: 4/3
[2025-11-23 18:19:47.041] Monitoring for EXACTLY 3 occurrences of: 'eng-leaf-3#'
[2025-11-23 18:19:47.041] TARGET REACHED: 4 prompts detected. STOPPING NOW.
[2025-11-23 18:19:47.041] PROMPT DETECTED: 4/3
[2025-11-23 18:19:47.041] SUCCESS: Command execution completed with 4/3 prompts
[2025-11-23 18:19:47.041] TARGET REACHED: 4 prompts detected. STOPPING NOW.
[2025-11-23 18:19:47.043] Shell command execution completed
[2025-11-23 18:19:47.043] SUCCESS: Command execution completed with 4/3 prompts
[2025-11-23 18:19:47.043] Total shell command execution time: 3017.21ms
[2025-11-23 18:19:47.044] Shell command execution completed
[2025-11-23 18:19:47.044] SSHClient Message: Waiting between commands: 1s
[2025-11-23 18:19:47.044] Total shell command execution time: 3018.72ms
[2025-11-23 18:19:47.044] SSHClient Message: Waiting between commands: 1s
[2025-11-23 18:19:47.292] SSHClient Message: Command execution completed in 4025.32ms
[2025-11-23 18:19:47.292] Disconnecting from device
[2025-11-23 18:19:47.292] Successfully disconnected
[2025-11-23 18:19:47.696] Detected prompt: 'eng-leaf-3#'
[2025-11-23 18:19:47.696] Expect prompt set to: 'eng-leaf-3#'
[2025-11-23 18:19:47.696] SSHClient Message: Executing command: 'terminal length 0,show ip route,,'
[2025-11-23 18:19:47.696] Using shell mode for command execution with ANSI filtering
[2025-11-23 18:19:47.696] Sending command 1/4: 'terminal length 0'
[2025-11-23 18:19:47.696] Waiting between sub-commands: 1s
[2025-11-23 18:19:48.046] SSHClient Message: Command execution completed in 4026.21ms
[2025-11-23 18:19:48.047] SSHClient Message: Command execution completed in 4021.14ms
[2025-11-23 18:19:48.047] Disconnecting from device
[2025-11-23 18:19:48.047] Disconnecting from device
[2025-11-23 18:19:48.047] Successfully disconnected
[2025-11-23 18:19:48.047] Successfully disconnected
[2025-11-23 18:19:48.699] Sending command 2/4: 'show ip route'
[2025-11-23 18:19:48.699] Waiting between sub-commands: 1s
[2025-11-23 18:19:49.703] Sending newline command 3/4
[2025-11-23 18:19:49.703] Sending newline command 3/4
[2025-11-23 18:19:49.703] Waiting between sub-commands: 1s
[2025-11-23 18:19:50.706] Sending newline command 4/4
[2025-11-23 18:19:50.706] Sending newline command 4/4
[2025-11-23 18:19:50.706] Monitoring for EXACTLY 3 occurrences of: 'eng-leaf-3#'
[2025-11-23 18:19:50.706] PROMPT DETECTED: 4/3
[2025-11-23 18:19:50.706] TARGET REACHED: 4 prompts detected. STOPPING NOW.
[2025-11-23 18:19:50.706] SUCCESS: Command execution completed with 4/3 prompts
[2025-11-23 18:19:50.706] Shell command execution completed
[2025-11-23 18:19:50.706] Total shell command execution time: 3010.07ms
[2025-11-23 18:19:50.706] SSHClient Message: Waiting between commands: 1s
[2025-11-23 18:19:51.710] SSHClient Message: Command execution completed in 4014.38ms
[2025-11-23 18:19:51.710] Disconnecting from device
[2025-11-23 18:19:51.710] Successfully disconnected
[2025-11-23 18:19:52.901] Detected prompt: 'eng-leaf-3#'
[2025-11-23 18:19:52.901] Expect prompt set to: 'eng-leaf-3#'
[2025-11-23 18:19:52.901] SSHClient Message: Executing command: 'terminal length 0,show ip route,,'
[2025-11-23 18:19:52.901] Using shell mode for command execution with ANSI filtering
[2025-11-23 18:19:52.901] Sending command 1/4: 'terminal length 0'
[2025-11-23 18:19:52.901] Waiting between sub-commands: 1s
[2025-11-23 18:19:53.904] Sending command 2/4: 'show ip route'
[2025-11-23 18:19:53.904] Waiting between sub-commands: 1s
[2025-11-23 18:19:54.908] Sending newline command 3/4
[2025-11-23 18:19:54.908] Sending newline command 3/4
[2025-11-23 18:19:54.908] Waiting between sub-commands: 1s
[2025-11-23 18:19:55.912] Sending newline command 4/4
[2025-11-23 18:19:55.912] Sending newline command 4/4
[2025-11-23 18:19:55.912] Monitoring for EXACTLY 3 occurrences of: 'eng-leaf-3#'
[2025-11-23 18:19:55.912] PROMPT DETECTED: 4/3
[2025-11-23 18:19:55.912] TARGET REACHED: 4 prompts detected. STOPPING NOW.
[2025-11-23 18:19:55.912] SUCCESS: Command execution completed with 4/3 prompts
[2025-11-23 18:19:55.912] Shell command execution completed
[2025-11-23 18:19:55.912] Total shell command execution time: 3011.60ms
[2025-11-23 18:19:55.912] SSHClient Message: Waiting between commands: 1s
[2025-11-23 18:19:56.924] SSHClient Message: Command execution completed in 4023.75ms
[2025-11-23 18:19:56.924] Disconnecting from device
[2025-11-23 18:19:56.924] Successfully disconnected
[2025-11-23 18:21:36.356] Connecting to 172.16.11.43:22...
[2025-11-23 18:21:36.879] Connecting to 172.16.11.43:22...
[2025-11-23 18:21:38.107] Connected to 172.16.11.43:22
[2025-11-23 18:21:38.107] Creating shell stream with ANSI filtering
[2025-11-23 18:21:38.171] SSHClient Message: Waiting for shell initialization (2000ms)
[2025-11-23 18:21:38.474] Connected to 172.16.11.43:22
[2025-11-23 18:21:38.474] Creating shell stream with ANSI filtering
[2025-11-23 18:21:38.539] SSHClient Message: Waiting for shell initialization (2000ms)
[2025-11-23 18:21:40.179] WARNING: No prompt pattern or expect prompt defined. Shell commands may not work correctly!
[2025-11-23 18:21:40.179] Attempting to auto-detect command prompt with ANSI filtering...
[2025-11-23 18:21:40.179] Sending single newline to trigger prompt
[2025-11-23 18:21:40.179] Connecting to 172.16.11.43:22...
[2025-11-23 18:21:40.542] WARNING: No prompt pattern or expect prompt defined. Shell commands may not work correctly!
[2025-11-23 18:21:40.542] Attempting to auto-detect command prompt with ANSI filtering...
[2025-11-23 18:21:40.542] Sending single newline to trigger prompt
[2025-11-23 18:21:42.246] Connected to 172.16.11.43:22
[2025-11-23 18:21:42.246] Creating shell stream with ANSI filtering
[2025-11-23 18:21:42.308] SSHClient Message: Waiting for shell initialization (2000ms)
[2025-11-23 18:21:42.606] Connecting to 172.16.11.43:22...
[2025-11-23 18:21:44.316] WARNING: No prompt pattern or expect prompt defined. Shell commands may not work correctly!
[2025-11-23 18:21:44.318] Attempting to auto-detect command prompt with ANSI filtering...
[2025-11-23 18:21:44.318] Sending single newline to trigger prompt
[2025-11-23 18:21:46.193] Detected prompt: 'eng-leaf-3#'
[2025-11-23 18:21:46.193] Expect prompt set to: 'eng-leaf-3#'
[2025-11-23 18:21:46.193] SSHClient Message: Executing command: 'terminal length 0,show version,,'
[2025-11-23 18:21:46.193] Using shell mode for command execution with ANSI filtering
[2025-11-23 18:21:46.193] Sending command 1/4: 'terminal length 0'
[2025-11-23 18:21:46.193] Waiting between sub-commands: 1s
[2025-11-23 18:21:46.562] Detected prompt: 'eng-leaf-3#'
[2025-11-23 18:21:46.562] Expect prompt set to: 'eng-leaf-3#'
[2025-11-23 18:21:46.562] SSHClient Message: Executing command: 'terminal length 0,show version,,'
[2025-11-23 18:21:46.562] Using shell mode for command execution with ANSI filtering
[2025-11-23 18:21:46.562] Sending command 1/4: 'terminal length 0'
[2025-11-23 18:21:46.562] Waiting between sub-commands: 1s
[2025-11-23 18:21:47.168] Connected to 172.16.11.43:22
[2025-11-23 18:21:47.168] Creating shell stream with ANSI filtering
[2025-11-23 18:21:47.196] Sending command 2/4: 'show version'
[2025-11-23 18:21:47.196] Waiting between sub-commands: 1s
[2025-11-23 18:21:47.231] SSHClient Message: Waiting for shell initialization (2000ms)
[2025-11-23 18:21:47.567] Sending command 2/4: 'show version'
[2025-11-23 18:21:47.567] Waiting between sub-commands: 1s
[2025-11-23 18:21:48.197] Sending newline command 3/4
[2025-11-23 18:21:48.197] Sending newline command 3/4
[2025-11-23 18:21:48.197] Waiting between sub-commands: 1s
[2025-11-23 18:21:48.571] Sending newline command 3/4
[2025-11-23 18:21:48.571] Sending newline command 3/4
[2025-11-23 18:21:48.571] Waiting between sub-commands: 1s
[2025-11-23 18:21:49.202] Sending newline command 4/4
[2025-11-23 18:21:49.202] Sending newline command 4/4
[2025-11-23 18:21:49.202] Monitoring for EXACTLY 3 occurrences of: 'eng-leaf-3#'
[2025-11-23 18:21:49.202] PROMPT DETECTED: 4/3
[2025-11-23 18:21:49.202] TARGET REACHED: 4 prompts detected. STOPPING NOW.
[2025-11-23 18:21:49.202] SUCCESS: Command execution completed with 4/3 prompts
[2025-11-23 18:21:49.202] Shell command execution completed
[2025-11-23 18:21:49.202] Total shell command execution time: 3009.04ms
[2025-11-23 18:21:49.202] SSHClient Message: Waiting between commands: 1s
[2025-11-23 18:21:49.236] WARNING: No prompt pattern or expect prompt defined. Shell commands may not work correctly!
[2025-11-23 18:21:49.236] Attempting to auto-detect command prompt with ANSI filtering...
[2025-11-23 18:21:49.236] Sending single newline to trigger prompt
[2025-11-23 18:21:49.572] Sending newline command 4/4
[2025-11-23 18:21:49.572] Sending newline command 4/4
[2025-11-23 18:21:49.572] Monitoring for EXACTLY 3 occurrences of: 'eng-leaf-3#'
[2025-11-23 18:21:49.572] PROMPT DETECTED: 4/3
[2025-11-23 18:21:49.572] TARGET REACHED: 4 prompts detected. STOPPING NOW.
[2025-11-23 18:21:49.572] SUCCESS: Command execution completed with 4/3 prompts
[2025-11-23 18:21:49.572] Shell command execution completed
[2025-11-23 18:21:49.572] Total shell command execution time: 3010.36ms
[2025-11-23 18:21:49.572] SSHClient Message: Waiting between commands: 1s
[2025-11-23 18:21:50.209] SSHClient Message: Command execution completed in 4016.46ms
[2025-11-23 18:21:50.209] Disconnecting from device
[2025-11-23 18:21:50.209] Successfully disconnected
[2025-11-23 18:21:50.336] Detected prompt: 'eng-leaf-3#'
[2025-11-23 18:21:50.336] Expect prompt set to: 'eng-leaf-3#'
[2025-11-23 18:21:50.336] SSHClient Message: Executing command: 'enable,terminal length 0,show inventory,,'
[2025-11-23 18:21:50.336] Using shell mode for command execution with ANSI filtering
[2025-11-23 18:21:50.336] Sending command 1/5: 'enable'
[2025-11-23 18:21:50.336] Waiting between sub-commands: 1s
[2025-11-23 18:21:50.580] SSHClient Message: Command execution completed in 4018.31ms
[2025-11-23 18:21:50.580] Disconnecting from device
[2025-11-23 18:21:50.580] Successfully disconnected
[2025-11-23 18:21:51.341] Sending command 2/5: 'terminal length 0'
[2025-11-23 18:21:51.341] Waiting between sub-commands: 1s
[2025-11-23 18:21:52.344] Sending command 3/5: 'show inventory'
[2025-11-23 18:21:52.344] Waiting between sub-commands: 1s
[2025-11-23 18:21:53.348] Sending newline command 4/5
[2025-11-23 18:21:53.348] Sending newline command 4/5
[2025-11-23 18:21:53.348] Waiting between sub-commands: 1s
[2025-11-23 18:21:54.352] Sending newline command 5/5
[2025-11-23 18:21:54.352] Sending newline command 5/5
[2025-11-23 18:21:54.352] Monitoring for EXACTLY 4 occurrences of: 'eng-leaf-3#'
[2025-11-23 18:21:54.352] PROMPT DETECTED: 5/4
[2025-11-23 18:21:54.352] TARGET REACHED: 5 prompts detected. STOPPING NOW.
[2025-11-23 18:21:54.352] SUCCESS: Command execution completed with 5/4 prompts
[2025-11-23 18:21:54.352] Shell command execution completed
[2025-11-23 18:21:54.352] Total shell command execution time: 4015.82ms
[2025-11-23 18:21:54.363] SSHClient Message: Waiting between commands: 1s
[2025-11-23 18:21:55.254] Detected prompt: 'eng-leaf-3#'
[2025-11-23 18:21:55.255] Expect prompt set to: 'eng-leaf-3#'
[2025-11-23 18:21:55.255] SSHClient Message: Executing command: 'terminal length 0,show inventory,,'
[2025-11-23 18:21:55.255] Using shell mode for command execution with ANSI filtering
[2025-11-23 18:21:55.255] Sending command 1/4: 'terminal length 0'
[2025-11-23 18:21:55.255] Waiting between sub-commands: 1s
[2025-11-23 18:21:56.263] Sending command 2/4: 'show inventory'
[2025-11-23 18:21:56.263] Waiting between sub-commands: 1s
