[2025-11-26 19:38:44.981] Connecting to 172.16.10.2:22...
[2025-11-26 19:38:44.982] Using password-based authentication
[2025-11-26 19:38:45.481] Connected to 172.16.10.2:22
[2025-11-26 19:38:45.481] Creating shell stream with ANSI filtering
[2025-11-26 19:38:45.622] SSHClient Message: Waiting for shell initialization (2000ms)
[2025-11-26 19:38:47.624] WARNING: No prompt pattern or expect prompt defined. Shell commands may not work correctly!
[2025-11-26 19:38:47.624] Attempting to auto-detect command prompt with ANSI filtering...
[2025-11-26 19:38:47.624] Sending single newline to trigger prompt
[2025-11-26 19:38:53.635] Detected prompt: 'usa-spine-1#'
[2025-11-26 19:38:53.635] Expect prompt set to: 'usa-spine-1#'
[2025-11-26 19:38:53.635] SSHClient Message: Executing command: 'terminal length 0,show running-config,,'
[2025-11-26 19:38:53.635] Using shell mode for command execution with ANSI filtering
[2025-11-26 19:38:53.635] Sending command 1/4: 'terminal length 0'
[2025-11-26 19:38:53.636] Waiting between sub-commands: 1s
[2025-11-26 19:38:54.636] Sending command 2/4: 'show running-config'
[2025-11-26 19:38:54.637] Waiting between sub-commands: 1s
[2025-11-26 19:38:55.638] Sending newline command 3/4
[2025-11-26 19:38:55.638] Sending newline command 3/4
[2025-11-26 19:38:55.639] Waiting between sub-commands: 1s
[2025-11-26 19:38:56.639] Sending newline command 4/4
[2025-11-26 19:38:56.640] Sending newline command 4/4
[2025-11-26 19:38:56.640] Monitoring for EXACTLY 3 occurrences of: 'usa-spine-1#'
[2025-11-26 19:38:56.641] PROMPT DETECTED: 4/3
[2025-11-26 19:38:56.641] TARGET REACHED: 4 prompts detected. STOPPING NOW.
[2025-11-26 19:38:56.641] SUCCESS: Command execution completed with 4/3 prompts
[2025-11-26 19:38:56.641] Shell command execution completed
[2025-11-26 19:38:56.641] Total shell command execution time: 3005.77ms
[2025-11-26 19:38:56.641] SSHClient Message: Waiting between commands: 1s
[2025-11-26 19:38:57.642] SSHClient Message: Command execution completed in 4006.11ms
[2025-11-26 19:38:57.642] Disconnecting from device
[2025-11-26 19:38:57.642] Successfully disconnected
