[2025-11-13 22:58:44.255] Connecting to 172.16.2.1:22...
[2025-11-13 22:58:44.297] Connecting to 172.16.2.1:22...
[2025-11-13 22:58:44.348] Connecting to 172.16.2.1:22...
[2025-11-13 22:58:44.406] Connecting to 172.16.2.1:22...
[2025-11-13 22:58:44.681] Connected to 172.16.2.1:22
[2025-11-13 22:58:44.681] Creating shell stream with ANSI filtering
[2025-11-13 22:58:44.739] SSHClient Message: Waiting for shell initialization (2000ms)
[2025-11-13 22:58:44.756] Connected to 172.16.2.1:22
[2025-11-13 22:58:44.756] Creating shell stream with ANSI filtering
[2025-11-13 22:58:44.818] SSHClient Message: Waiting for shell initialization (2000ms)
[2025-11-13 22:58:44.827] Creating shell stream with ANSI filtering
[2025-11-13 22:58:44.833] Connected to 172.16.2.1:22
[2025-11-13 22:58:44.833] Creating shell stream with ANSI filtering
[2025-11-13 22:58:44.889] SSHClient Message: Waiting for shell initialization (2000ms)
[2025-11-13 22:58:44.889] SSHClient Message: Waiting for shell initialization (2000ms)
[2025-11-13 22:58:46.745] WARNING: No prompt pattern or expect prompt defined. Shell commands may not work correctly!
[2025-11-13 22:58:46.745] Attempting to auto-detect command prompt with ANSI filtering...
[2025-11-13 22:58:46.745] Sending single newline to trigger prompt
[2025-11-13 22:58:46.830] WARNING: No prompt pattern or expect prompt defined. Shell commands may not work correctly!
[2025-11-13 22:58:46.830] Attempting to auto-detect command prompt with ANSI filtering...
[2025-11-13 22:58:46.830] Sending single newline to trigger prompt
[2025-11-13 22:58:46.895] WARNING: No prompt pattern or expect prompt defined. Shell commands may not work correctly!
[2025-11-13 22:58:46.895] WARNING: No prompt pattern or expect prompt defined. Shell commands may not work correctly!
[2025-11-13 22:58:46.895] Attempting to auto-detect command prompt with ANSI filtering...
[2025-11-13 22:58:46.895] Attempting to auto-detect command prompt with ANSI filtering...
[2025-11-13 22:58:46.895] Sending single newline to trigger prompt
[2025-11-13 22:58:46.895] Sending single newline to trigger prompt
[2025-11-13 22:58:47.065] Connecting to 172.16.2.1:22...
[2025-11-13 22:58:47.571] Connected to 172.16.2.1:22
[2025-11-13 22:58:47.571] Creating shell stream with ANSI filtering
[2025-11-13 22:58:47.624] SSHClient Message: Waiting for shell initialization (2000ms)
[2025-11-13 22:58:49.636] WARNING: No prompt pattern or expect prompt defined. Shell commands may not work correctly!
[2025-11-13 22:58:49.638] Attempting to auto-detect command prompt with ANSI filtering...
[2025-11-13 22:58:49.639] Sending single newline to trigger prompt
[2025-11-13 22:58:52.762] Detected prompt: 'eng-rtr-1#'
[2025-11-13 22:58:52.762] Expect prompt set to: 'eng-rtr-1#'
[2025-11-13 22:58:52.764] SSHClient Message: Executing command: 'terminal length 0,show ip arp,,'
[2025-11-13 22:58:52.764] Using shell mode for command execution with ANSI filtering
[2025-11-13 22:58:52.764] Sending command 1/4: 'terminal length 0'
[2025-11-13 22:58:52.764] Waiting between sub-commands: 1s
[2025-11-13 22:58:52.847] Detected prompt: 'eng-rtr-1#'
[2025-11-13 22:58:52.847] Expect prompt set to: 'eng-rtr-1#'
[2025-11-13 22:58:52.847] SSHClient Message: Executing command: 'terminal length 0,show running-config,,'
[2025-11-13 22:58:52.847] Using shell mode for command execution with ANSI filtering
[2025-11-13 22:58:52.847] Sending command 1/4: 'terminal length 0'
[2025-11-13 22:58:52.847] Waiting between sub-commands: 1s
[2025-11-13 22:58:52.913] Detected prompt: 'eng-rtr-1#'
[2025-11-13 22:58:52.913] Expect prompt set to: 'eng-rtr-1#'
[2025-11-13 22:58:52.913] Expect prompt set to: 'eng-rtr-1#'
[2025-11-13 22:58:52.913] SSHClient Message: Executing command: 'terminal length 0,show ip arp,,'
[2025-11-13 22:58:52.913] SSHClient Message: Executing command: 'terminal length 0,show mac address-table,,'
[2025-11-13 22:58:52.913] Using shell mode for command execution with ANSI filtering
[2025-11-13 22:58:52.913] Using shell mode for command execution with ANSI filtering
[2025-11-13 22:58:52.921] Sending command 1/4: 'terminal length 0'
[2025-11-13 22:58:52.921] Sending command 1/4: 'terminal length 0'
[2025-11-13 22:58:52.921] Waiting between sub-commands: 1s
[2025-11-13 22:58:52.921] Waiting between sub-commands: 1s
[2025-11-13 22:58:53.766] Sending command 2/4: 'show ip arp'
[2025-11-13 22:58:53.767] Waiting between sub-commands: 1s
[2025-11-13 22:58:53.857] Sending command 2/4: 'show running-config'
[2025-11-13 22:58:53.857] Waiting between sub-commands: 1s
[2025-11-13 22:58:53.926] Sending command 2/4: 'show ip arp'
[2025-11-13 22:58:53.926] Sending command 2/4: 'show mac address-table'
[2025-11-13 22:58:53.926] Waiting between sub-commands: 1s
[2025-11-13 22:58:53.926] Waiting between sub-commands: 1s
[2025-11-13 22:58:54.767] Sending newline command 3/4
[2025-11-13 22:58:54.770] Sending newline command 3/4
[2025-11-13 22:58:54.770] Waiting between sub-commands: 1s
[2025-11-13 22:58:54.860] Sending newline command 3/4
[2025-11-13 22:58:54.860] Sending newline command 3/4
[2025-11-13 22:58:54.860] Waiting between sub-commands: 1s
[2025-11-13 22:58:54.930] Sending newline command 3/4
[2025-11-13 22:58:54.931] Sending newline command 3/4
[2025-11-13 22:58:54.931] Sending newline command 3/4
[2025-11-13 22:58:54.931] Sending newline command 3/4
[2025-11-13 22:58:54.931] Waiting between sub-commands: 1s
[2025-11-13 22:58:54.931] Waiting between sub-commands: 1s
[2025-11-13 22:58:55.655] Detected prompt: 'eng-rtr-1#'
[2025-11-13 22:58:55.655] Expect prompt set to: 'eng-rtr-1#'
[2025-11-13 22:58:55.655] SSHClient Message: Executing command: 'enable,terminal length 0,show running-config,,'
[2025-11-13 22:58:55.655] Using shell mode for command execution with ANSI filtering
[2025-11-13 22:58:55.655] Sending command 1/5: 'enable'
[2025-11-13 22:58:55.655] Waiting between sub-commands: 1s
[2025-11-13 22:58:55.773] Sending newline command 4/4
[2025-11-13 22:58:55.775] Sending newline command 4/4
[2025-11-13 22:58:55.775] Monitoring for EXACTLY 3 occurrences of: 'eng-rtr-1#'
[2025-11-13 22:58:55.777] PROMPT DETECTED: 4/3
[2025-11-13 22:58:55.778] TARGET REACHED: 4 prompts detected. STOPPING NOW.
[2025-11-13 22:58:55.778] SUCCESS: Command execution completed with 4/3 prompts
[2025-11-13 22:58:55.778] Shell command execution completed
[2025-11-13 22:58:55.778] Total shell command execution time: 3014.21ms
[2025-11-13 22:58:55.778] SSHClient Message: Waiting between commands: 1s
[2025-11-13 22:58:55.865] Sending newline command 4/4
[2025-11-13 22:58:55.867] Sending newline command 4/4
[2025-11-13 22:58:55.867] Monitoring for EXACTLY 3 occurrences of: 'eng-rtr-1#'
[2025-11-13 22:58:55.871] PROMPT DETECTED: 4/3
[2025-11-13 22:58:55.871] TARGET REACHED: 4 prompts detected. STOPPING NOW.
[2025-11-13 22:58:55.874] SUCCESS: Command execution completed with 4/3 prompts
[2025-11-13 22:58:55.874] Shell command execution completed
[2025-11-13 22:58:55.876] Total shell command execution time: 3028.30ms
[2025-11-13 22:58:55.878] SSHClient Message: Waiting between commands: 1s
[2025-11-13 22:58:55.936] Sending newline command 4/4
[2025-11-13 22:58:55.937] Sending newline command 4/4
[2025-11-13 22:58:55.937] Sending newline command 4/4
[2025-11-13 22:58:55.937] Sending newline command 4/4
[2025-11-13 22:58:55.937] Monitoring for EXACTLY 3 occurrences of: 'eng-rtr-1#'
[2025-11-13 22:58:55.939] Monitoring for EXACTLY 3 occurrences of: 'eng-rtr-1#'
[2025-11-13 22:58:55.939] PROMPT DETECTED: 4/3
[2025-11-13 22:58:55.939] PROMPT DETECTED: 4/3
[2025-11-13 22:58:55.939] TARGET REACHED: 4 prompts detected. STOPPING NOW.
[2025-11-13 22:58:55.939] TARGET REACHED: 4 prompts detected. STOPPING NOW.
[2025-11-13 22:58:55.939] SUCCESS: Command execution completed with 4/3 prompts
[2025-11-13 22:58:55.939] SUCCESS: Command execution completed with 4/3 prompts
[2025-11-13 22:58:55.939] Shell command execution completed
[2025-11-13 22:58:55.939] Shell command execution completed
[2025-11-13 22:58:55.939] Total shell command execution time: 3017.79ms
[2025-11-13 22:58:55.939] Total shell command execution time: 3017.79ms
[2025-11-13 22:58:55.939] SSHClient Message: Waiting between commands: 1s
[2025-11-13 22:58:55.939] SSHClient Message: Waiting between commands: 1s
[2025-11-13 22:58:56.660] Sending command 2/5: 'terminal length 0'
[2025-11-13 22:58:56.662] Waiting between sub-commands: 1s
[2025-11-13 22:58:56.780] SSHClient Message: Command execution completed in 4016.02ms
[2025-11-13 22:58:56.781] Disconnecting from device
[2025-11-13 22:58:56.784] Successfully disconnected
[2025-11-13 22:58:56.879] SSHClient Message: Command execution completed in 4031.93ms
[2025-11-13 22:58:56.879] Disconnecting from device
[2025-11-13 22:58:56.879] Successfully disconnected
[2025-11-13 22:58:56.942] SSHClient Message: Command execution completed in 4029.30ms
[2025-11-13 22:58:56.942] SSHClient Message: Command execution completed in 4029.30ms
[2025-11-13 22:58:56.942] Disconnecting from device
[2025-11-13 22:58:56.942] Disconnecting from device
[2025-11-13 22:58:56.942] Successfully disconnected
[2025-11-13 22:58:56.942] Successfully disconnected
[2025-11-13 22:58:57.664] Sending command 3/5: 'show running-config'
[2025-11-13 22:58:57.666] Waiting between sub-commands: 1s
[2025-11-13 22:58:58.668] Sending newline command 4/5
[2025-11-13 22:58:58.668] Sending newline command 4/5
[2025-11-13 22:58:58.668] Waiting between sub-commands: 1s
[2025-11-13 22:58:59.669] Sending newline command 5/5
[2025-11-13 22:58:59.671] Sending newline command 5/5
[2025-11-13 22:58:59.673] Monitoring for EXACTLY 4 occurrences of: 'eng-rtr-1#'
[2025-11-13 22:58:59.675] PROMPT DETECTED: 5/4
[2025-11-13 22:58:59.676] TARGET REACHED: 5 prompts detected. STOPPING NOW.
[2025-11-13 22:58:59.677] SUCCESS: Command execution completed with 5/4 prompts
[2025-11-13 22:58:59.679] Shell command execution completed
[2025-11-13 22:58:59.679] Total shell command execution time: 4024.35ms
[2025-11-13 22:58:59.682] SSHClient Message: Waiting between commands: 1s
[2025-11-13 22:59:00.683] SSHClient Message: Command execution completed in 5028.42ms
[2025-11-13 22:59:00.683] Disconnecting from device
[2025-11-13 22:59:00.684] Successfully disconnected
[2025-11-13 23:00:43.833] Connecting to 172.16.2.1:22...
[2025-11-13 23:00:43.895] Connecting to 172.16.2.1:22...
[2025-11-13 23:00:44.349] Connected to 172.16.2.1:22
[2025-11-13 23:00:44.350] Creating shell stream with ANSI filtering
[2025-11-13 23:00:44.359] Connected to 172.16.2.1:22
[2025-11-13 23:00:44.359] Creating shell stream with ANSI filtering
[2025-11-13 23:00:44.410] SSHClient Message: Waiting for shell initialization (2000ms)
[2025-11-13 23:00:44.420] SSHClient Message: Waiting for shell initialization (2000ms)
[2025-11-13 23:00:44.515] Connecting to 172.16.2.1:22...
[2025-11-13 23:00:44.557] Connecting to 172.16.2.1:22...
[2025-11-13 23:00:44.984] Connected to 172.16.2.1:22
[2025-11-13 23:00:44.984] Connected to 172.16.2.1:22
[2025-11-13 23:00:44.985] Creating shell stream with ANSI filtering
[2025-11-13 23:00:45.045] SSHClient Message: Waiting for shell initialization (2000ms)
[2025-11-13 23:00:46.411] WARNING: No prompt pattern or expect prompt defined. Shell commands may not work correctly!
[2025-11-13 23:00:46.411] Attempting to auto-detect command prompt with ANSI filtering...
[2025-11-13 23:00:46.411] Sending single newline to trigger prompt
[2025-11-13 23:00:46.421] WARNING: No prompt pattern or expect prompt defined. Shell commands may not work correctly!
[2025-11-13 23:00:46.421] Attempting to auto-detect command prompt with ANSI filtering...
[2025-11-13 23:00:46.421] Sending single newline to trigger prompt
[2025-11-13 23:00:47.048] WARNING: No prompt pattern or expect prompt defined. Shell commands may not work correctly!
[2025-11-13 23:00:47.048] Attempting to auto-detect command prompt with ANSI filtering...
[2025-11-13 23:00:47.048] Attempting to auto-detect command prompt with ANSI filtering...
[2025-11-13 23:00:47.048] Sending single newline to trigger prompt
[2025-11-13 23:00:47.048] Sending single newline to trigger prompt
[2025-11-13 23:00:52.425] Detected prompt: 'eng-rtr-1#'
[2025-11-13 23:00:52.425] Expect prompt set to: 'eng-rtr-1#'
[2025-11-13 23:00:52.426] SSHClient Message: Executing command: 'terminal length 0,show lldp neighbors detail,,'
[2025-11-13 23:00:52.426] Using shell mode for command execution with ANSI filtering
[2025-11-13 23:00:52.426] Sending command 1/4: 'terminal length 0'
[2025-11-13 23:00:52.427] Waiting between sub-commands: 1s
[2025-11-13 23:00:52.436] Detected prompt: 'eng-rtr-1#'
[2025-11-13 23:00:52.437] Expect prompt set to: 'eng-rtr-1#'
[2025-11-13 23:00:52.437] SSHClient Message: Executing command: 'terminal length 0,show mac address-table,,'
[2025-11-13 23:00:52.438] Using shell mode for command execution with ANSI filtering
[2025-11-13 23:00:52.438] Sending command 1/4: 'terminal length 0'
[2025-11-13 23:00:52.439] Waiting between sub-commands: 1s
[2025-11-13 23:00:53.063] Detected prompt: 'eng-rtr-1#'
[2025-11-13 23:00:53.063] Expect prompt set to: 'eng-rtr-1#'
[2025-11-13 23:00:53.063] Expect prompt set to: 'eng-rtr-1#'
[2025-11-13 23:00:53.064] SSHClient Message: Executing command: 'terminal length 0,show version,,'
[2025-11-13 23:00:53.064] Using shell mode for command execution with ANSI filtering
w lldp neighbors detail,,'
[2025-11-13 23:00:53.065] Using shell mode for command execution with ANSI filtering
[2025-11-13 23:00:53.065] Sending command 1/4: 'terminal length 0'
[2025-11-13 23:00:53.066] Sending command 1/4: 'terminal length 0'
[2025-11-13 23:00:53.066] Waiting between sub-commands: 1s
[2025-11-13 23:00:53.066] Waiting between sub-commands: 1s
[2025-11-13 23:00:53.428] Sending command 2/4: 'show lldp neighbors detail'
[2025-11-13 23:00:53.428] Waiting between sub-commands: 1s
[2025-11-13 23:00:53.440] Sending command 2/4: 'show mac address-table'
[2025-11-13 23:00:53.441] Waiting between sub-commands: 1s
[2025-11-13 23:00:54.066] Sending command 2/4: 'show version'
bors detail'
[2025-11-13 23:00:54.068] Waiting between sub-commands: 1s
[2025-11-13 23:00:54.068] Waiting between sub-commands: 1s
[2025-11-13 23:00:54.372] Connecting to 172.16.2.1:22...
[2025-11-13 23:00:54.431] Sending newline command 3/4
[2025-11-13 23:00:54.431] Sending newline command 3/4
[2025-11-13 23:00:54.431] Waiting between sub-commands: 1s
[2025-11-13 23:00:54.444] Sending newline command 3/4
[2025-11-13 23:00:54.444] Sending newline command 3/4
[2025-11-13 23:00:54.444] Waiting between sub-commands: 1s
[2025-11-13 23:00:54.873] Connected to 172.16.2.1:22
[2025-11-13 23:00:54.873] Creating shell stream with ANSI filtering
[2025-11-13 23:00:54.937] SSHClient Message: Waiting for shell initialization (2000ms)
[2025-11-13 23:00:55.069] Sending newline command 3/4
[2025-11-13 23:00:55.069] Sending newline command 3/4
[2025-11-13 23:00:55.069] Sending newline command 3/4
[2025-11-13 23:00:55.072] Waiting between sub-commands: 1s
[2025-11-13 23:00:55.072] Waiting between sub-commands: 1s
[2025-11-13 23:00:55.436] Sending newline command 4/4
[2025-11-13 23:00:55.437] Sending newline command 4/4
[2025-11-13 23:00:55.437] Monitoring for EXACTLY 3 occurrences of: 'eng-rtr-1#'
[2025-11-13 23:00:55.437] PROMPT DETECTED: 4/3
[2025-11-13 23:00:55.437] TARGET REACHED: 4 prompts detected. STOPPING NOW.
[2025-11-13 23:00:55.437] SUCCESS: Command execution completed with 4/3 prompts
[2025-11-13 23:00:55.437] Shell command execution completed
[2025-11-13 23:00:55.437] Total shell command execution time: 3011.67ms
[2025-11-13 23:00:55.437] SSHClient Message: Waiting between commands: 1s
[2025-11-13 23:00:55.448] Sending newline command 4/4
[2025-11-13 23:00:55.448] Sending newline command 4/4
[2025-11-13 23:00:55.448] Monitoring for EXACTLY 3 occurrences of: 'eng-rtr-1#'
[2025-11-13 23:00:55.448] PROMPT DETECTED: 4/3
[2025-11-13 23:00:55.448] TARGET REACHED: 4 prompts detected. STOPPING NOW.
[2025-11-13 23:00:55.448] SUCCESS: Command execution completed with 4/3 prompts
[2025-11-13 23:00:55.448] Shell command execution completed
[2025-11-13 23:00:55.448] Total shell command execution time: 3010.59ms
[2025-11-13 23:00:55.448] SSHClient Message: Waiting between commands: 1s
[2025-11-13 23:00:56.076] Sending newline command 4/4
[2025-11-13 23:00:56.076] Sending newline command 4/4
[2025-11-13 23:00:56.076] Monitoring for EXACTLY 3 occurrences of: 'eng-rtr-1#'
[2025-11-13 23:00:56.077] Sending newline command 4/4
[2025-11-13 23:00:56.077] PROMPT DETECTED: 4/3
[2025-11-13 23:00:56.077] Sending newline command 4/4
[2025-11-13 23:00:56.077] TARGET REACHED: 4 prompts detected. STOPPING NOW.
[2025-11-13 23:00:56.078] Monitoring for EXACTLY 3 occurrences of: 'eng-rtr-1#'
[2025-11-13 23:00:56.078] SUCCESS: Command execution completed with 4/3 prompts
[2025-11-13 23:00:56.079] Shell command execution completed
[2025-11-13 23:00:56.079] PROMPT DETECTED: 4/3
[2025-11-13 23:00:56.079] Total shell command execution time: 3013.70ms
[2025-11-13 23:00:56.079] TARGET REACHED: 4 prompts detected. STOPPING NOW.
[2025-11-13 23:00:56.079] SSHClient Message: Waiting between commands: 1s
[2025-11-13 23:00:56.079] SUCCESS: Command execution completed with 4/3 prompts
[2025-11-13 23:00:56.080] Shell command execution completed
[2025-11-13 23:00:56.080] Total shell command execution time: 3015.01ms
[2025-11-13 23:00:56.080] SSHClient Message: Waiting between commands: 1s
[2025-11-13 23:00:56.444] SSHClient Message: Command execution completed in 4018.15ms
[2025-11-13 23:00:56.444] Disconnecting from device
[2025-11-13 23:00:56.444] Successfully disconnected
[2025-11-13 23:00:56.451] SSHClient Message: Command execution completed in 4013.53ms
[2025-11-13 23:00:56.451] Disconnecting from device
[2025-11-13 23:00:56.453] Successfully disconnected
[2025-11-13 23:00:56.939] WARNING: No prompt pattern or expect prompt defined. Shell commands may not work correctly!
[2025-11-13 23:00:56.941] Attempting to auto-detect command prompt with ANSI filtering...
[2025-11-13 23:00:56.941] Sending single newline to trigger prompt
[2025-11-13 23:00:57.081] SSHClient Message: Command execution completed in 4015.68ms
[2025-11-13 23:00:57.082] SSHClient Message: Command execution completed in 4017.30ms
[2025-11-13 23:00:57.082] Disconnecting from device
[2025-11-13 23:00:57.082] Disconnecting from device
[2025-11-13 23:00:57.082] Successfully disconnected
[2025-11-13 23:00:57.086] Successfully disconnected
[2025-11-13 23:01:02.967] Detected prompt: 'eng-rtr-1#'
[2025-11-13 23:01:02.967] Expect prompt set to: 'eng-rtr-1#'
[2025-11-13 23:01:02.970] SSHClient Message: Executing command: 'terminal length 0,show version,,'
[2025-11-13 23:01:02.970] Using shell mode for command execution with ANSI filtering
[2025-11-13 23:01:02.970] Sending command 1/4: 'terminal length 0'
[2025-11-13 23:01:02.970] Waiting between sub-commands: 1s
[2025-11-13 23:01:03.976] Sending command 2/4: 'show version'
[2025-11-13 23:01:03.977] Waiting between sub-commands: 1s
[2025-11-13 23:01:04.981] Sending newline command 3/4
[2025-11-13 23:01:04.981] Sending newline command 3/4
[2025-11-13 23:01:04.981] Waiting between sub-commands: 1s
[2025-11-13 23:01:05.986] Sending newline command 4/4
[2025-11-13 23:01:05.986] Sending newline command 4/4
[2025-11-13 23:01:05.986] Monitoring for EXACTLY 3 occurrences of: 'eng-rtr-1#'
[2025-11-13 23:01:05.986] PROMPT DETECTED: 4/3
[2025-11-13 23:01:05.988] TARGET REACHED: 4 prompts detected. STOPPING NOW.
[2025-11-13 23:01:05.988] SUCCESS: Command execution completed with 4/3 prompts
[2025-11-13 23:01:05.988] Shell command execution completed
[2025-11-13 23:01:05.988] Total shell command execution time: 3017.99ms
[2025-11-13 23:01:05.988] SSHClient Message: Waiting between commands: 1s
[2025-11-13 23:01:06.991] SSHClient Message: Command execution completed in 4020.50ms
[2025-11-13 23:01:06.992] Disconnecting from device
[2025-11-13 23:01:06.994] Successfully disconnected
[2025-11-13 23:02:43.739] Connecting to 172.16.2.1:22...
[2025-11-13 23:02:44.243] Connected to 172.16.2.1:22
[2025-11-13 23:02:44.243] Creating shell stream with ANSI filtering
[2025-11-13 23:02:44.308] SSHClient Message: Waiting for shell initialization (2000ms)
[2025-11-13 23:02:46.312] WARNING: No prompt pattern or expect prompt defined. Shell commands may not work correctly!
[2025-11-13 23:02:46.312] Attempting to auto-detect command prompt with ANSI filtering...
[2025-11-13 23:02:46.312] Sending single newline to trigger prompt
[2025-11-13 23:02:46.925] Connecting to 172.16.2.1:22...
[2025-11-13 23:02:47.431] Connected to 172.16.2.1:22
[2025-11-13 23:02:47.431] Creating shell stream with ANSI filtering
[2025-11-13 23:02:47.484] SSHClient Message: Waiting for shell initialization (2000ms)
[2025-11-13 23:02:49.495] WARNING: No prompt pattern or expect prompt defined. Shell commands may not work correctly!
[2025-11-13 23:02:49.495] Attempting to auto-detect command prompt with ANSI filtering...
[2025-11-13 23:02:49.495] Sending single newline to trigger prompt
[2025-11-13 23:02:52.339] Detected prompt: 'eng-rtr-1#'
[2025-11-13 23:02:52.339] Expect prompt set to: 'eng-rtr-1#'
[2025-11-13 23:02:52.339] SSHClient Message: Executing command: 'terminal length 0,show inventory,,'
[2025-11-13 23:02:52.339] Using shell mode for command execution with ANSI filtering
[2025-11-13 23:02:52.339] Sending command 1/4: 'terminal length 0'
[2025-11-13 23:02:52.339] Waiting between sub-commands: 1s
[2025-11-13 23:02:53.341] Sending command 2/4: 'show inventory'
[2025-11-13 23:02:53.343] Waiting between sub-commands: 1s
[2025-11-13 23:02:54.345] Sending newline command 3/4
[2025-11-13 23:02:54.345] Sending newline command 3/4
[2025-11-13 23:02:54.345] Waiting between sub-commands: 1s
[2025-11-13 23:02:55.349] Sending newline command 4/4
[2025-11-13 23:02:55.349] Sending newline command 4/4
[2025-11-13 23:02:55.349] Monitoring for EXACTLY 3 occurrences of: 'eng-rtr-1#'
[2025-11-13 23:02:55.349] PROMPT DETECTED: 4/3
[2025-11-13 23:02:55.349] TARGET REACHED: 4 prompts detected. STOPPING NOW.
[2025-11-13 23:02:55.349] SUCCESS: Command execution completed with 4/3 prompts
[2025-11-13 23:02:55.349] Shell command execution completed
[2025-11-13 23:02:55.349] Total shell command execution time: 3010.09ms
[2025-11-13 23:02:55.349] SSHClient Message: Waiting between commands: 1s
[2025-11-13 23:02:55.519] Detected prompt: 'eng-rtr-1#'
[2025-11-13 23:02:55.519] Expect prompt set to: 'eng-rtr-1#'
[2025-11-13 23:02:55.522] SSHClient Message: Executing command: 'enable,terminal length 0,show inventory,,'
[2025-11-13 23:02:55.522] Using shell mode for command execution with ANSI filtering
[2025-11-13 23:02:55.522] Sending command 1/5: 'enable'
[2025-11-13 23:02:55.522] Waiting between sub-commands: 1s
[2025-11-13 23:02:56.355] SSHClient Message: Command execution completed in 4016.36ms
[2025-11-13 23:02:56.355] Disconnecting from device
[2025-11-13 23:02:56.355] Successfully disconnected
[2025-11-13 23:02:56.528] Sending command 2/5: 'terminal length 0'
[2025-11-13 23:02:56.528] Waiting between sub-commands: 1s
[2025-11-13 23:02:57.530] Sending command 3/5: 'show inventory'
[2025-11-13 23:02:57.532] Waiting between sub-commands: 1s
[2025-11-13 23:02:58.535] Sending newline command 4/5
[2025-11-13 23:02:58.535] Sending newline command 4/5
[2025-11-13 23:02:58.535] Waiting between sub-commands: 1s
[2025-11-13 23:02:59.537] Sending newline command 5/5
[2025-11-13 23:02:59.537] Sending newline command 5/5
[2025-11-13 23:02:59.537] Monitoring for EXACTLY 4 occurrences of: 'eng-rtr-1#'
[2025-11-13 23:02:59.537] PROMPT DETECTED: 5/4
[2025-11-13 23:02:59.537] TARGET REACHED: 5 prompts detected. STOPPING NOW.
[2025-11-13 23:02:59.537] SUCCESS: Command execution completed with 5/4 prompts
[2025-11-13 23:02:59.537] Shell command execution completed
[2025-11-13 23:02:59.537] Total shell command execution time: 4014.96ms
[2025-11-13 23:02:59.537] SSHClient Message: Waiting between commands: 1s
[2025-11-13 23:03:00.541] SSHClient Message: Command execution completed in 5019.26ms
[2025-11-13 23:03:00.541] Disconnecting from device
[2025-11-13 23:03:00.541] Successfully disconnected
