[2025-11-13 22:59:50.415] Connecting to 172.16.128.1:22...
[2025-11-13 22:59:50.436] Connecting to 172.16.128.1:22...
[2025-11-13 22:59:50.977] Connected to 172.16.128.1:22
[2025-11-13 22:59:50.977] Creating shell stream with ANSI filtering
[2025-11-13 22:59:50.983] Connected to 172.16.128.1:22
[2025-11-13 22:59:50.993] Creating shell stream with ANSI filtering
[2025-11-13 22:59:51.014] SSHClient Message: Waiting for shell initialization (2000ms)
[2025-11-13 22:59:51.025] SSHClient Message: Waiting for shell initialization (2000ms)
[2025-11-13 22:59:51.378] Connecting to 172.16.128.1:22...
[2025-11-13 22:59:51.649] Connecting to 172.16.128.1:22...
[2025-11-13 22:59:51.825] Connected to 172.16.128.1:22
[2025-11-13 22:59:51.825] Creating shell stream with ANSI filtering
[2025-11-13 22:59:51.867] SSHClient Message: Waiting for shell initialization (2000ms)
[2025-11-13 22:59:52.117] Connected to 172.16.128.1:22
[2025-11-13 22:59:52.120] Creating shell stream with ANSI filtering
[2025-11-13 22:59:52.148] SSHClient Message: Waiting for shell initialization (2000ms)
[2025-11-13 22:59:53.025] WARNING: No prompt pattern or expect prompt defined. Shell commands may not work correctly!
[2025-11-13 22:59:53.025] Attempting to auto-detect command prompt with ANSI filtering...
[2025-11-13 22:59:53.025] Sending single newline to trigger prompt
[2025-11-13 22:59:53.035] WARNING: No prompt pattern or expect prompt defined. Shell commands may not work correctly!
[2025-11-13 22:59:53.035] Attempting to auto-detect command prompt with ANSI filtering...
[2025-11-13 22:59:53.035] Sending single newline to trigger prompt
[2025-11-13 22:59:53.869] WARNING: No prompt pattern or expect prompt defined. Shell commands may not work correctly!
[2025-11-13 22:59:53.869] Attempting to auto-detect command prompt with ANSI filtering...
[2025-11-13 22:59:53.869] Sending single newline to trigger prompt
[2025-11-13 22:59:54.150] WARNING: No prompt pattern or expect prompt defined. Shell commands may not work correctly!
[2025-11-13 22:59:54.150] Attempting to auto-detect command prompt with ANSI filtering...
[2025-11-13 22:59:54.150] Sending single newline to trigger prompt
[2025-11-13 22:59:59.045] Detected prompt: 'wan-core-1#'
[2025-11-13 22:59:59.045] Expect prompt set to: 'wan-core-1#'
[2025-11-13 22:59:59.045] SSHClient Message: Executing command: 'terminal length 0,show running-config,,'
[2025-11-13 22:59:59.050] Using shell mode for command execution with ANSI filtering
[2025-11-13 22:59:59.050] Sending command 1/4: 'terminal length 0'
[2025-11-13 22:59:59.050] Waiting between sub-commands: 1s
[2025-11-13 22:59:59.055] Detected prompt: 'wan-core-1#'
[2025-11-13 22:59:59.055] Expect prompt set to: 'wan-core-1#'
[2025-11-13 22:59:59.055] SSHClient Message: Executing command: 'terminal length 0,show mac address-table,,'
[2025-11-13 22:59:59.055] Using shell mode for command execution with ANSI filtering
[2025-11-13 22:59:59.055] Sending command 1/4: 'terminal length 0'
[2025-11-13 22:59:59.055] Waiting between sub-commands: 1s
[2025-11-13 22:59:59.788] Connecting to 172.16.128.1:22...
[2025-11-13 22:59:59.888] Detected prompt: 'wan-core-1#'
[2025-11-13 22:59:59.890] Expect prompt set to: 'wan-core-1#'
[2025-11-13 22:59:59.890] SSHClient Message: Executing command: 'terminal length 0,show ip arp,,'
[2025-11-13 22:59:59.890] Using shell mode for command execution with ANSI filtering
[2025-11-13 22:59:59.893] Sending command 1/4: 'terminal length 0'
[2025-11-13 22:59:59.893] Waiting between sub-commands: 1s
[2025-11-13 23:00:00.052] Sending command 2/4: 'show running-config'
[2025-11-13 23:00:00.052] Waiting between sub-commands: 1s
[2025-11-13 23:00:00.057] Sending command 2/4: 'show mac address-table'
[2025-11-13 23:00:00.058] Waiting between sub-commands: 1s
[2025-11-13 23:00:00.167] Detected prompt: 'wan-core-1#'
[2025-11-13 23:00:00.167] Expect prompt set to: 'wan-core-1#'
[2025-11-13 23:00:00.168] SSHClient Message: Executing command: 'terminal length 0,show ip arp,,'
[2025-11-13 23:00:00.168] Using shell mode for command execution with ANSI filtering
[2025-11-13 23:00:00.168] Sending command 1/4: 'terminal length 0'
[2025-11-13 23:00:00.169] Waiting between sub-commands: 1s
[2025-11-13 23:00:00.425] Connected to 172.16.128.1:22
[2025-11-13 23:00:00.427] Creating shell stream with ANSI filtering
[2025-11-13 23:00:00.455] SSHClient Message: Waiting for shell initialization (2000ms)
[2025-11-13 23:00:00.894] Sending command 2/4: 'show ip arp'
[2025-11-13 23:00:00.896] Waiting between sub-commands: 1s
[2025-11-13 23:00:01.056] Sending newline command 3/4
[2025-11-13 23:00:01.056] Sending newline command 3/4
[2025-11-13 23:00:01.056] Waiting between sub-commands: 1s
[2025-11-13 23:00:01.061] Sending newline command 3/4
[2025-11-13 23:00:01.062] Sending newline command 3/4
[2025-11-13 23:00:01.062] Waiting between sub-commands: 1s
[2025-11-13 23:00:01.170] Sending command 2/4: 'show ip arp'
[2025-11-13 23:00:01.170] Waiting between sub-commands: 1s
[2025-11-13 23:00:01.898] Sending newline command 3/4
[2025-11-13 23:00:01.898] Sending newline command 3/4
[2025-11-13 23:00:01.898] Waiting between sub-commands: 1s
[2025-11-13 23:00:02.060] Sending newline command 4/4
[2025-11-13 23:00:02.060] Sending newline command 4/4
[2025-11-13 23:00:02.060] Monitoring for EXACTLY 3 occurrences of: 'wan-core-1#'
[2025-11-13 23:00:02.060] PROMPT DETECTED: 4/3
[2025-11-13 23:00:02.060] TARGET REACHED: 4 prompts detected. STOPPING NOW.
[2025-11-13 23:00:02.060] SUCCESS: Command execution completed with 4/3 prompts
[2025-11-13 23:00:02.060] Shell command execution completed
[2025-11-13 23:00:02.063] Total shell command execution time: 3012.61ms
[2025-11-13 23:00:02.063] SSHClient Message: Waiting between commands: 1s
[2025-11-13 23:00:02.066] Sending newline command 4/4
[2025-11-13 23:00:02.066] Sending newline command 4/4
[2025-11-13 23:00:02.066] Monitoring for EXACTLY 3 occurrences of: 'wan-core-1#'
[2025-11-13 23:00:02.066] PROMPT DETECTED: 4/3
[2025-11-13 23:00:02.066] TARGET REACHED: 4 prompts detected. STOPPING NOW.
[2025-11-13 23:00:02.066] SUCCESS: Command execution completed with 4/3 prompts
[2025-11-13 23:00:02.067] Shell command execution completed
[2025-11-13 23:00:02.067] Total shell command execution time: 3011.97ms
[2025-11-13 23:00:02.067] SSHClient Message: Waiting between commands: 1s
[2025-11-13 23:00:02.173] Sending newline command 3/4
[2025-11-13 23:00:02.173] Sending newline command 3/4
[2025-11-13 23:00:02.173] Waiting between sub-commands: 1s
[2025-11-13 23:00:02.456] WARNING: No prompt pattern or expect prompt defined. Shell commands may not work correctly!
[2025-11-13 23:00:02.456] Attempting to auto-detect command prompt with ANSI filtering...
[2025-11-13 23:00:02.456] Sending single newline to trigger prompt
[2025-11-13 23:00:02.900] Sending newline command 4/4
[2025-11-13 23:00:02.900] Sending newline command 4/4
[2025-11-13 23:00:02.900] Monitoring for EXACTLY 3 occurrences of: 'wan-core-1#'
[2025-11-13 23:00:02.904] PROMPT DETECTED: 4/3
[2025-11-13 23:00:02.904] TARGET REACHED: 4 prompts detected. STOPPING NOW.
[2025-11-13 23:00:02.904] SUCCESS: Command execution completed with 4/3 prompts
[2025-11-13 23:00:02.904] Shell command execution completed
[2025-11-13 23:00:02.906] Total shell command execution time: 3013.82ms
[2025-11-13 23:00:02.906] SSHClient Message: Waiting between commands: 1s
[2025-11-13 23:00:03.064] SSHClient Message: Command execution completed in 4013.74ms
[2025-11-13 23:00:03.064] Disconnecting from device
[2025-11-13 23:00:03.064] Successfully disconnected
[2025-11-13 23:00:03.068] SSHClient Message: Command execution completed in 4013.07ms
[2025-11-13 23:00:03.069] Disconnecting from device
[2025-11-13 23:00:03.069] Successfully disconnected
[2025-11-13 23:00:03.178] Sending newline command 4/4
[2025-11-13 23:00:03.178] Sending newline command 4/4
[2025-11-13 23:00:03.178] Monitoring for EXACTLY 3 occurrences of: 'wan-core-1#'
[2025-11-13 23:00:03.178] PROMPT DETECTED: 4/3
[2025-11-13 23:00:03.178] TARGET REACHED: 4 prompts detected. STOPPING NOW.
[2025-11-13 23:00:03.178] SUCCESS: Command execution completed with 4/3 prompts
[2025-11-13 23:00:03.178] Shell command execution completed
[2025-11-13 23:00:03.178] Total shell command execution time: 3009.65ms
[2025-11-13 23:00:03.178] SSHClient Message: Waiting between commands: 1s
[2025-11-13 23:00:03.908] SSHClient Message: Command execution completed in 4017.67ms
[2025-11-13 23:00:03.909] Disconnecting from device
[2025-11-13 23:00:03.911] Successfully disconnected
[2025-11-13 23:00:04.182] SSHClient Message: Command execution completed in 4013.12ms
[2025-11-13 23:00:04.182] Disconnecting from device
[2025-11-13 23:00:04.182] Successfully disconnected
[2025-11-13 23:00:08.473] Detected prompt: 'wan-core-1#'
[2025-11-13 23:00:08.473] Expect prompt set to: 'wan-core-1#'
[2025-11-13 23:00:08.473] SSHClient Message: Executing command: 'enable,terminal length 0,show running-config,,'
[2025-11-13 23:00:08.473] Using shell mode for command execution with ANSI filtering
[2025-11-13 23:00:08.473] Sending command 1/5: 'enable'
[2025-11-13 23:00:08.473] Waiting between sub-commands: 1s
[2025-11-13 23:00:09.476] Sending command 2/5: 'terminal length 0'
[2025-11-13 23:00:09.476] Waiting between sub-commands: 1s
[2025-11-13 23:00:10.477] Sending command 3/5: 'show running-config'
[2025-11-13 23:00:10.477] Waiting between sub-commands: 1s
[2025-11-13 23:00:11.479] Sending newline command 4/5
[2025-11-13 23:00:11.480] Sending newline command 4/5
[2025-11-13 23:00:11.480] Waiting between sub-commands: 1s
[2025-11-13 23:00:12.481] Sending newline command 5/5
[2025-11-13 23:00:12.481] Sending newline command 5/5
[2025-11-13 23:00:12.481] Monitoring for EXACTLY 4 occurrences of: 'wan-core-1#'
[2025-11-13 23:00:12.481] PROMPT DETECTED: 5/4
[2025-11-13 23:00:12.481] TARGET REACHED: 5 prompts detected. STOPPING NOW.
[2025-11-13 23:00:12.481] SUCCESS: Command execution completed with 5/4 prompts
[2025-11-13 23:00:12.481] Shell command execution completed
[2025-11-13 23:00:12.483] Total shell command execution time: 4010.72ms
[2025-11-13 23:00:12.483] SSHClient Message: Waiting between commands: 1s
[2025-11-13 23:00:13.484] SSHClient Message: Command execution completed in 5011.63ms
[2025-11-13 23:00:13.484] Disconnecting from device
[2025-11-13 23:00:13.485] Successfully disconnected
[2025-11-13 23:01:50.111] Connecting to 172.16.128.1:22...
[2025-11-13 23:01:50.642] Connected to 172.16.128.1:22
[2025-11-13 23:01:50.642] Creating shell stream with ANSI filtering
[2025-11-13 23:01:50.675] SSHClient Message: Waiting for shell initialization (2000ms)
[2025-11-13 23:01:50.706] Connecting to 172.16.128.1:22...
[2025-11-13 23:01:51.163] Connected to 172.16.128.1:22
[2025-11-13 23:01:51.163] Creating shell stream with ANSI filtering
[2025-11-13 23:01:51.201] SSHClient Message: Waiting for shell initialization (2000ms)
[2025-11-13 23:01:51.712] Connecting to 172.16.128.1:22...
[2025-11-13 23:01:51.712] Connecting to 172.16.128.1:22...
[2025-11-13 23:01:52.338] Connected to 172.16.128.1:22
[2025-11-13 23:01:52.338] Connected to 172.16.128.1:22
[2025-11-13 23:01:52.338] Creating shell stream with ANSI filtering
[2025-11-13 23:01:52.338] Creating shell stream with ANSI filtering
[2025-11-13 23:01:52.370] SSHClient Message: Waiting for shell initialization (2000ms)
[2025-11-13 23:01:52.370] SSHClient Message: Waiting for shell initialization (2000ms)
[2025-11-13 23:01:52.677] WARNING: No prompt pattern or expect prompt defined. Shell commands may not work correctly!
[2025-11-13 23:01:52.677] Attempting to auto-detect command prompt with ANSI filtering...
[2025-11-13 23:01:52.677] Sending single newline to trigger prompt
[2025-11-13 23:01:53.204] WARNING: No prompt pattern or expect prompt defined. Shell commands may not work correctly!
[2025-11-13 23:01:53.206] Attempting to auto-detect command prompt with ANSI filtering...
[2025-11-13 23:01:53.207] Sending single newline to trigger prompt
[2025-11-13 23:01:54.383] WARNING: No prompt pattern or expect prompt defined. Shell commands may not work correctly!
[2025-11-13 23:01:54.383] Attempting to auto-detect command prompt with ANSI filtering...
[2025-11-13 23:01:54.388] Sending single newline to trigger prompt
[2025-11-13 23:01:54.388] Sending single newline to trigger prompt
[2025-11-13 23:01:58.699] Detected prompt: 'wan-core-1#'
[2025-11-13 23:01:58.700] Expect prompt set to: 'wan-core-1#'
[2025-11-13 23:01:58.700] SSHClient Message: Executing command: 'terminal length 0,show lldp neighbors detail,,'
[2025-11-13 23:01:58.700] Using shell mode for command execution with ANSI filtering
[2025-11-13 23:01:58.700] Sending command 1/4: 'terminal length 0'
[2025-11-13 23:01:58.700] Waiting between sub-commands: 1s
[2025-11-13 23:01:59.231] Detected prompt: 'wan-core-1#'
[2025-11-13 23:01:59.231] Expect prompt set to: 'wan-core-1#'
[2025-11-13 23:01:59.231] SSHClient Message: Executing command: 'terminal length 0,show lldp neighbors detail,,'
[2025-11-13 23:01:59.232] Using shell mode for command execution with ANSI filtering
[2025-11-13 23:01:59.232] Sending command 1/4: 'terminal length 0'
[2025-11-13 23:01:59.232] Waiting between sub-commands: 1s
[2025-11-13 23:01:59.704] Sending command 2/4: 'show lldp neighbors detail'
[2025-11-13 23:01:59.706] Waiting between sub-commands: 1s
[2025-11-13 23:02:00.234] Sending command 2/4: 'show lldp neighbors detail'
[2025-11-13 23:02:00.234] Waiting between sub-commands: 1s
[2025-11-13 23:02:00.411] Detected prompt: 'wan-core-1#'
[2025-11-13 23:02:00.413] Expect prompt set to: 'wan-core-1#'
[2025-11-13 23:02:00.413] Expect prompt set to: 'wan-core-1#'
[2025-11-13 23:02:00.413] SSHClient Message: Executing command: 'terminal length 0,show mac address-table,,'
[2025-11-13 23:02:00.413] SSHClient Message: Executing command: 'terminal length 0,show version,,'
[2025-11-13 23:02:00.418] Using shell mode for command execution with ANSI filtering
[2025-11-13 23:02:00.418] Using shell mode for command execution with ANSI filtering
[2025-11-13 23:02:00.418] Sending command 1/4: 'terminal length 0'
[2025-11-13 23:02:00.418] Sending command 1/4: 'terminal length 0'
[2025-11-13 23:02:00.418] Waiting between sub-commands: 1s
[2025-11-13 23:02:00.418] Waiting between sub-commands: 1s
[2025-11-13 23:02:00.708] Sending newline command 3/4
[2025-11-13 23:02:00.708] Sending newline command 3/4
[2025-11-13 23:02:00.711] Waiting between sub-commands: 1s
[2025-11-13 23:02:01.236] Sending newline command 3/4
[2025-11-13 23:02:01.236] Sending newline command 3/4
[2025-11-13 23:02:01.236] Waiting between sub-commands: 1s
[2025-11-13 23:02:01.425] Sending command 2/4: 'show mac address-table'
[2025-11-13 23:02:01.425] Sending command 2/4: 'show version'
[2025-11-13 23:02:01.425] Waiting between sub-commands: 1s
[2025-11-13 23:02:01.662] Connecting to 172.16.128.1:22...
[2025-11-13 23:02:01.715] Sending newline command 4/4
[2025-11-13 23:02:01.717] Sending newline command 4/4
[2025-11-13 23:02:01.717] Monitoring for EXACTLY 3 occurrences of: 'wan-core-1#'
[2025-11-13 23:02:01.719] PROMPT DETECTED: 4/3
[2025-11-13 23:02:01.721] TARGET REACHED: 4 prompts detected. STOPPING NOW.
[2025-11-13 23:02:01.721] SUCCESS: Command execution completed with 4/3 prompts
[2025-11-13 23:02:01.723] Shell command execution completed
[2025-11-13 23:02:01.723] Total shell command execution time: 3022.78ms
[2025-11-13 23:02:01.725] SSHClient Message: Waiting between commands: 1s
[2025-11-13 23:02:02.148] Connected to 172.16.128.1:22
[2025-11-13 23:02:02.148] Creating shell stream with ANSI filtering
[2025-11-13 23:02:02.181] SSHClient Message: Waiting for shell initialization (2000ms)
[2025-11-13 23:02:02.239] Sending newline command 4/4
[2025-11-13 23:02:02.239] Sending newline command 4/4
[2025-11-13 23:02:02.239] Monitoring for EXACTLY 3 occurrences of: 'wan-core-1#'
[2025-11-13 23:02:02.239] PROMPT DETECTED: 4/3
[2025-11-13 23:02:02.239] TARGET REACHED: 4 prompts detected. STOPPING NOW.
[2025-11-13 23:02:02.239] SUCCESS: Command execution completed with 4/3 prompts
[2025-11-13 23:02:02.239] Shell command execution completed
[2025-11-13 23:02:02.241] Total shell command execution time: 3008.85ms
[2025-11-13 23:02:02.241] SSHClient Message: Waiting between commands: 1s
[2025-11-13 23:02:02.426] Sending newline command 3/4
[2025-11-13 23:02:02.427] Sending newline command 3/4
[2025-11-13 23:02:02.427] Sending newline command 3/4
[2025-11-13 23:02:02.427] Sending newline command 3/4
[2025-11-13 23:02:02.427] Waiting between sub-commands: 1s
[2025-11-13 23:02:02.427] Waiting between sub-commands: 1s
[2025-11-13 23:02:02.727] SSHClient Message: Command execution completed in 4027.17ms
[2025-11-13 23:02:02.727] Disconnecting from device
[2025-11-13 23:02:02.731] Successfully disconnected
[2025-11-13 23:02:03.242] SSHClient Message: Command execution completed in 4009.94ms
[2025-11-13 23:02:03.242] Disconnecting from device
[2025-11-13 23:02:03.242] Successfully disconnected
[2025-11-13 23:02:03.431] Sending newline command 4/4
[2025-11-13 23:02:03.431] Sending newline command 4/4
[2025-11-13 23:02:03.431] Sending newline command 4/4
[2025-11-13 23:02:03.431] Sending newline command 4/4
[2025-11-13 23:02:03.431] Monitoring for EXACTLY 3 occurrences of: 'wan-core-1#'
[2025-11-13 23:02:03.431] Monitoring for EXACTLY 3 occurrences of: 'wan-core-1#'
[2025-11-13 23:02:03.431] PROMPT DETECTED: 4/3
[2025-11-13 23:02:03.431] TARGET REACHED: 4 prompts detected. STOPPING NOW.
[2025-11-13 23:02:03.431] PROMPT DETECTED: 4/3
[2025-11-13 23:02:03.431] SUCCESS: Command execution completed with 4/3 prompts
[2025-11-13 23:02:03.434] TARGET REACHED: 4 prompts detected. STOPPING NOW.
[2025-11-13 23:02:03.434] Shell command execution completed
[2025-11-13 23:02:03.434] SUCCESS: Command execution completed with 4/3 prompts
[2025-11-13 23:02:03.434] Total shell command execution time: 3016.18ms
[2025-11-13 23:02:03.434] Shell command execution completed
[2025-11-13 23:02:03.434] SSHClient Message: Waiting between commands: 1s
[2025-11-13 23:02:03.434] Total shell command execution time: 3016.18ms
[2025-11-13 23:02:03.434] SSHClient Message: Waiting between commands: 1s
[2025-11-13 23:02:04.182] WARNING: No prompt pattern or expect prompt defined. Shell commands may not work correctly!
[2025-11-13 23:02:04.183] Attempting to auto-detect command prompt with ANSI filtering...
[2025-11-13 23:02:04.183] Sending single newline to trigger prompt
[2025-11-13 23:02:04.436] SSHClient Message: Command execution completed in 4018.03ms
[2025-11-13 23:02:04.436] SSHClient Message: Command execution completed in 4018.03ms
[2025-11-13 23:02:04.436] Disconnecting from device
[2025-11-13 23:02:04.436] Disconnecting from device
[2025-11-13 23:02:04.436] Successfully disconnected
[2025-11-13 23:02:04.436] Successfully disconnected
[2025-11-13 23:02:10.207] Detected prompt: 'wan-core-1#'
[2025-11-13 23:02:10.209] Expect prompt set to: 'wan-core-1#'
[2025-11-13 23:02:10.209] SSHClient Message: Executing command: 'terminal length 0,show version,,'
[2025-11-13 23:02:10.210] Using shell mode for command execution with ANSI filtering
[2025-11-13 23:02:10.210] Sending command 1/4: 'terminal length 0'
[2025-11-13 23:02:10.211] Waiting between sub-commands: 1s
[2025-11-13 23:02:11.213] Sending command 2/4: 'show version'
[2025-11-13 23:02:11.215] Waiting between sub-commands: 1s
[2025-11-13 23:02:12.217] Sending newline command 3/4
[2025-11-13 23:02:12.217] Sending newline command 3/4
[2025-11-13 23:02:12.217] Waiting between sub-commands: 1s
[2025-11-13 23:02:13.219] Sending newline command 4/4
[2025-11-13 23:02:13.219] Sending newline command 4/4
[2025-11-13 23:02:13.219] Monitoring for EXACTLY 3 occurrences of: 'wan-core-1#'
[2025-11-13 23:02:13.219] PROMPT DETECTED: 4/3
[2025-11-13 23:02:13.219] TARGET REACHED: 4 prompts detected. STOPPING NOW.
[2025-11-13 23:02:13.219] SUCCESS: Command execution completed with 4/3 prompts
[2025-11-13 23:02:13.219] Shell command execution completed
[2025-11-13 23:02:13.219] Total shell command execution time: 3008.25ms
[2025-11-13 23:02:13.219] SSHClient Message: Waiting between commands: 1s
[2025-11-13 23:02:14.225] SSHClient Message: Command execution completed in 4014.17ms
[2025-11-13 23:02:14.225] Disconnecting from device
[2025-11-13 23:02:14.228] Successfully disconnected
[2025-11-13 23:03:49.731] Connecting to 172.16.128.1:22...
[2025-11-13 23:03:50.191] Connected to 172.16.128.1:22
[2025-11-13 23:03:50.191] Creating shell stream with ANSI filtering
[2025-11-13 23:03:50.229] SSHClient Message: Waiting for shell initialization (2000ms)
[2025-11-13 23:03:52.233] WARNING: No prompt pattern or expect prompt defined. Shell commands may not work correctly!
[2025-11-13 23:03:52.233] Attempting to auto-detect command prompt with ANSI filtering...
[2025-11-13 23:03:52.233] Sending single newline to trigger prompt
[2025-11-13 23:03:58.257] Detected prompt: 'wan-core-1#'
[2025-11-13 23:03:58.257] Expect prompt set to: 'wan-core-1#'
[2025-11-13 23:03:58.257] SSHClient Message: Executing command: 'terminal length 0,show inventory,,'
[2025-11-13 23:03:58.257] Using shell mode for command execution with ANSI filtering
[2025-11-13 23:03:58.257] Sending command 1/4: 'terminal length 0'
[2025-11-13 23:03:58.259] Waiting between sub-commands: 1s
[2025-11-13 23:03:58.385] Connecting to 172.16.128.1:22...
[2025-11-13 23:03:58.845] Connected to 172.16.128.1:22
[2025-11-13 23:03:58.845] Creating shell stream with ANSI filtering
[2025-11-13 23:03:58.866] SSHClient Message: Waiting for shell initialization (2000ms)
[2025-11-13 23:03:59.260] Sending command 2/4: 'show inventory'
[2025-11-13 23:03:59.260] Waiting between sub-commands: 1s
[2025-11-13 23:04:00.264] Sending newline command 3/4
[2025-11-13 23:04:00.266] Sending newline command 3/4
[2025-11-13 23:04:00.266] Waiting between sub-commands: 1s
[2025-11-13 23:04:00.878] WARNING: No prompt pattern or expect prompt defined. Shell commands may not work correctly!
[2025-11-13 23:04:00.878] Attempting to auto-detect command prompt with ANSI filtering...
[2025-11-13 23:04:00.881] Sending single newline to trigger prompt
[2025-11-13 23:04:01.268] Sending newline command 4/4
[2025-11-13 23:04:01.268] Sending newline command 4/4
[2025-11-13 23:04:01.271] Monitoring for EXACTLY 3 occurrences of: 'wan-core-1#'
[2025-11-13 23:04:01.271] PROMPT DETECTED: 4/3
[2025-11-13 23:04:01.271] TARGET REACHED: 4 prompts detected. STOPPING NOW.
[2025-11-13 23:04:01.271] SUCCESS: Command execution completed with 4/3 prompts
[2025-11-13 23:04:01.271] Shell command execution completed
[2025-11-13 23:04:01.271] Total shell command execution time: 3013.81ms
[2025-11-13 23:04:01.271] SSHClient Message: Waiting between commands: 1s
[2025-11-13 23:04:02.281] SSHClient Message: Command execution completed in 4023.76ms
[2025-11-13 23:04:02.281] Disconnecting from device
[2025-11-13 23:04:02.281] Successfully disconnected
[2025-11-13 23:04:06.904] Detected prompt: 'wan-core-1#'
[2025-11-13 23:04:06.904] Expect prompt set to: 'wan-core-1#'
[2025-11-13 23:04:06.904] SSHClient Message: Executing command: 'enable,terminal length 0,show inventory,,'
[2025-11-13 23:04:06.904] Using shell mode for command execution with ANSI filtering
[2025-11-13 23:04:06.904] Sending command 1/5: 'enable'
[2025-11-13 23:04:06.904] Waiting between sub-commands: 1s
[2025-11-13 23:04:07.909] Sending command 2/5: 'terminal length 0'
[2025-11-13 23:04:07.909] Waiting between sub-commands: 1s
[2025-11-13 23:04:08.913] Sending command 3/5: 'show inventory'
[2025-11-13 23:04:08.913] Waiting between sub-commands: 1s
[2025-11-13 23:04:09.915] Sending newline command 4/5
[2025-11-13 23:04:09.915] Sending newline command 4/5
[2025-11-13 23:04:09.915] Waiting between sub-commands: 1s
[2025-11-13 23:04:10.918] Sending newline command 5/5
[2025-11-13 23:04:10.918] Sending newline command 5/5
[2025-11-13 23:04:10.918] Monitoring for EXACTLY 4 occurrences of: 'wan-core-1#'
[2025-11-13 23:04:10.918] PROMPT DETECTED: 5/4
[2025-11-13 23:04:10.918] TARGET REACHED: 5 prompts detected. STOPPING NOW.
[2025-11-13 23:04:10.918] SUCCESS: Command execution completed with 5/4 prompts
[2025-11-13 23:04:10.918] Shell command execution completed
[2025-11-13 23:04:10.918] Total shell command execution time: 4014.26ms
[2025-11-13 23:04:10.918] SSHClient Message: Waiting between commands: 1s
[2025-11-13 23:04:11.922] SSHClient Message: Command execution completed in 5018.63ms
[2025-11-13 23:04:11.922] Disconnecting from device
[2025-11-13 23:04:11.922] Successfully disconnected
