[2025-11-13 23:12:55.717] Connecting to 172.16.2.2:22...
[2025-11-13 23:12:55.719] Connecting to 172.16.2.2:22...
[2025-11-13 23:12:55.719] Connecting to 172.16.2.2:22...
[2025-11-13 23:12:55.724] Connecting to 172.16.2.2:22...
[2025-11-13 23:12:55.724] Connecting to 172.16.2.2:22...
[2025-11-13 23:12:56.189] Connected to 172.16.2.2:22
[2025-11-13 23:12:56.189] Creating shell stream with ANSI filtering
[2025-11-13 23:12:56.200] Connected to 172.16.2.2:22
[2025-11-13 23:12:56.200] Creating shell stream with ANSI filtering
[2025-11-13 23:12:56.221] Connected to 172.16.2.2:22
[2025-11-13 23:12:56.221] Creating shell stream with ANSI filtering
[2025-11-13 23:12:56.231] Connected to 172.16.2.2:22
[2025-11-13 23:12:56.231] Creating shell stream with ANSI filtering
[2025-11-13 23:12:56.242] Connected to 172.16.2.2:22
[2025-11-13 23:12:56.242] Creating shell stream with ANSI filtering
[2025-11-13 23:12:56.306] SSHClient Message: Waiting for shell initialization (2000ms)
[2025-11-13 23:12:56.333] SSHClient Message: Waiting for shell initialization (2000ms)
[2025-11-13 23:12:56.364] SSHClient Message: Waiting for shell initialization (2000ms)
[2025-11-13 23:12:56.364] SSHClient Message: Waiting for shell initialization (2000ms)
[2025-11-13 23:12:56.370] SSHClient Message: Waiting for shell initialization (2000ms)
[2025-11-13 23:12:58.316] WARNING: No prompt pattern or expect prompt defined. Shell commands may not work correctly!
[2025-11-13 23:12:58.316] Attempting to auto-detect command prompt with ANSI filtering...
[2025-11-13 23:12:58.316] Sending single newline to trigger prompt
[2025-11-13 23:12:58.336] WARNING: No prompt pattern or expect prompt defined. Shell commands may not work correctly!
[2025-11-13 23:12:58.337] Attempting to auto-detect command prompt with ANSI filtering...
[2025-11-13 23:12:58.337] Sending single newline to trigger prompt
[2025-11-13 23:12:58.368] WARNING: No prompt pattern or expect prompt defined. Shell commands may not work correctly!
[2025-11-13 23:12:58.368] WARNING: No prompt pattern or expect prompt defined. Shell commands may not work correctly!
[2025-11-13 23:12:58.368] Attempting to auto-detect command prompt with ANSI filtering...
[2025-11-13 23:12:58.369] Attempting to auto-detect command prompt with ANSI filtering...
[2025-11-13 23:12:58.369] Sending single newline to trigger prompt
[2025-11-13 23:12:58.369] Sending single newline to trigger prompt
[2025-11-13 23:12:58.375] WARNING: No prompt pattern or expect prompt defined. Shell commands may not work correctly!
[2025-11-13 23:12:58.375] Attempting to auto-detect command prompt with ANSI filtering...
[2025-11-13 23:12:58.375] Sending single newline to trigger prompt
[2025-11-13 23:13:04.342] Detected prompt: 'eng-spine-1>'
[2025-11-13 23:13:04.342] Expect prompt set to: 'eng-spine-1>'
[2025-11-13 23:13:04.342] SSHClient Message: Executing command: 'terminal length 0,show running-config,,'
[2025-11-13 23:13:04.342] Using shell mode for command execution with ANSI filtering
[2025-11-13 23:13:04.342] Sending command 1/4: 'terminal length 0'
[2025-11-13 23:13:04.342] Waiting between sub-commands: 1s
[2025-11-13 23:13:04.361] Detected prompt: 'eng-spine-1>'
[2025-11-13 23:13:04.361] Expect prompt set to: 'eng-spine-1>'
[2025-11-13 23:13:04.361] SSHClient Message: Executing command: 'terminal length 0,show ip arp,,'
[2025-11-13 23:13:04.361] Using shell mode for command execution with ANSI filtering
[2025-11-13 23:13:04.361] Sending command 1/4: 'terminal length 0'
[2025-11-13 23:13:04.361] Waiting between sub-commands: 1s
[2025-11-13 23:13:04.396] Detected prompt: 'eng-spine-1>'
[2025-11-13 23:13:04.396] Expect prompt set to: 'eng-spine-1>'
[2025-11-13 23:13:04.396] Expect prompt set to: 'eng-spine-1>'
[2025-11-13 23:13:04.400] Detected prompt: 'eng-spine-1>'
[2025-11-13 23:13:04.400] SSHClient Message: Executing command: 'terminal length 0,show mac address-table,,'
[2025-11-13 23:13:04.400] SSHClient Message: Executing command: 'terminal length 0,show version,,'
[2025-11-13 23:13:04.403] Expect prompt set to: 'eng-spine-1>'
[2025-11-13 23:13:04.403] Using shell mode for command execution with ANSI filtering
[2025-11-13 23:13:04.406] SSHClient Message: Executing command: 'terminal length 0,show lldp neighbors detail,,'
[2025-11-13 23:13:04.406] Sending command 1/4: 'terminal length 0'
[2025-11-13 23:13:04.406] Sending command 1/4: 'terminal length 0'
[2025-11-13 23:13:04.406] Using shell mode for command execution with ANSI filtering
[2025-11-13 23:13:04.406] Waiting between sub-commands: 1s
[2025-11-13 23:13:04.406] Sending command 1/4: 'terminal length 0'
[2025-11-13 23:13:04.406] Waiting between sub-commands: 1s
[2025-11-13 23:13:04.406] Waiting between sub-commands: 1s
[2025-11-13 23:13:05.345] Sending command 2/4: 'show running-config'
[2025-11-13 23:13:05.345] Waiting between sub-commands: 1s
[2025-11-13 23:13:05.366] Sending command 2/4: 'show ip arp'
[2025-11-13 23:13:05.366] Waiting between sub-commands: 1s
[2025-11-13 23:13:05.411] Sending command 2/4: 'show version'
[2025-11-13 23:13:05.412] Sending command 2/4: 'show lldp neighbors detail'
[2025-11-13 23:13:05.412] Sending command 2/4: 'show mac address-table'
[2025-11-13 23:13:05.412] Waiting between sub-commands: 1s
[2025-11-13 23:13:05.413] Waiting between sub-commands: 1s
[2025-11-13 23:13:05.413] Waiting between sub-commands: 1s
[2025-11-13 23:13:06.348] Sending newline command 3/4
[2025-11-13 23:13:06.348] Sending newline command 3/4
[2025-11-13 23:13:06.348] Waiting between sub-commands: 1s
[2025-11-13 23:13:06.368] Sending newline command 3/4
[2025-11-13 23:13:06.368] Sending newline command 3/4
[2025-11-13 23:13:06.368] Waiting between sub-commands: 1s
[2025-11-13 23:13:06.414] Sending newline command 3/4
[2025-11-13 23:13:06.414] Sending newline command 3/4
[2025-11-13 23:13:06.415] Sending newline command 3/4
[2025-11-13 23:13:06.415] Sending newline command 3/4
[2025-11-13 23:13:06.415] Sending newline command 3/4
[2025-11-13 23:13:06.415] Sending newline command 3/4
[2025-11-13 23:13:06.415] Waiting between sub-commands: 1s
[2025-11-13 23:13:06.415] Waiting between sub-commands: 1s
[2025-11-13 23:13:06.415] Waiting between sub-commands: 1s
[2025-11-13 23:13:07.350] Sending newline command 4/4
[2025-11-13 23:13:07.350] Sending newline command 4/4
[2025-11-13 23:13:07.350] Monitoring for EXACTLY 3 occurrences of: 'eng-spine-1>'
[2025-11-13 23:13:07.350] PROMPT DETECTED: 4/3
[2025-11-13 23:13:07.350] TARGET REACHED: 4 prompts detected. STOPPING NOW.
[2025-11-13 23:13:07.350] SUCCESS: Command execution completed with 4/3 prompts
[2025-11-13 23:13:07.350] Shell command execution completed
[2025-11-13 23:13:07.350] Total shell command execution time: 3007.78ms
[2025-11-13 23:13:07.350] SSHClient Message: Waiting between commands: 1s
[2025-11-13 23:13:07.370] Sending newline command 4/4
[2025-11-13 23:13:07.370] Sending newline command 4/4
[2025-11-13 23:13:07.370] Monitoring for EXACTLY 3 occurrences of: 'eng-spine-1>'
[2025-11-13 23:13:07.370] PROMPT DETECTED: 4/3
[2025-11-13 23:13:07.370] TARGET REACHED: 4 prompts detected. STOPPING NOW.
[2025-11-13 23:13:07.370] SUCCESS: Command execution completed with 4/3 prompts
[2025-11-13 23:13:07.370] Shell command execution completed
[2025-11-13 23:13:07.370] Total shell command execution time: 3008.75ms
[2025-11-13 23:13:07.370] SSHClient Message: Waiting between commands: 1s
[2025-11-13 23:13:07.418] Sending newline command 4/4
[2025-11-13 23:13:07.418] Sending newline command 4/4
[2025-11-13 23:13:07.418] Sending newline command 4/4
[2025-11-13 23:13:07.418] Sending newline command 4/4
[2025-11-13 23:13:07.418] Sending newline command 4/4
[2025-11-13 23:13:07.418] Monitoring for EXACTLY 3 occurrences of: 'eng-spine-1>'
[2025-11-13 23:13:07.418] Monitoring for EXACTLY 3 occurrences of: 'eng-spine-1>'
[2025-11-13 23:13:07.418] Monitoring for EXACTLY 3 occurrences of: 'eng-spine-1>'
[2025-11-13 23:13:07.418] PROMPT DETECTED: 4/3
[2025-11-13 23:13:07.418] PROMPT DETECTED: 1/3
[2025-11-13 23:13:07.418] TARGET REACHED: 4 prompts detected. STOPPING NOW.
[2025-11-13 23:13:07.418] PROMPT DETECTED: 4/3
[2025-11-13 23:13:07.418] PROMPT DETECTED: 4/3
[2025-11-13 23:13:07.418] SUCCESS: Command execution completed with 4/3 prompts
[2025-11-13 23:13:07.418] TARGET REACHED: 4 prompts detected. STOPPING NOW.
[2025-11-13 23:13:07.418] SUCCESS: Command execution completed with 4/3 prompts
[2025-11-13 23:13:07.418] Shell command execution completed
[2025-11-13 23:13:07.418] SUCCESS: Command execution completed with 4/3 prompts
[2025-11-13 23:13:07.418] Shell command execution completed
[2025-11-13 23:13:07.418] Shell command execution completed
[2025-11-13 23:13:07.418] Total shell command execution time: 3012.52ms
[2025-11-13 23:13:07.418] Total shell command execution time: 3012.52ms
[2025-11-13 23:13:07.418] Total shell command execution time: 3012.52ms
[2025-11-13 23:13:07.418] SSHClient Message: Waiting between commands: 1s
[2025-11-13 23:13:07.418] SSHClient Message: Waiting between commands: 1s
[2025-11-13 23:13:07.418] SSHClient Message: Waiting between commands: 1s
[2025-11-13 23:13:08.354] SSHClient Message: Command execution completed in 4011.90ms
[2025-11-13 23:13:08.354] Disconnecting from device
[2025-11-13 23:13:08.354] Successfully disconnected
[2025-11-13 23:13:08.373] SSHClient Message: Command execution completed in 4011.84ms
[2025-11-13 23:13:08.373] Disconnecting from device
[2025-11-13 23:13:08.373] Successfully disconnected
[2025-11-13 23:13:08.425] SSHClient Message: Command execution completed in 4021.42ms
[2025-11-13 23:13:08.425] Disconnecting from device
[2025-11-13 23:13:08.425] Disconnecting from device
[2025-11-13 23:13:08.426] SSHClient Message: Command execution completed in 4019.90ms
[2025-11-13 23:13:08.426] Disconnecting from device
[2025-11-13 23:13:08.426] Successfully disconnected
[2025-11-13 23:13:08.426] Successfully disconnected
[2025-11-13 23:13:08.426] Successfully disconnected
