[2025-11-26 19:38:44.986] Connecting to 172.16.1.6:22...
[2025-11-26 19:38:44.987] Using password-based authentication
[2025-11-26 19:38:45.460] Connected to 172.16.1.6:22
[2025-11-26 19:38:45.460] Creating shell stream with ANSI filtering
[2025-11-26 19:38:45.603] SSHClient Message: Waiting for shell initialization (2000ms)
[2025-11-26 19:38:47.605] WARNING: No prompt pattern or expect prompt defined. Shell commands may not work correctly!
[2025-11-26 19:38:47.606] Attempting to auto-detect command prompt with ANSI filtering...
[2025-11-26 19:38:47.606] Sending single newline to trigger prompt
[2025-11-26 19:38:53.614] Detected prompt: 'usa-spine-2#'
[2025-11-26 19:38:53.615] Expect prompt set to: 'usa-spine-2#'
[2025-11-26 19:38:53.615] SSHClient Message: Executing command: 'terminal length 0,show running-config,,'
[2025-11-26 19:38:53.615] Using shell mode for command execution with ANSI filtering
[2025-11-26 19:38:53.615] Sending command 1/4: 'terminal length 0'
[2025-11-26 19:38:53.615] Waiting between sub-commands: 1s
[2025-11-26 19:38:54.616] Sending command 2/4: 'show running-config'
[2025-11-26 19:38:54.618] Waiting between sub-commands: 1s
[2025-11-26 19:38:55.619] Sending newline command 3/4
[2025-11-26 19:38:55.620] Sending newline command 3/4
[2025-11-26 19:38:55.620] Waiting between sub-commands: 1s
[2025-11-26 19:38:56.620] Sending newline command 4/4
[2025-11-26 19:38:56.621] Sending newline command 4/4
[2025-11-26 19:38:56.621] Monitoring for EXACTLY 3 occurrences of: 'usa-spine-2#'
[2025-11-26 19:38:56.622] PROMPT DETECTED: 4/3
[2025-11-26 19:38:56.622] TARGET REACHED: 4 prompts detected. STOPPING NOW.
[2025-11-26 19:38:56.622] SUCCESS: Command execution completed with 4/3 prompts
[2025-11-26 19:38:56.622] Shell command execution completed
[2025-11-26 19:38:56.622] Total shell command execution time: 3007.24ms
[2025-11-26 19:38:56.622] SSHClient Message: Waiting between commands: 1s
[2025-11-26 19:38:57.623] SSHClient Message: Command execution completed in 4007.70ms
[2025-11-26 19:38:57.623] Disconnecting from device
[2025-11-26 19:38:57.624] Successfully disconnected
