[2025-11-13 22:59:37.602] Connecting to 172.16.100.2:22...
[2025-11-13 22:59:37.636] Connecting to 172.16.100.2:22...
[2025-11-13 22:59:38.013] Connected to 172.16.100.2:22
[2025-11-13 22:59:38.013] Creating shell stream with ANSI filtering
[2025-11-13 22:59:38.034] Connected to 172.16.100.2:22
[2025-11-13 22:59:38.034] Creating shell stream with ANSI filtering
[2025-11-13 22:59:38.075] SSHClient Message: Waiting for shell initialization (2000ms)
[2025-11-13 22:59:38.095] SSHClient Message: Waiting for shell initialization (2000ms)
[2025-11-13 22:59:38.477] Connecting to 172.16.100.2:22...
[2025-11-13 22:59:38.797] Connecting to 172.16.100.2:22...
[2025-11-13 22:59:38.983] Connected to 172.16.100.2:22
[2025-11-13 22:59:38.983] Creating shell stream with ANSI filtering
[2025-11-13 22:59:39.041] SSHClient Message: Waiting for shell initialization (2000ms)
[2025-11-13 22:59:39.253] Connected to 172.16.100.2:22
[2025-11-13 22:59:39.253] Creating shell stream with ANSI filtering
[2025-11-13 22:59:39.306] SSHClient Message: Waiting for shell initialization (2000ms)
[2025-11-13 22:59:40.076] WARNING: No prompt pattern or expect prompt defined. Shell commands may not work correctly!
[2025-11-13 22:59:40.076] Attempting to auto-detect command prompt with ANSI filtering...
[2025-11-13 22:59:40.076] Sending single newline to trigger prompt
[2025-11-13 22:59:40.096] WARNING: No prompt pattern or expect prompt defined. Shell commands may not work correctly!
[2025-11-13 22:59:40.096] Attempting to auto-detect command prompt with ANSI filtering...
[2025-11-13 22:59:40.096] Sending single newline to trigger prompt
[2025-11-13 22:59:41.044] WARNING: No prompt pattern or expect prompt defined. Shell commands may not work correctly!
[2025-11-13 22:59:41.046] Attempting to auto-detect command prompt with ANSI filtering...
[2025-11-13 22:59:41.046] Sending single newline to trigger prompt
[2025-11-13 22:59:41.316] WARNING: No prompt pattern or expect prompt defined. Shell commands may not work correctly!
[2025-11-13 22:59:41.316] Attempting to auto-detect command prompt with ANSI filtering...
[2025-11-13 22:59:41.316] Sending single newline to trigger prompt
[2025-11-13 22:59:45.842] Connecting to 172.16.100.2:22...
[2025-11-13 22:59:46.090] Detected prompt: 'usa-rtr-1#'
[2025-11-13 22:59:46.090] Expect prompt set to: 'usa-rtr-1#'
[2025-11-13 22:59:46.091] SSHClient Message: Executing command: 'terminal length 0,show mac address-table,,'
[2025-11-13 22:59:46.091] Using shell mode for command execution with ANSI filtering
[2025-11-13 22:59:46.091] Sending command 1/4: 'terminal length 0'
[2025-11-13 22:59:46.092] Waiting between sub-commands: 1s
[2025-11-13 22:59:46.113] Detected prompt: 'usa-rtr-1#'
[2025-11-13 22:59:46.113] Expect prompt set to: 'usa-rtr-1#'
[2025-11-13 22:59:46.113] SSHClient Message: Executing command: 'terminal length 0,show running-config,,'
[2025-11-13 22:59:46.114] Using shell mode for command execution with ANSI filtering
[2025-11-13 22:59:46.114] Sending command 1/4: 'terminal length 0'
[2025-11-13 22:59:46.115] Waiting between sub-commands: 1s
[2025-11-13 22:59:46.383] Connected to 172.16.100.2:22
[2025-11-13 22:59:46.383] Creating shell stream with ANSI filtering
[2025-11-13 22:59:46.447] SSHClient Message: Waiting for shell initialization (2000ms)
[2025-11-13 22:59:47.061] Detected prompt: 'usa-rtr-1#'
[2025-11-13 22:59:47.062] Expect prompt set to: 'usa-rtr-1#'
[2025-11-13 22:59:47.062] SSHClient Message: Executing command: 'terminal length 0,show ip arp,,'
[2025-11-13 22:59:47.066] Using shell mode for command execution with ANSI filtering
[2025-11-13 22:59:47.066] Sending command 1/4: 'terminal length 0'
[2025-11-13 22:59:47.066] Waiting between sub-commands: 1s
[2025-11-13 22:59:47.093] Sending command 2/4: 'show mac address-table'
[2025-11-13 22:59:47.093] Waiting between sub-commands: 1s
[2025-11-13 22:59:47.116] Sending command 2/4: 'show running-config'
[2025-11-13 22:59:47.116] Waiting between sub-commands: 1s
[2025-11-13 22:59:47.332] Detected prompt: 'usa-rtr-1#'
[2025-11-13 22:59:47.334] Expect prompt set to: 'usa-rtr-1#'
[2025-11-13 22:59:47.335] SSHClient Message: Executing command: 'terminal length 0,show ip arp,,'
[2025-11-13 22:59:47.335] Using shell mode for command execution with ANSI filtering
[2025-11-13 22:59:47.335] Sending command 1/4: 'terminal length 0'
[2025-11-13 22:59:47.335] Waiting between sub-commands: 1s
[2025-11-13 22:59:48.068] Sending command 2/4: 'show ip arp'
[2025-11-13 22:59:48.068] Waiting between sub-commands: 1s
[2025-11-13 22:59:48.094] Sending newline command 3/4
[2025-11-13 22:59:48.094] Sending newline command 3/4
[2025-11-13 22:59:48.094] Waiting between sub-commands: 1s
[2025-11-13 22:59:48.117] Sending newline command 3/4
[2025-11-13 22:59:48.117] Sending newline command 3/4
[2025-11-13 22:59:48.117] Waiting between sub-commands: 1s
[2025-11-13 22:59:48.341] Sending command 2/4: 'show ip arp'
[2025-11-13 22:59:48.341] Waiting between sub-commands: 1s
[2025-11-13 22:59:48.455] WARNING: No prompt pattern or expect prompt defined. Shell commands may not work correctly!
[2025-11-13 22:59:48.455] Attempting to auto-detect command prompt with ANSI filtering...
[2025-11-13 22:59:48.455] Sending single newline to trigger prompt
[2025-11-13 22:59:49.070] Sending newline command 3/4
[2025-11-13 22:59:49.070] Sending newline command 3/4
[2025-11-13 22:59:49.070] Waiting between sub-commands: 1s
[2025-11-13 22:59:49.096] Sending newline command 4/4
[2025-11-13 22:59:49.096] Sending newline command 4/4
[2025-11-13 22:59:49.096] Monitoring for EXACTLY 3 occurrences of: 'usa-rtr-1#'
[2025-11-13 22:59:49.096] PROMPT DETECTED: 4/3
[2025-11-13 22:59:49.096] TARGET REACHED: 4 prompts detected. STOPPING NOW.
[2025-11-13 22:59:49.096] SUCCESS: Command execution completed with 4/3 prompts
[2025-11-13 22:59:49.098] Shell command execution completed
[2025-11-13 22:59:49.098] Total shell command execution time: 3006.75ms
[2025-11-13 22:59:49.098] SSHClient Message: Waiting between commands: 1s
[2025-11-13 22:59:49.119] Sending newline command 4/4
[2025-11-13 22:59:49.119] Sending newline command 4/4
[2025-11-13 22:59:49.119] Monitoring for EXACTLY 3 occurrences of: 'usa-rtr-1#'
[2025-11-13 22:59:49.119] PROMPT DETECTED: 4/3
[2025-11-13 22:59:49.119] TARGET REACHED: 4 prompts detected. STOPPING NOW.
[2025-11-13 22:59:49.119] SUCCESS: Command execution completed with 4/3 prompts
[2025-11-13 22:59:49.119] Shell command execution completed
[2025-11-13 22:59:49.119] Total shell command execution time: 3005.47ms
[2025-11-13 22:59:49.119] SSHClient Message: Waiting between commands: 1s
[2025-11-13 22:59:49.343] Sending newline command 3/4
[2025-11-13 22:59:49.344] Sending newline command 3/4
[2025-11-13 22:59:49.346] Waiting between sub-commands: 1s
[2025-11-13 22:59:50.071] Sending newline command 4/4
[2025-11-13 22:59:50.071] Sending newline command 4/4
[2025-11-13 22:59:50.073] Monitoring for EXACTLY 3 occurrences of: 'usa-rtr-1#'
[2025-11-13 22:59:50.073] PROMPT DETECTED: 4/3
[2025-11-13 22:59:50.073] TARGET REACHED: 4 prompts detected. STOPPING NOW.
[2025-11-13 22:59:50.073] SUCCESS: Command execution completed with 4/3 prompts
[2025-11-13 22:59:50.073] Shell command execution completed
[2025-11-13 22:59:50.073] Total shell command execution time: 3006.74ms
[2025-11-13 22:59:50.073] SSHClient Message: Waiting between commands: 1s
[2025-11-13 22:59:50.100] SSHClient Message: Command execution completed in 4008.39ms
[2025-11-13 22:59:50.100] Disconnecting from device
[2025-11-13 22:59:50.100] Successfully disconnected
[2025-11-13 22:59:50.124] SSHClient Message: Command execution completed in 4010.23ms
[2025-11-13 22:59:50.124] Disconnecting from device
[2025-11-13 22:59:50.125] Successfully disconnected
[2025-11-13 22:59:50.348] Sending newline command 4/4
[2025-11-13 22:59:50.348] Sending newline command 4/4
[2025-11-13 22:59:50.348] Monitoring for EXACTLY 3 occurrences of: 'usa-rtr-1#'
[2025-11-13 22:59:50.348] PROMPT DETECTED: 4/3
[2025-11-13 22:59:50.348] TARGET REACHED: 4 prompts detected. STOPPING NOW.
[2025-11-13 22:59:50.348] SUCCESS: Command execution completed with 4/3 prompts
[2025-11-13 22:59:50.350] Shell command execution completed
[2025-11-13 22:59:50.350] Total shell command execution time: 3015.50ms
[2025-11-13 22:59:50.350] SSHClient Message: Waiting between commands: 1s
[2025-11-13 22:59:51.077] SSHClient Message: Command execution completed in 4011.24ms
[2025-11-13 22:59:51.077] Disconnecting from device
[2025-11-13 22:59:51.077] Successfully disconnected
[2025-11-13 22:59:51.351] SSHClient Message: Command execution completed in 4016.58ms
[2025-11-13 22:59:51.351] Disconnecting from device
[2025-11-13 22:59:51.351] Successfully disconnected
[2025-11-13 22:59:54.473] Detected prompt: 'usa-rtr-1#'
[2025-11-13 22:59:54.475] Expect prompt set to: 'usa-rtr-1#'
[2025-11-13 22:59:54.477] SSHClient Message: Executing command: 'enable,terminal length 0,show running-config,,'
[2025-11-13 22:59:54.477] Using shell mode for command execution with ANSI filtering
[2025-11-13 22:59:54.478] Sending command 1/5: 'enable'
[2025-11-13 22:59:54.478] Waiting between sub-commands: 1s
[2025-11-13 22:59:55.480] Sending command 2/5: 'terminal length 0'
[2025-11-13 22:59:55.480] Waiting between sub-commands: 1s
[2025-11-13 22:59:56.482] Sending command 3/5: 'show running-config'
[2025-11-13 22:59:56.482] Waiting between sub-commands: 1s
[2025-11-13 22:59:57.484] Sending newline command 4/5
[2025-11-13 22:59:57.484] Sending newline command 4/5
[2025-11-13 22:59:57.486] Waiting between sub-commands: 1s
[2025-11-13 22:59:58.486] Sending newline command 5/5
[2025-11-13 22:59:58.486] Sending newline command 5/5
[2025-11-13 22:59:58.486] Monitoring for EXACTLY 4 occurrences of: 'usa-rtr-1#'
[2025-11-13 22:59:58.486] PROMPT DETECTED: 5/4
[2025-11-13 22:59:58.486] TARGET REACHED: 5 prompts detected. STOPPING NOW.
[2025-11-13 22:59:58.486] SUCCESS: Command execution completed with 5/4 prompts
[2025-11-13 22:59:58.486] Shell command execution completed
[2025-11-13 22:59:58.486] Total shell command execution time: 4007.90ms
[2025-11-13 22:59:58.486] SSHClient Message: Waiting between commands: 1s
[2025-11-13 22:59:59.490] SSHClient Message: Command execution completed in 5012.98ms
[2025-11-13 22:59:59.490] Disconnecting from device
[2025-11-13 22:59:59.490] Successfully disconnected
[2025-11-13 23:01:37.176] Connecting to 172.16.100.2:22...
[2025-11-13 23:01:37.668] Connected to 172.16.100.2:22
[2025-11-13 23:01:37.668] Creating shell stream with ANSI filtering
[2025-11-13 23:01:37.731] SSHClient Message: Waiting for shell initialization (2000ms)
[2025-11-13 23:01:37.864] Connecting to 172.16.100.2:22...
[2025-11-13 23:01:38.307] Connected to 172.16.100.2:22
[2025-11-13 23:01:38.307] Creating shell stream with ANSI filtering
[2025-11-13 23:01:38.371] SSHClient Message: Waiting for shell initialization (2000ms)
[2025-11-13 23:01:38.789] Connecting to 172.16.100.2:22...
[2025-11-13 23:01:38.800] Connecting to 172.16.100.2:22...
[2025-11-13 23:01:39.250] Connected to 172.16.100.2:22
[2025-11-13 23:01:39.250] Connected to 172.16.100.2:22
[2025-11-13 23:01:39.261] Creating shell stream with ANSI filtering
[2025-11-13 23:01:39.328] SSHClient Message: Waiting for shell initialization (2000ms)
[2025-11-13 23:01:39.328] SSHClient Message: Waiting for shell initialization (2000ms)
[2025-11-13 23:01:39.737] WARNING: No prompt pattern or expect prompt defined. Shell commands may not work correctly!
[2025-11-13 23:01:39.737] Attempting to auto-detect command prompt with ANSI filtering...
[2025-11-13 23:01:39.737] Sending single newline to trigger prompt
[2025-11-13 23:01:40.374] WARNING: No prompt pattern or expect prompt defined. Shell commands may not work correctly!
[2025-11-13 23:01:40.375] Attempting to auto-detect command prompt with ANSI filtering...
[2025-11-13 23:01:40.375] Sending single newline to trigger prompt
[2025-11-13 23:01:41.340] WARNING: No prompt pattern or expect prompt defined. Shell commands may not work correctly!
[2025-11-13 23:01:41.340] WARNING: No prompt pattern or expect prompt defined. Shell commands may not work correctly!
[2025-11-13 23:01:41.340] Attempting to auto-detect command prompt with ANSI filtering...
[2025-11-13 23:01:41.340] Attempting to auto-detect command prompt with ANSI filtering...
[2025-11-13 23:01:41.340] Sending single newline to trigger prompt
[2025-11-13 23:01:41.340] Sending single newline to trigger prompt
[2025-11-13 23:01:45.763] Detected prompt: 'usa-rtr-1#'
[2025-11-13 23:01:45.765] Expect prompt set to: 'usa-rtr-1#'
[2025-11-13 23:01:45.765] SSHClient Message: Executing command: 'terminal length 0,show lldp neighbors detail,,'
[2025-11-13 23:01:45.765] Using shell mode for command execution with ANSI filtering
[2025-11-13 23:01:45.765] Sending command 1/4: 'terminal length 0'
[2025-11-13 23:01:45.765] Waiting between sub-commands: 1s
[2025-11-13 23:01:46.403] Detected prompt: 'usa-rtr-1#'
[2025-11-13 23:01:46.403] Expect prompt set to: 'usa-rtr-1#'
[2025-11-13 23:01:46.403] SSHClient Message: Executing command: 'terminal length 0,show lldp neighbors detail,,'
[2025-11-13 23:01:46.403] Using shell mode for command execution with ANSI filtering
[2025-11-13 23:01:46.403] Sending command 1/4: 'terminal length 0'
[2025-11-13 23:01:46.403] Waiting between sub-commands: 1s
[2025-11-13 23:01:46.769] Sending command 2/4: 'show lldp neighbors detail'
[2025-11-13 23:01:46.769] Waiting between sub-commands: 1s
[2025-11-13 23:01:47.366] Detected prompt: 'usa-rtr-1#'
[2025-11-13 23:01:47.366] Detected prompt: 'usa-rtr-1#'
[2025-11-13 23:01:47.366] Expect prompt set to: 'usa-rtr-1#'
[2025-11-13 23:01:47.366] Expect prompt set to: 'usa-rtr-1#'
[2025-11-13 23:01:47.366] SSHClient Message: Executing command: 'terminal length 0,show version,,'
[2025-11-13 23:01:47.366] SSHClient Message: Executing command: 'terminal length 0,show mac address-table,,'
[2025-11-13 23:01:47.366] Using shell mode for command execution with ANSI filtering
[2025-11-13 23:01:47.366] Using shell mode for command execution with ANSI filtering
[2025-11-13 23:01:47.366] Sending command 1/4: 'terminal length 0'
[2025-11-13 23:01:47.366] Sending command 1/4: 'terminal length 0'
[2025-11-13 23:01:47.372] Waiting between sub-commands: 1s
[2025-11-13 23:01:47.372] Waiting between sub-commands: 1s
[2025-11-13 23:01:47.405] Sending command 2/4: 'show lldp neighbors detail'
[2025-11-13 23:01:47.405] Waiting between sub-commands: 1s
[2025-11-13 23:01:47.774] Sending newline command 3/4
[2025-11-13 23:01:47.775] Sending newline command 3/4
[2025-11-13 23:01:47.775] Waiting between sub-commands: 1s
[2025-11-13 23:01:48.375] Sending command 2/4: 'show version'
[2025-11-13 23:01:48.375] Sending command 2/4: 'show mac address-table'
[2025-11-13 23:01:48.375] Waiting between sub-commands: 1s
[2025-11-13 23:01:48.375] Waiting between sub-commands: 1s
[2025-11-13 23:01:48.407] Sending newline command 3/4
[2025-11-13 23:01:48.407] Sending newline command 3/4
[2025-11-13 23:01:48.409] Waiting between sub-commands: 1s
[2025-11-13 23:01:48.750] Connecting to 172.16.100.2:22...
[2025-11-13 23:01:48.778] Sending newline command 4/4
[2025-11-13 23:01:48.778] Sending newline command 4/4
[2025-11-13 23:01:48.780] Monitoring for EXACTLY 3 occurrences of: 'usa-rtr-1#'
[2025-11-13 23:01:48.782] PROMPT DETECTED: 4/3
[2025-11-13 23:01:48.782] TARGET REACHED: 4 prompts detected. STOPPING NOW.
[2025-11-13 23:01:48.782] SUCCESS: Command execution completed with 4/3 prompts
[2025-11-13 23:01:48.782] Shell command execution completed
[2025-11-13 23:01:48.782] Total shell command execution time: 3016.70ms
[2025-11-13 23:01:48.782] SSHClient Message: Waiting between commands: 1s
[2025-11-13 23:01:49.249] Connected to 172.16.100.2:22
[2025-11-13 23:01:49.249] Creating shell stream with ANSI filtering
[2025-11-13 23:01:49.314] SSHClient Message: Waiting for shell initialization (2000ms)
[2025-11-13 23:01:49.377] Sending newline command 3/4
[2025-11-13 23:01:49.379] Sending newline command 3/4
[2025-11-13 23:01:49.379] Sending newline command 3/4
[2025-11-13 23:01:49.379] Waiting between sub-commands: 1s
[2025-11-13 23:01:49.412] Sending newline command 4/4
[2025-11-13 23:01:49.412] Sending newline command 4/4
[2025-11-13 23:01:49.412] Monitoring for EXACTLY 3 occurrences of: 'usa-rtr-1#'
[2025-11-13 23:01:49.412] PROMPT DETECTED: 4/3
[2025-11-13 23:01:49.412] TARGET REACHED: 4 prompts detected. STOPPING NOW.
[2025-11-13 23:01:49.412] SUCCESS: Command execution completed with 4/3 prompts
[2025-11-13 23:01:49.412] Shell command execution completed
[2025-11-13 23:01:49.412] Total shell command execution time: 3008.67ms
[2025-11-13 23:01:49.412] SSHClient Message: Waiting between commands: 1s
[2025-11-13 23:01:49.788] SSHClient Message: Command execution completed in 4022.69ms
[2025-11-13 23:01:49.788] Disconnecting from device
[2025-11-13 23:01:49.788] Successfully disconnected
[2025-11-13 23:01:50.382] Sending newline command 4/4
[2025-11-13 23:01:50.382] Sending newline command 4/4
[2025-11-13 23:01:50.382] Sending newline command 4/4
[2025-11-13 23:01:50.382] Sending newline command 4/4
[2025-11-13 23:01:50.384] Monitoring for EXACTLY 3 occurrences of: 'usa-rtr-1#'
[2025-11-13 23:01:50.384] Monitoring for EXACTLY 3 occurrences of: 'usa-rtr-1#'
[2025-11-13 23:01:50.384] PROMPT DETECTED: 4/3
[2025-11-13 23:01:50.384] PROMPT DETECTED: 4/3
[2025-11-13 23:01:50.384] TARGET REACHED: 4 prompts detected. STOPPING NOW.
[2025-11-13 23:01:50.384] TARGET REACHED: 4 prompts detected. STOPPING NOW.
[2025-11-13 23:01:50.384] SUCCESS: Command execution completed with 4/3 prompts
[2025-11-13 23:01:50.386] SUCCESS: Command execution completed with 4/3 prompts
[2025-11-13 23:01:50.386] Shell command execution completed
[2025-11-13 23:01:50.386] Shell command execution completed
[2025-11-13 23:01:50.386] Total shell command execution time: 3020.01ms
[2025-11-13 23:01:50.386] Total shell command execution time: 3020.01ms
[2025-11-13 23:01:50.386] SSHClient Message: Waiting between commands: 1s
[2025-11-13 23:01:50.386] SSHClient Message: Waiting between commands: 1s
[2025-11-13 23:01:50.418] SSHClient Message: Command execution completed in 4014.72ms
[2025-11-13 23:01:50.418] Disconnecting from device
[2025-11-13 23:01:50.418] Successfully disconnected
[2025-11-13 23:01:51.321] WARNING: No prompt pattern or expect prompt defined. Shell commands may not work correctly!
[2025-11-13 23:01:51.321] Attempting to auto-detect command prompt with ANSI filtering...
[2025-11-13 23:01:51.321] Sending single newline to trigger prompt
[2025-11-13 23:01:51.388] SSHClient Message: Command execution completed in 4022.67ms
[2025-11-13 23:01:51.390] Disconnecting from device
[2025-11-13 23:01:51.390] Disconnecting from device
[2025-11-13 23:01:51.390] Successfully disconnected
[2025-11-13 23:01:51.390] Successfully disconnected
[2025-11-13 23:01:57.343] Detected prompt: 'usa-rtr-1#'
[2025-11-13 23:01:57.343] Expect prompt set to: 'usa-rtr-1#'
[2025-11-13 23:01:57.343] SSHClient Message: Executing command: 'terminal length 0,show version,,'
[2025-11-13 23:01:57.343] Using shell mode for command execution with ANSI filtering
[2025-11-13 23:01:57.343] Sending command 1/4: 'terminal length 0'
[2025-11-13 23:01:57.343] Waiting between sub-commands: 1s
[2025-11-13 23:01:58.349] Sending command 2/4: 'show version'
[2025-11-13 23:01:58.349] Waiting between sub-commands: 1s
[2025-11-13 23:01:59.353] Sending newline command 3/4
[2025-11-13 23:01:59.353] Sending newline command 3/4
[2025-11-13 23:01:59.355] Waiting between sub-commands: 1s
[2025-11-13 23:02:00.359] Sending newline command 4/4
[2025-11-13 23:02:00.360] Sending newline command 4/4
[2025-11-13 23:02:00.360] Monitoring for EXACTLY 3 occurrences of: 'usa-rtr-1#'
[2025-11-13 23:02:00.360] PROMPT DETECTED: 4/3
[2025-11-13 23:02:00.360] TARGET REACHED: 4 prompts detected. STOPPING NOW.
[2025-11-13 23:02:00.360] SUCCESS: Command execution completed with 4/3 prompts
[2025-11-13 23:02:00.360] Shell command execution completed
[2025-11-13 23:02:00.360] Total shell command execution time: 3016.61ms
[2025-11-13 23:02:00.360] SSHClient Message: Waiting between commands: 1s
[2025-11-13 23:02:01.365] SSHClient Message: Command execution completed in 4022.14ms
[2025-11-13 23:02:01.365] Disconnecting from device
[2025-11-13 23:02:01.367] Successfully disconnected
[2025-11-13 23:03:36.852] Connecting to 172.16.100.2:22...
[2025-11-13 23:03:37.295] Connected to 172.16.100.2:22
[2025-11-13 23:03:37.295] Creating shell stream with ANSI filtering
[2025-11-13 23:03:37.364] SSHClient Message: Waiting for shell initialization (2000ms)
[2025-11-13 23:03:39.366] WARNING: No prompt pattern or expect prompt defined. Shell commands may not work correctly!
[2025-11-13 23:03:39.368] Attempting to auto-detect command prompt with ANSI filtering...
[2025-11-13 23:03:39.368] Sending single newline to trigger prompt
[2025-11-13 23:03:44.533] Connecting to 172.16.100.2:22...
[2025-11-13 23:03:44.972] Connected to 172.16.100.2:22
[2025-11-13 23:03:44.972] Creating shell stream with ANSI filtering
[2025-11-13 23:03:45.033] SSHClient Message: Waiting for shell initialization (2000ms)
[2025-11-13 23:03:45.393] Detected prompt: 'usa-rtr-1#'
[2025-11-13 23:03:45.393] Expect prompt set to: 'usa-rtr-1#'
[2025-11-13 23:03:45.394] SSHClient Message: Executing command: 'terminal length 0,show inventory,,'
[2025-11-13 23:03:45.394] Using shell mode for command execution with ANSI filtering
[2025-11-13 23:03:45.394] Sending command 1/4: 'terminal length 0'
[2025-11-13 23:03:45.394] Waiting between sub-commands: 1s
[2025-11-13 23:03:46.396] Sending command 2/4: 'show inventory'
[2025-11-13 23:03:46.396] Waiting between sub-commands: 1s
[2025-11-13 23:03:47.035] WARNING: No prompt pattern or expect prompt defined. Shell commands may not work correctly!
[2025-11-13 23:03:47.035] Attempting to auto-detect command prompt with ANSI filtering...
[2025-11-13 23:03:47.035] Sending single newline to trigger prompt
[2025-11-13 23:03:47.397] Sending newline command 3/4
[2025-11-13 23:03:47.397] Sending newline command 3/4
[2025-11-13 23:03:47.397] Waiting between sub-commands: 1s
[2025-11-13 23:03:48.399] Sending newline command 4/4
[2025-11-13 23:03:48.399] Sending newline command 4/4
[2025-11-13 23:03:48.401] Monitoring for EXACTLY 3 occurrences of: 'usa-rtr-1#'
[2025-11-13 23:03:48.404] PROMPT DETECTED: 4/3
[2025-11-13 23:03:48.404] TARGET REACHED: 4 prompts detected. STOPPING NOW.
[2025-11-13 23:03:48.404] SUCCESS: Command execution completed with 4/3 prompts
[2025-11-13 23:03:48.405] Shell command execution completed
[2025-11-13 23:03:48.405] Total shell command execution time: 3011.24ms
[2025-11-13 23:03:48.405] SSHClient Message: Waiting between commands: 1s
[2025-11-13 23:03:49.407] SSHClient Message: Command execution completed in 4013.19ms
[2025-11-13 23:03:49.407] Disconnecting from device
[2025-11-13 23:03:49.409] Successfully disconnected
[2025-11-13 23:03:53.061] Detected prompt: 'usa-rtr-1#'
[2025-11-13 23:03:53.063] Expect prompt set to: 'usa-rtr-1#'
[2025-11-13 23:03:53.063] SSHClient Message: Executing command: 'enable,terminal length 0,show inventory,,'
[2025-11-13 23:03:53.063] Using shell mode for command execution with ANSI filtering
[2025-11-13 23:03:53.063] Sending command 1/5: 'enable'
[2025-11-13 23:03:53.063] Waiting between sub-commands: 1s
[2025-11-13 23:03:54.067] Sending command 2/5: 'terminal length 0'
[2025-11-13 23:03:54.068] Waiting between sub-commands: 1s
[2025-11-13 23:03:55.071] Sending command 3/5: 'show inventory'
[2025-11-13 23:03:55.071] Waiting between sub-commands: 1s
[2025-11-13 23:03:56.074] Sending newline command 4/5
[2025-11-13 23:03:56.074] Sending newline command 4/5
[2025-11-13 23:03:56.075] Waiting between sub-commands: 1s
[2025-11-13 23:03:57.077] Sending newline command 5/5
[2025-11-13 23:03:57.079] Sending newline command 5/5
[2025-11-13 23:03:57.079] Monitoring for EXACTLY 4 occurrences of: 'usa-rtr-1#'
[2025-11-13 23:03:57.079] PROMPT DETECTED: 5/4
[2025-11-13 23:03:57.079] TARGET REACHED: 5 prompts detected. STOPPING NOW.
[2025-11-13 23:03:57.079] SUCCESS: Command execution completed with 5/4 prompts
[2025-11-13 23:03:57.079] Shell command execution completed
[2025-11-13 23:03:57.079] Total shell command execution time: 4016.43ms
[2025-11-13 23:03:57.079] SSHClient Message: Waiting between commands: 1s
[2025-11-13 23:03:58.086] SSHClient Message: Command execution completed in 5023.21ms
[2025-11-13 23:03:58.086] Disconnecting from device
[2025-11-13 23:03:58.086] Successfully disconnected
[2025-11-23 18:18:39.309] Connecting to 172.16.100.2:22...
[2025-11-23 18:18:39.909] Connected to 172.16.100.2:22
[2025-11-23 18:18:39.909] Creating shell stream with ANSI filtering
[2025-11-23 18:18:39.972] SSHClient Message: Waiting for shell initialization (2000ms)
[2025-11-23 18:18:39.972] Connecting to 172.16.100.2:22...
[2025-11-23 18:18:40.452] Connected to 172.16.100.2:22
[2025-11-23 18:18:40.452] Creating shell stream with ANSI filtering
[2025-11-23 18:18:40.510] SSHClient Message: Waiting for shell initialization (2000ms)
[2025-11-23 18:18:40.771] Connecting to 172.16.100.2:22...
[2025-11-23 18:18:41.519] Connected to 172.16.100.2:22
[2025-11-23 18:18:41.519] Creating shell stream with ANSI filtering
[2025-11-23 18:18:41.584] SSHClient Message: Waiting for shell initialization (2000ms)
[2025-11-23 18:18:41.982] WARNING: No prompt pattern or expect prompt defined. Shell commands may not work correctly!
[2025-11-23 18:18:41.982] Attempting to auto-detect command prompt with ANSI filtering...
[2025-11-23 18:18:41.982] Sending single newline to trigger prompt
[2025-11-23 18:18:42.140] Connecting to 172.16.100.2:22...
[2025-11-23 18:18:42.513] WARNING: No prompt pattern or expect prompt defined. Shell commands may not work correctly!
[2025-11-23 18:18:42.513] Attempting to auto-detect command prompt with ANSI filtering...
[2025-11-23 18:18:42.513] Sending single newline to trigger prompt
[2025-11-23 18:18:42.734] Connected to 172.16.100.2:22
[2025-11-23 18:18:42.734] Creating shell stream with ANSI filtering
[2025-11-23 18:18:42.798] SSHClient Message: Waiting for shell initialization (2000ms)
[2025-11-23 18:18:43.593] WARNING: No prompt pattern or expect prompt defined. Shell commands may not work correctly!
[2025-11-23 18:18:43.593] Attempting to auto-detect command prompt with ANSI filtering...
[2025-11-23 18:18:43.593] Sending single newline to trigger prompt
[2025-11-23 18:18:44.800] WARNING: No prompt pattern or expect prompt defined. Shell commands may not work correctly!
[2025-11-23 18:18:44.800] Attempting to auto-detect command prompt with ANSI filtering...
[2025-11-23 18:18:44.804] Sending single newline to trigger prompt
[2025-11-23 18:18:47.764] Connecting to 172.16.100.2:22...
[2025-11-23 18:18:48.000] Detected prompt: 'usa-rtr-1#'
[2025-11-23 18:18:48.000] Expect prompt set to: 'usa-rtr-1#'
[2025-11-23 18:18:48.000] SSHClient Message: Executing command: 'terminal length 0,show ip arp,,'
[2025-11-23 18:18:48.000] Using shell mode for command execution with ANSI filtering
[2025-11-23 18:18:48.000] Sending command 1/4: 'terminal length 0'
[2025-11-23 18:18:48.002] Waiting between sub-commands: 1s
[2025-11-23 18:18:48.383] Connected to 172.16.100.2:22
[2025-11-23 18:18:48.383] Creating shell stream with ANSI filtering
[2025-11-23 18:18:48.447] SSHClient Message: Waiting for shell initialization (2000ms)
[2025-11-23 18:18:48.529] Detected prompt: 'usa-rtr-1#'
[2025-11-23 18:18:48.529] Expect prompt set to: 'usa-rtr-1#'
[2025-11-23 18:18:48.529] SSHClient Message: Executing command: 'terminal length 0,show mac address-table,,'
[2025-11-23 18:18:48.529] Using shell mode for command execution with ANSI filtering
[2025-11-23 18:18:48.529] Sending command 1/4: 'terminal length 0'
[2025-11-23 18:18:48.529] Waiting between sub-commands: 1s
[2025-11-23 18:18:49.004] Sending command 2/4: 'show ip arp'
[2025-11-23 18:18:49.004] Waiting between sub-commands: 1s
[2025-11-23 18:18:49.536] Sending command 2/4: 'show mac address-table'
[2025-11-23 18:18:49.536] Waiting between sub-commands: 1s
[2025-11-23 18:18:49.610] Detected prompt: 'usa-rtr-1#'
[2025-11-23 18:18:49.610] Expect prompt set to: 'usa-rtr-1#'
[2025-11-23 18:18:49.610] SSHClient Message: Executing command: 'terminal length 0,show ip arp,,'
[2025-11-23 18:18:49.615] Using shell mode for command execution with ANSI filtering
[2025-11-23 18:18:49.615] Sending command 1/4: 'terminal length 0'
[2025-11-23 18:18:49.618] Waiting between sub-commands: 1s
[2025-11-23 18:18:50.007] Sending newline command 3/4
[2025-11-23 18:18:50.009] Sending newline command 3/4
[2025-11-23 18:18:50.009] Waiting between sub-commands: 1s
[2025-11-23 18:18:50.460] WARNING: No prompt pattern or expect prompt defined. Shell commands may not work correctly!
[2025-11-23 18:18:50.460] Attempting to auto-detect command prompt with ANSI filtering...
[2025-11-23 18:18:50.460] Sending single newline to trigger prompt
[2025-11-23 18:18:50.538] Sending newline command 3/4
[2025-11-23 18:18:50.538] Sending newline command 3/4
[2025-11-23 18:18:50.538] Waiting between sub-commands: 1s
[2025-11-23 18:18:50.620] Sending command 2/4: 'show ip arp'
[2025-11-23 18:18:50.620] Waiting between sub-commands: 1s
[2025-11-23 18:18:50.819] Detected prompt: 'usa-rtr-1#'
[2025-11-23 18:18:50.819] Expect prompt set to: 'usa-rtr-1#'
[2025-11-23 18:18:50.819] SSHClient Message: Executing command: 'terminal length 0,show running-config,,'
[2025-11-23 18:18:50.819] Using shell mode for command execution with ANSI filtering
[2025-11-23 18:18:50.819] Sending command 1/4: 'terminal length 0'
[2025-11-23 18:18:50.819] Waiting between sub-commands: 1s
[2025-11-23 18:18:51.012] Sending newline command 4/4
[2025-11-23 18:18:51.012] Sending newline command 4/4
[2025-11-23 18:18:51.012] Monitoring for EXACTLY 3 occurrences of: 'usa-rtr-1#'
[2025-11-23 18:18:51.012] PROMPT DETECTED: 4/3
[2025-11-23 18:18:51.012] TARGET REACHED: 4 prompts detected. STOPPING NOW.
[2025-11-23 18:18:51.012] SUCCESS: Command execution completed with 4/3 prompts
[2025-11-23 18:18:51.012] Shell command execution completed
[2025-11-23 18:18:51.012] Total shell command execution time: 3012.10ms
[2025-11-23 18:18:51.012] SSHClient Message: Waiting between commands: 1s
[2025-11-23 18:18:51.543] Sending newline command 4/4
[2025-11-23 18:18:51.543] Sending newline command 4/4
[2025-11-23 18:18:51.543] Monitoring for EXACTLY 3 occurrences of: 'usa-rtr-1#'
[2025-11-23 18:18:51.543] PROMPT DETECTED: 4/3
[2025-11-23 18:18:51.543] TARGET REACHED: 4 prompts detected. STOPPING NOW.
[2025-11-23 18:18:51.543] SUCCESS: Command execution completed with 4/3 prompts
[2025-11-23 18:18:51.543] Shell command execution completed
[2025-11-23 18:18:51.543] Total shell command execution time: 3013.78ms
[2025-11-23 18:18:51.543] SSHClient Message: Waiting between commands: 1s
[2025-11-23 18:18:51.623] Sending newline command 3/4
[2025-11-23 18:18:51.623] Sending newline command 3/4
[2025-11-23 18:18:51.623] Waiting between sub-commands: 1s
[2025-11-23 18:18:51.828] Sending command 2/4: 'show running-config'
[2025-11-23 18:18:51.828] Waiting between sub-commands: 1s
[2025-11-23 18:18:52.016] SSHClient Message: Command execution completed in 4015.56ms
[2025-11-23 18:18:52.016] Disconnecting from device
[2025-11-23 18:18:52.016] Successfully disconnected
[2025-11-23 18:18:52.549] SSHClient Message: Command execution completed in 4019.65ms
[2025-11-23 18:18:52.549] Disconnecting from device
[2025-11-23 18:18:52.549] Successfully disconnected
[2025-11-23 18:18:52.628] Sending newline command 4/4
[2025-11-23 18:18:52.628] Sending newline command 4/4
[2025-11-23 18:18:52.628] Monitoring for EXACTLY 3 occurrences of: 'usa-rtr-1#'
[2025-11-23 18:18:52.628] PROMPT DETECTED: 4/3
[2025-11-23 18:18:52.628] TARGET REACHED: 4 prompts detected. STOPPING NOW.
[2025-11-23 18:18:52.628] SUCCESS: Command execution completed with 4/3 prompts
[2025-11-23 18:18:52.628] Shell command execution completed
[2025-11-23 18:18:52.628] Total shell command execution time: 3012.83ms
[2025-11-23 18:18:52.628] SSHClient Message: Waiting between commands: 1s
[2025-11-23 18:18:52.832] Sending newline command 3/4
[2025-11-23 18:18:52.832] Sending newline command 3/4
[2025-11-23 18:18:52.832] Waiting between sub-commands: 1s
[2025-11-23 18:18:53.633] SSHClient Message: Command execution completed in 4018.31ms
[2025-11-23 18:18:53.633] Disconnecting from device
[2025-11-23 18:18:53.633] Successfully disconnected
[2025-11-23 18:18:53.834] Sending newline command 4/4
[2025-11-23 18:18:53.834] Sending newline command 4/4
[2025-11-23 18:18:53.834] Monitoring for EXACTLY 3 occurrences of: 'usa-rtr-1#'
[2025-11-23 18:18:53.834] PROMPT DETECTED: 4/3
[2025-11-23 18:18:53.834] TARGET REACHED: 4 prompts detected. STOPPING NOW.
[2025-11-23 18:18:53.834] SUCCESS: Command execution completed with 4/3 prompts
[2025-11-23 18:18:53.834] Shell command execution completed
[2025-11-23 18:18:53.834] Total shell command execution time: 3014.50ms
[2025-11-23 18:18:53.838] SSHClient Message: Waiting between commands: 1s
[2025-11-23 18:18:54.839] SSHClient Message: Command execution completed in 4019.77ms
[2025-11-23 18:18:54.839] Disconnecting from device
[2025-11-23 18:18:54.839] Successfully disconnected
[2025-11-23 18:18:56.478] Detected prompt: 'usa-rtr-1#'
[2025-11-23 18:18:56.478] Expect prompt set to: 'usa-rtr-1#'
[2025-11-23 18:18:56.478] SSHClient Message: Executing command: 'enable,terminal length 0,show running-config,,'
[2025-11-23 18:18:56.478] Using shell mode for command execution with ANSI filtering
[2025-11-23 18:18:56.478] Sending command 1/5: 'enable'
[2025-11-23 18:18:56.478] Waiting between sub-commands: 1s
[2025-11-23 18:18:57.484] Sending command 2/5: 'terminal length 0'
[2025-11-23 18:18:57.486] Waiting between sub-commands: 1s
[2025-11-23 18:18:58.488] Sending command 3/5: 'show running-config'
[2025-11-23 18:18:58.488] Waiting between sub-commands: 1s
[2025-11-23 18:18:59.492] Sending newline command 4/5
[2025-11-23 18:18:59.492] Sending newline command 4/5
[2025-11-23 18:18:59.492] Waiting between sub-commands: 1s
[2025-11-23 18:19:00.494] Sending newline command 5/5
[2025-11-23 18:19:00.494] Sending newline command 5/5
[2025-11-23 18:19:00.494] Monitoring for EXACTLY 4 occurrences of: 'usa-rtr-1#'
[2025-11-23 18:19:00.494] PROMPT DETECTED: 5/4
[2025-11-23 18:19:00.494] TARGET REACHED: 5 prompts detected. STOPPING NOW.
[2025-11-23 18:19:00.494] SUCCESS: Command execution completed with 5/4 prompts
[2025-11-23 18:19:00.494] Shell command execution completed
[2025-11-23 18:19:00.498] Total shell command execution time: 4020.40ms
[2025-11-23 18:19:00.498] SSHClient Message: Waiting between commands: 1s
[2025-11-23 18:19:01.500] SSHClient Message: Command execution completed in 5022.18ms
[2025-11-23 18:19:01.500] Disconnecting from device
[2025-11-23 18:19:01.500] Successfully disconnected
[2025-11-23 18:20:43.018] Connecting to 172.16.100.2:22...
[2025-11-23 18:20:43.492] Connected to 172.16.100.2:22
[2025-11-23 18:20:43.492] Creating shell stream with ANSI filtering
[2025-11-23 18:20:43.530] Connecting to 172.16.100.2:22...
[2025-11-23 18:20:43.546] SSHClient Message: Waiting for shell initialization (2000ms)
[2025-11-23 18:20:44.009] Connected to 172.16.100.2:22
[2025-11-23 18:20:44.009] Creating shell stream with ANSI filtering
[2025-11-23 18:20:44.057] SSHClient Message: Waiting for shell initialization (2000ms)
[2025-11-23 18:20:44.613] Connecting to 172.16.100.2:22...
[2025-11-23 18:20:45.202] Connected to 172.16.100.2:22
[2025-11-23 18:20:45.202] Creating shell stream with ANSI filtering
[2025-11-23 18:20:45.266] SSHClient Message: Waiting for shell initialization (2000ms)
[2025-11-23 18:20:45.557] WARNING: No prompt pattern or expect prompt defined. Shell commands may not work correctly!
[2025-11-23 18:20:45.557] Attempting to auto-detect command prompt with ANSI filtering...
[2025-11-23 18:20:45.557] Sending single newline to trigger prompt
[2025-11-23 18:20:46.072] WARNING: No prompt pattern or expect prompt defined. Shell commands may not work correctly!
[2025-11-23 18:20:46.072] Attempting to auto-detect command prompt with ANSI filtering...
[2025-11-23 18:20:46.072] Sending single newline to trigger prompt
[2025-11-23 18:20:47.273] WARNING: No prompt pattern or expect prompt defined. Shell commands may not work correctly!
[2025-11-23 18:20:47.273] Attempting to auto-detect command prompt with ANSI filtering...
[2025-11-23 18:20:47.273] Sending single newline to trigger prompt
[2025-11-23 18:20:49.362] Connecting to 172.16.100.2:22...
[2025-11-23 18:20:49.867] Connected to 172.16.100.2:22
[2025-11-23 18:20:49.867] Creating shell stream with ANSI filtering
[2025-11-23 18:20:49.919] SSHClient Message: Waiting for shell initialization (2000ms)
[2025-11-23 18:20:51.574] Detected prompt: 'usa-rtr-1#'
[2025-11-23 18:20:51.574] Expect prompt set to: 'usa-rtr-1#'
[2025-11-23 18:20:51.574] SSHClient Message: Executing command: 'terminal length 0,show lldp neighbors detail,,'
[2025-11-23 18:20:51.574] Using shell mode for command execution with ANSI filtering
[2025-11-23 18:20:51.579] Sending command 1/4: 'terminal length 0'
[2025-11-23 18:20:51.579] Waiting between sub-commands: 1s
[2025-11-23 18:20:51.932] WARNING: No prompt pattern or expect prompt defined. Shell commands may not work correctly!
[2025-11-23 18:20:51.932] Attempting to auto-detect command prompt with ANSI filtering...
[2025-11-23 18:20:51.932] Sending single newline to trigger prompt
[2025-11-23 18:20:52.086] Detected prompt: 'usa-rtr-1#'
[2025-11-23 18:20:52.086] Expect prompt set to: 'usa-rtr-1#'
[2025-11-23 18:20:52.086] SSHClient Message: Executing command: 'terminal length 0,show lldp neighbors detail,,'
[2025-11-23 18:20:52.086] Using shell mode for command execution with ANSI filtering
[2025-11-23 18:20:52.088] Sending command 1/4: 'terminal length 0'
[2025-11-23 18:20:52.088] Waiting between sub-commands: 1s
[2025-11-23 18:20:52.581] Sending command 2/4: 'show lldp neighbors detail'
[2025-11-23 18:20:52.581] Waiting between sub-commands: 1s
[2025-11-23 18:20:53.090] Sending command 2/4: 'show lldp neighbors detail'
[2025-11-23 18:20:53.090] Waiting between sub-commands: 1s
[2025-11-23 18:20:53.289] Detected prompt: 'usa-rtr-1#'
[2025-11-23 18:20:53.289] Expect prompt set to: 'usa-rtr-1#'
[2025-11-23 18:20:53.289] SSHClient Message: Executing command: 'terminal length 0,show mac address-table,,'
[2025-11-23 18:20:53.289] Using shell mode for command execution with ANSI filtering
[2025-11-23 18:20:53.289] Sending command 1/4: 'terminal length 0'
[2025-11-23 18:20:53.289] Waiting between sub-commands: 1s
[2025-11-23 18:20:53.584] Sending newline command 3/4
[2025-11-23 18:20:53.584] Sending newline command 3/4
[2025-11-23 18:20:53.584] Waiting between sub-commands: 1s
[2025-11-23 18:20:53.924] Connecting to 172.16.100.2:22...
[2025-11-23 18:20:54.094] Sending newline command 3/4
[2025-11-23 18:20:54.095] Sending newline command 3/4
[2025-11-23 18:20:54.095] Waiting between sub-commands: 1s
[2025-11-23 18:20:54.297] Sending command 2/4: 'show mac address-table'
[2025-11-23 18:20:54.297] Waiting between sub-commands: 1s
[2025-11-23 18:20:54.480] Connected to 172.16.100.2:22
[2025-11-23 18:20:54.480] Creating shell stream with ANSI filtering
[2025-11-23 18:20:54.527] SSHClient Message: Waiting for shell initialization (2000ms)
[2025-11-23 18:20:54.587] Sending newline command 4/4
[2025-11-23 18:20:54.587] Sending newline command 4/4
[2025-11-23 18:20:54.587] Monitoring for EXACTLY 3 occurrences of: 'usa-rtr-1#'
[2025-11-23 18:20:54.593] PROMPT DETECTED: 4/3
[2025-11-23 18:20:54.594] TARGET REACHED: 4 prompts detected. STOPPING NOW.
[2025-11-23 18:20:54.594] SUCCESS: Command execution completed with 4/3 prompts
[2025-11-23 18:20:54.594] Shell command execution completed
[2025-11-23 18:20:54.594] Total shell command execution time: 3015.35ms
[2025-11-23 18:20:54.594] SSHClient Message: Waiting between commands: 1s
[2025-11-23 18:20:55.098] Sending newline command 4/4
[2025-11-23 18:20:55.098] Sending newline command 4/4
[2025-11-23 18:20:55.100] Monitoring for EXACTLY 3 occurrences of: 'usa-rtr-1#'
[2025-11-23 18:20:55.100] PROMPT DETECTED: 4/3
[2025-11-23 18:20:55.100] TARGET REACHED: 4 prompts detected. STOPPING NOW.
[2025-11-23 18:20:55.100] SUCCESS: Command execution completed with 4/3 prompts
[2025-11-23 18:20:55.100] Shell command execution completed
[2025-11-23 18:20:55.100] Total shell command execution time: 3011.78ms
[2025-11-23 18:20:55.100] SSHClient Message: Waiting between commands: 1s
[2025-11-23 18:20:55.300] Sending newline command 3/4
[2025-11-23 18:20:55.300] Sending newline command 3/4
[2025-11-23 18:20:55.300] Waiting between sub-commands: 1s
[2025-11-23 18:20:55.599] SSHClient Message: Command execution completed in 4025.56ms
[2025-11-23 18:20:55.599] Disconnecting from device
[2025-11-23 18:20:55.599] Successfully disconnected
[2025-11-23 18:20:56.107] SSHClient Message: Command execution completed in 4020.09ms
[2025-11-23 18:20:56.107] Disconnecting from device
[2025-11-23 18:20:56.107] Successfully disconnected
[2025-11-23 18:20:56.305] Sending newline command 4/4
[2025-11-23 18:20:56.305] Sending newline command 4/4
[2025-11-23 18:20:56.305] Monitoring for EXACTLY 3 occurrences of: 'usa-rtr-1#'
[2025-11-23 18:20:56.305] PROMPT DETECTED: 4/3
[2025-11-23 18:20:56.305] TARGET REACHED: 4 prompts detected. STOPPING NOW.
[2025-11-23 18:20:56.305] SUCCESS: Command execution completed with 4/3 prompts
[2025-11-23 18:20:56.305] Shell command execution completed
[2025-11-23 18:20:56.305] Total shell command execution time: 3016.27ms
[2025-11-23 18:20:56.305] SSHClient Message: Waiting between commands: 1s
[2025-11-23 18:20:56.542] WARNING: No prompt pattern or expect prompt defined. Shell commands may not work correctly!
[2025-11-23 18:20:56.542] Attempting to auto-detect command prompt with ANSI filtering...
[2025-11-23 18:20:56.542] Sending single newline to trigger prompt
[2025-11-23 18:20:57.310] SSHClient Message: Command execution completed in 4021.40ms
[2025-11-23 18:20:57.310] Disconnecting from device
[2025-11-23 18:20:57.310] Successfully disconnected
[2025-11-23 18:20:57.947] Detected prompt: 'usa-rtr-1#'
[2025-11-23 18:20:57.947] Expect prompt set to: 'usa-rtr-1#'
[2025-11-23 18:20:57.947] SSHClient Message: Executing command: 'terminal length 0,show ip route,,'
[2025-11-23 18:20:57.947] Using shell mode for command execution with ANSI filtering
[2025-11-23 18:20:57.947] Sending command 1/4: 'terminal length 0'
[2025-11-23 18:20:57.947] Waiting between sub-commands: 1s
[2025-11-23 18:20:58.954] Sending command 2/4: 'show ip route'
[2025-11-23 18:20:58.954] Waiting between sub-commands: 1s
[2025-11-23 18:20:59.958] Sending newline command 3/4
[2025-11-23 18:20:59.958] Sending newline command 3/4
[2025-11-23 18:20:59.958] Waiting between sub-commands: 1s
[2025-11-23 18:21:00.960] Sending newline command 4/4
[2025-11-23 18:21:00.960] Sending newline command 4/4
[2025-11-23 18:21:00.960] Monitoring for EXACTLY 3 occurrences of: 'usa-rtr-1#'
[2025-11-23 18:21:00.960] PROMPT DETECTED: 4/3
[2025-11-23 18:21:00.960] TARGET REACHED: 4 prompts detected. STOPPING NOW.
[2025-11-23 18:21:00.960] SUCCESS: Command execution completed with 4/3 prompts
[2025-11-23 18:21:00.960] Shell command execution completed
[2025-11-23 18:21:00.960] Total shell command execution time: 3012.78ms
[2025-11-23 18:21:00.960] SSHClient Message: Waiting between commands: 1s
[2025-11-23 18:21:01.964] SSHClient Message: Command execution completed in 4016.89ms
[2025-11-23 18:21:01.964] Disconnecting from device
[2025-11-23 18:21:01.964] Successfully disconnected
[2025-11-23 18:21:02.560] Detected prompt: 'usa-rtr-1#'
[2025-11-23 18:21:02.560] Expect prompt set to: 'usa-rtr-1#'
[2025-11-23 18:21:02.560] SSHClient Message: Executing command: 'terminal length 0,show ip route,,'
[2025-11-23 18:21:02.564] Using shell mode for command execution with ANSI filtering
[2025-11-23 18:21:02.564] Sending command 1/4: 'terminal length 0'
[2025-11-23 18:21:02.564] Waiting between sub-commands: 1s
[2025-11-23 18:21:03.568] Sending command 2/4: 'show ip route'
[2025-11-23 18:21:03.568] Waiting between sub-commands: 1s
[2025-11-23 18:21:04.572] Sending newline command 3/4
[2025-11-23 18:21:04.574] Sending newline command 3/4
[2025-11-23 18:21:04.574] Waiting between sub-commands: 1s
[2025-11-23 18:21:05.577] Sending newline command 4/4
[2025-11-23 18:21:05.577] Sending newline command 4/4
[2025-11-23 18:21:05.577] Monitoring for EXACTLY 3 occurrences of: 'usa-rtr-1#'
[2025-11-23 18:21:05.581] PROMPT DETECTED: 4/3
[2025-11-23 18:21:05.581] TARGET REACHED: 4 prompts detected. STOPPING NOW.
[2025-11-23 18:21:05.581] SUCCESS: Command execution completed with 4/3 prompts
[2025-11-23 18:21:05.581] Shell command execution completed
[2025-11-23 18:21:05.581] Total shell command execution time: 3016.87ms
[2025-11-23 18:21:05.581] SSHClient Message: Waiting between commands: 1s
[2025-11-23 18:21:06.585] SSHClient Message: Command execution completed in 4021.16ms
[2025-11-23 18:21:06.585] Disconnecting from device
[2025-11-23 18:21:06.585] Successfully disconnected
[2025-11-23 18:22:44.444] Connecting to 172.16.100.2:22...
[2025-11-23 18:22:44.936] Connecting to 172.16.100.2:22...
[2025-11-23 18:22:44.975] Connected to 172.16.100.2:22
[2025-11-23 18:22:44.975] Creating shell stream with ANSI filtering
[2025-11-23 18:22:45.044] SSHClient Message: Waiting for shell initialization (2000ms)
[2025-11-23 18:22:45.362] Connected to 172.16.100.2:22
[2025-11-23 18:22:45.362] Creating shell stream with ANSI filtering
[2025-11-23 18:22:45.420] SSHClient Message: Waiting for shell initialization (2000ms)
[2025-11-23 18:22:47.052] WARNING: No prompt pattern or expect prompt defined. Shell commands may not work correctly!
[2025-11-23 18:22:47.052] Attempting to auto-detect command prompt with ANSI filtering...
[2025-11-23 18:22:47.052] Sending single newline to trigger prompt
[2025-11-23 18:22:47.425] WARNING: No prompt pattern or expect prompt defined. Shell commands may not work correctly!
[2025-11-23 18:22:47.425] Attempting to auto-detect command prompt with ANSI filtering...
[2025-11-23 18:22:47.425] Sending single newline to trigger prompt
[2025-11-23 18:22:52.651] Connecting to 172.16.100.2:22...
[2025-11-23 18:22:53.066] Detected prompt: 'usa-rtr-1#'
[2025-11-23 18:22:53.067] Expect prompt set to: 'usa-rtr-1#'
[2025-11-23 18:22:53.067] SSHClient Message: Executing command: 'terminal length 0,show version,,'
[2025-11-23 18:22:53.067] Using shell mode for command execution with ANSI filtering
[2025-11-23 18:22:53.067] Sending command 1/4: 'terminal length 0'
[2025-11-23 18:22:53.067] Waiting between sub-commands: 1s
[2025-11-23 18:22:53.284] Connected to 172.16.100.2:22
[2025-11-23 18:22:53.284] Creating shell stream with ANSI filtering
[2025-11-23 18:22:53.351] SSHClient Message: Waiting for shell initialization (2000ms)
[2025-11-23 18:22:53.438] Detected prompt: 'usa-rtr-1#'
[2025-11-23 18:22:53.438] Expect prompt set to: 'usa-rtr-1#'
[2025-11-23 18:22:53.438] SSHClient Message: Executing command: 'terminal length 0,show version,,'
[2025-11-23 18:22:53.438] Using shell mode for command execution with ANSI filtering
[2025-11-23 18:22:53.438] Sending command 1/4: 'terminal length 0'
[2025-11-23 18:22:53.438] Waiting between sub-commands: 1s
[2025-11-23 18:22:53.731] Connecting to 172.16.100.2:22...
[2025-11-23 18:22:54.071] Sending command 2/4: 'show version'
[2025-11-23 18:22:54.071] Waiting between sub-commands: 1s
[2025-11-23 18:22:54.150] Connected to 172.16.100.2:22
[2025-11-23 18:22:54.150] Creating shell stream with ANSI filtering
[2025-11-23 18:22:54.214] SSHClient Message: Waiting for shell initialization (2000ms)
[2025-11-23 18:22:54.442] Sending command 2/4: 'show version'
[2025-11-23 18:22:54.442] Waiting between sub-commands: 1s
[2025-11-23 18:22:55.073] Sending newline command 3/4
[2025-11-23 18:22:55.073] Sending newline command 3/4
[2025-11-23 18:22:55.073] Waiting between sub-commands: 1s
[2025-11-23 18:22:55.354] WARNING: No prompt pattern or expect prompt defined. Shell commands may not work correctly!
[2025-11-23 18:22:55.354] Attempting to auto-detect command prompt with ANSI filtering...
[2025-11-23 18:22:55.354] Sending single newline to trigger prompt
[2025-11-23 18:22:55.444] Sending newline command 3/4
[2025-11-23 18:22:55.444] Sending newline command 3/4
[2025-11-23 18:22:55.444] Waiting between sub-commands: 1s
[2025-11-23 18:22:56.075] Sending newline command 4/4
[2025-11-23 18:22:56.075] Sending newline command 4/4
[2025-11-23 18:22:56.075] Monitoring for EXACTLY 3 occurrences of: 'usa-rtr-1#'
[2025-11-23 18:22:56.075] PROMPT DETECTED: 4/3
[2025-11-23 18:22:56.077] TARGET REACHED: 4 prompts detected. STOPPING NOW.
[2025-11-23 18:22:56.077] SUCCESS: Command execution completed with 4/3 prompts
[2025-11-23 18:22:56.077] Shell command execution completed
[2025-11-23 18:22:56.077] Total shell command execution time: 3009.46ms
[2025-11-23 18:22:56.077] SSHClient Message: Waiting between commands: 1s
[2025-11-23 18:22:56.221] WARNING: No prompt pattern or expect prompt defined. Shell commands may not work correctly!
[2025-11-23 18:22:56.222] Attempting to auto-detect command prompt with ANSI filtering...
[2025-11-23 18:22:56.222] Sending single newline to trigger prompt
[2025-11-23 18:22:56.446] Sending newline command 4/4
[2025-11-23 18:22:56.446] Sending newline command 4/4
[2025-11-23 18:22:56.446] Monitoring for EXACTLY 3 occurrences of: 'usa-rtr-1#'
[2025-11-23 18:22:56.446] PROMPT DETECTED: 4/3
[2025-11-23 18:22:56.452] TARGET REACHED: 4 prompts detected. STOPPING NOW.
[2025-11-23 18:22:56.452] SUCCESS: Command execution completed with 4/3 prompts
[2025-11-23 18:22:56.452] Shell command execution completed
[2025-11-23 18:22:56.452] Total shell command execution time: 3014.29ms
[2025-11-23 18:22:56.452] SSHClient Message: Waiting between commands: 1s
[2025-11-23 18:22:57.079] SSHClient Message: Command execution completed in 4011.49ms
[2025-11-23 18:22:57.080] Disconnecting from device
[2025-11-23 18:22:57.080] Successfully disconnected
[2025-11-23 18:22:57.459] SSHClient Message: Command execution completed in 4021.24ms
[2025-11-23 18:22:57.459] Disconnecting from device
[2025-11-23 18:22:57.459] Successfully disconnected
[2025-11-23 18:23:01.369] Detected prompt: 'usa-rtr-1#'
[2025-11-23 18:23:01.371] Expect prompt set to: 'usa-rtr-1#'
[2025-11-23 18:23:01.373] SSHClient Message: Executing command: 'terminal length 0,show inventory,,'
[2025-11-23 18:23:01.374] Using shell mode for command execution with ANSI filtering
[2025-11-23 18:23:01.374] Sending command 1/4: 'terminal length 0'
[2025-11-23 18:23:01.376] Waiting between sub-commands: 1s
[2025-11-23 18:23:02.237] Detected prompt: 'usa-rtr-1#'
[2025-11-23 18:23:02.238] Expect prompt set to: 'usa-rtr-1#'
[2025-11-23 18:23:02.238] SSHClient Message: Executing command: 'enable,terminal length 0,show inventory,,'
[2025-11-23 18:23:02.238] Using shell mode for command execution with ANSI filtering
[2025-11-23 18:23:02.238] Sending command 1/5: 'enable'
[2025-11-23 18:23:02.245] Waiting between sub-commands: 1s
[2025-11-23 18:23:02.379] Sending command 2/4: 'show inventory'
[2025-11-23 18:23:02.379] Waiting between sub-commands: 1s
[2025-11-23 18:23:03.247] Sending command 2/5: 'terminal length 0'
[2025-11-23 18:23:03.247] Waiting between sub-commands: 1s
[2025-11-23 18:23:03.382] Sending newline command 3/4
[2025-11-23 18:23:03.384] Sending newline command 3/4
[2025-11-23 18:23:03.384] Waiting between sub-commands: 1s
[2025-11-23 18:23:04.248] Sending command 3/5: 'show inventory'
[2025-11-23 18:23:04.248] Waiting between sub-commands: 1s
[2025-11-23 18:23:04.387] Sending newline command 4/4
[2025-11-23 18:23:04.389] Sending newline command 4/4
[2025-11-23 18:23:04.390] Monitoring for EXACTLY 3 occurrences of: 'usa-rtr-1#'
[2025-11-23 18:23:04.392] PROMPT DETECTED: 4/3
[2025-11-23 18:23:04.392] TARGET REACHED: 4 prompts detected. STOPPING NOW.
[2025-11-23 18:23:04.392] SUCCESS: Command execution completed with 4/3 prompts
[2025-11-23 18:23:04.392] Shell command execution completed
[2025-11-23 18:23:04.392] Total shell command execution time: 3017.35ms
[2025-11-23 18:23:04.392] SSHClient Message: Waiting between commands: 1s
[2025-11-23 18:23:05.250] Sending newline command 4/5
[2025-11-23 18:23:05.250] Sending newline command 4/5
[2025-11-23 18:23:05.250] Waiting between sub-commands: 1s
[2025-11-23 18:23:05.400] SSHClient Message: Command execution completed in 4025.95ms
[2025-11-23 18:23:05.402] Disconnecting from device
[2025-11-23 18:23:05.402] Successfully disconnected
[2025-11-23 18:23:06.255] Sending newline command 5/5
[2025-11-23 18:23:06.255] Sending newline command 5/5
[2025-11-23 18:23:06.256] Monitoring for EXACTLY 4 occurrences of: 'usa-rtr-1#'
[2025-11-23 18:23:06.257] PROMPT DETECTED: 5/4
[2025-11-23 18:23:06.257] TARGET REACHED: 5 prompts detected. STOPPING NOW.
[2025-11-23 18:23:06.257] SUCCESS: Command execution completed with 5/4 prompts
[2025-11-23 18:23:06.257] Shell command execution completed
[2025-11-23 18:23:06.257] Total shell command execution time: 4018.98ms
[2025-11-23 18:23:06.257] SSHClient Message: Waiting between commands: 1s
[2025-11-23 18:23:07.261] SSHClient Message: Command execution completed in 5022.85ms
[2025-11-23 18:23:07.261] Disconnecting from device
[2025-11-23 18:23:07.263] Successfully disconnected
